{"/Users/aditya/Desktop/ludo-arena-pro-main/backend/src/app.controller.ts": {"path":"/Users/aditya/Desktop/ludo-arena-pro-main/backend/src/app.controller.ts","statementMap":{"0":{"start":{"line":1,"column":0},"end":{"line":1,"column":49}},"1":{"start":{"line":2,"column":0},"end":{"line":2,"column":43}},"2":{"start":{"line":5,"column":7},"end":{"line":12,"column":null}},"3":{"start":{"line":6,"column":31},"end":{"line":6,"column":43}},"4":{"start":{"line":10,"column":4},"end":{"line":10,"column":38}},"5":{"start":{"line":5,"column":13},"end":{"line":5,"column":26}},"6":{"start":{"line":9,"column":2},"end":{"line":11,"column":null}},"7":{"start":{"line":5,"column":13},"end":{"line":12,"column":null}}},"fnMap":{"0":{"name":"(anonymous_2)","decl":{"start":{"line":6,"column":2},"end":{"line":6,"column":31}},"loc":{"start":{"line":6,"column":53},"end":{"line":6,"column":57}}},"1":{"name":"(anonymous_3)","decl":{"start":{"line":9,"column":2},"end":{"line":9,"column":10}},"loc":{"start":{"line":9,"column":10},"end":{"line":11,"column":3}}}},"branchMap":{"0":{"loc":{"start":{"line":6,"column":43},"end":{"line":6,"column":56}},"type":"cond-expr","locations":[{"start":{"line":6,"column":53},"end":{"line":6,"column":56}},{"start":{"line":6,"column":53},"end":{"line":6,"column":56}}]},"1":{"loc":{"start":{"line":6,"column":43},"end":{"line":6,"column":53}},"type":"binary-expr","locations":[{"start":{"line":6,"column":43},"end":{"line":6,"column":56}},{"start":{"line":6,"column":43},"end":{"line":6,"column":53}}]}},"s":{"0":0,"1":0,"2":0,"3":0,"4":0,"5":0,"6":0,"7":0},"f":{"0":0,"1":0},"b":{"0":[0,0],"1":[0,0]}}
,"/Users/aditya/Desktop/ludo-arena-pro-main/backend/src/app.module.ts": {"path":"/Users/aditya/Desktop/ludo-arena-pro-main/backend/src/app.module.ts","statementMap":{"0":{"start":{"line":1,"column":0},"end":{"line":1,"column":75}},"1":{"start":{"line":2,"column":0},"end":{"line":2,"column":46}},"2":{"start":{"line":3,"column":0},"end":{"line":3,"column":52}},"3":{"start":{"line":4,"column":0},"end":{"line":4,"column":49}},"4":{"start":{"line":5,"column":0},"end":{"line":5,"column":43}},"5":{"start":{"line":6,"column":0},"end":{"line":6,"column":54}},"6":{"start":{"line":7,"column":0},"end":{"line":7,"column":51}},"7":{"start":{"line":8,"column":0},"end":{"line":8,"column":48}},"8":{"start":{"line":9,"column":0},"end":{"line":9,"column":54}},"9":{"start":{"line":10,"column":0},"end":{"line":10,"column":50}},"10":{"start":{"line":11,"column":0},"end":{"line":11,"column":80}},"11":{"start":{"line":12,"column":0},"end":{"line":12,"column":88}},"12":{"start":{"line":13,"column":0},"end":{"line":13,"column":51}},"13":{"start":{"line":14,"column":0},"end":{"line":14,"column":54}},"14":{"start":{"line":15,"column":0},"end":{"line":15,"column":51}},"15":{"start":{"line":16,"column":0},"end":{"line":16,"column":60}},"16":{"start":{"line":17,"column":0},"end":{"line":17,"column":57}},"17":{"start":{"line":18,"column":0},"end":{"line":18,"column":66}},"18":{"start":{"line":38,"column":7},"end":{"line":44,"column":null}},"19":{"start":{"line":40,"column":4},"end":{"line":42,"column":59}},"20":{"start":{"line":38,"column":13},"end":{"line":38,"column":22}},"21":{"start":{"line":38,"column":13},"end":{"line":44,"column":null}}},"fnMap":{"0":{"name":"(anonymous_1)","decl":{"start":{"line":39,"column":2},"end":{"line":39,"column":11}},"loc":{"start":{"line":39,"column":40},"end":{"line":43,"column":3}}}},"branchMap":{},"s":{"0":0,"1":0,"2":0,"3":0,"4":0,"5":0,"6":0,"7":0,"8":0,"9":0,"10":0,"11":0,"12":0,"13":0,"14":0,"15":0,"16":0,"17":0,"18":0,"19":0,"20":0,"21":0},"f":{"0":0},"b":{}}
,"/Users/aditya/Desktop/ludo-arena-pro-main/backend/src/app.service.ts": {"path":"/Users/aditya/Desktop/ludo-arena-pro-main/backend/src/app.service.ts","statementMap":{"0":{"start":{"line":1,"column":0},"end":{"line":1,"column":44}},"1":{"start":{"line":4,"column":7},"end":{"line":8,"column":null}},"2":{"start":{"line":6,"column":4},"end":{"line":6,"column":26}},"3":{"start":{"line":4,"column":13},"end":{"line":4,"column":23}},"4":{"start":{"line":4,"column":13},"end":{"line":8,"column":null}}},"fnMap":{"0":{"name":"(anonymous_1)","decl":{"start":{"line":5,"column":2},"end":{"line":5,"column":10}},"loc":{"start":{"line":5,"column":10},"end":{"line":7,"column":3}}}},"branchMap":{},"s":{"0":0,"1":0,"2":0,"3":0,"4":0},"f":{"0":0},"b":{}}
,"/Users/aditya/Desktop/ludo-arena-pro-main/backend/src/main.ts": {"path":"/Users/aditya/Desktop/ludo-arena-pro-main/backend/src/main.ts","statementMap":{"0":{"start":{"line":1,"column":0},"end":{"line":1,"column":43}},"1":{"start":{"line":2,"column":0},"end":{"line":2,"column":41}},"2":{"start":{"line":3,"column":0},"end":{"line":3,"column":64}},"3":{"start":{"line":4,"column":0},"end":{"line":4,"column":65}},"4":{"start":{"line":5,"column":0},"end":{"line":5,"column":28}},"5":{"start":{"line":6,"column":0},"end":{"line":6,"column":43}},"6":{"start":{"line":7,"column":0},"end":{"line":7,"column":63}},"7":{"start":{"line":8,"column":0},"end":{"line":8,"column":77}},"8":{"start":{"line":9,"column":0},"end":{"line":9,"column":81}},"9":{"start":{"line":12,"column":14},"end":{"line":14,"column":4}},"10":{"start":{"line":16,"column":2},"end":{"line":16,"column":19}},"11":{"start":{"line":17,"column":2},"end":{"line":17,"column":20}},"12":{"start":{"line":18,"column":2},"end":{"line":18,"column":34}},"13":{"start":{"line":20,"column":2},"end":{"line":23,"column":5}},"14":{"start":{"line":25,"column":2},"end":{"line":25,"column":28}},"15":{"start":{"line":27,"column":2},"end":{"line":27,"column":50}},"16":{"start":{"line":28,"column":2},"end":{"line":28,"column":55}},"17":{"start":{"line":30,"column":2},"end":{"line":36,"column":4}},"18":{"start":{"line":38,"column":17},"end":{"line":43,"column":12}},"19":{"start":{"line":45,"column":19},"end":{"line":45,"column":60}},"20":{"start":{"line":46,"column":2},"end":{"line":46,"column":52}},"21":{"start":{"line":48,"column":2},"end":{"line":48,"column":45}},"22":{"start":{"line":50,"column":0},"end":{"line":50,"column":12}}},"fnMap":{"0":{"name":"bootstrap","decl":{"start":{"line":11,"column":15},"end":{"line":11,"column":24}},"loc":{"start":{"line":11,"column":24},"end":{"line":49,"column":1}}}},"branchMap":{"0":{"loc":{"start":{"line":48,"column":19},"end":{"line":48,"column":43}},"type":"binary-expr","locations":[{"start":{"line":48,"column":19},"end":{"line":48,"column":35}},{"start":{"line":48,"column":39},"end":{"line":48,"column":43}}]}},"s":{"0":0,"1":0,"2":0,"3":0,"4":0,"5":0,"6":0,"7":0,"8":0,"9":0,"10":0,"11":0,"12":0,"13":0,"14":0,"15":0,"16":0,"17":0,"18":0,"19":0,"20":0,"21":0,"22":0},"f":{"0":0},"b":{"0":[0,0]}}
,"/Users/aditya/Desktop/ludo-arena-pro-main/backend/src/admin/admin.module.ts": {"path":"/Users/aditya/Desktop/ludo-arena-pro-main/backend/src/admin/admin.module.ts","statementMap":{"0":{"start":{"line":1,"column":0},"end":{"line":1,"column":40}},"1":{"start":{"line":2,"column":0},"end":{"line":2,"column":79}},"2":{"start":{"line":3,"column":0},"end":{"line":3,"column":85}},"3":{"start":{"line":4,"column":0},"end":{"line":4,"column":82}},"4":{"start":{"line":5,"column":0},"end":{"line":5,"column":55}},"5":{"start":{"line":6,"column":0},"end":{"line":6,"column":61}},"6":{"start":{"line":7,"column":0},"end":{"line":7,"column":58}},"7":{"start":{"line":8,"column":0},"end":{"line":8,"column":91}},"8":{"start":{"line":9,"column":0},"end":{"line":9,"column":67}},"9":{"start":{"line":15,"column":7},"end":{"line":15,"column":null}},"10":{"start":{"line":15,"column":13},"end":{"line":15,"column":24}},"11":{"start":{"line":15,"column":13},"end":{"line":15,"column":null}}},"fnMap":{},"branchMap":{},"s":{"0":0,"1":0,"2":0,"3":0,"4":0,"5":0,"6":0,"7":0,"8":0,"9":0,"10":0,"11":0},"f":{},"b":{}}
,"/Users/aditya/Desktop/ludo-arena-pro-main/backend/src/admin/admin-deposit/admin-deposit.controller.ts": {"path":"/Users/aditya/Desktop/ludo-arena-pro-main/backend/src/admin/admin-deposit/admin-deposit.controller.ts","statementMap":{"0":{"start":{"line":1,"column":0},"end":{"line":1,"column":100}},"1":{"start":{"line":2,"column":0},"end":{"line":2,"column":81}},"2":{"start":{"line":3,"column":0},"end":{"line":3,"column":63}},"3":{"start":{"line":4,"column":0},"end":{"line":4,"column":64}},"4":{"start":{"line":5,"column":0},"end":{"line":5,"column":59}},"5":{"start":{"line":6,"column":0},"end":{"line":6,"column":62}},"6":{"start":{"line":7,"column":0},"end":{"line":7,"column":38}},"7":{"start":{"line":8,"column":0},"end":{"line":8,"column":55}},"8":{"start":{"line":9,"column":0},"end":{"line":9,"column":75}},"9":{"start":{"line":14,"column":2},"end":{"line":14,"column":null}},"10":{"start":{"line":22,"column":7},"end":{"line":60,"column":null}},"11":{"start":{"line":23,"column":31},"end":{"line":23,"column":47}},"12":{"start":{"line":33,"column":4},"end":{"line":33,"column":73}},"13":{"start":{"line":39,"column":4},"end":{"line":39,"column":60}},"14":{"start":{"line":48,"column":4},"end":{"line":48,"column":66}},"15":{"start":{"line":58,"column":4},"end":{"line":58,"column":77}},"16":{"start":{"line":22,"column":13},"end":{"line":22,"column":35}},"17":{"start":{"line":29,"column":8},"end":{"line":34,"column":null}},"18":{"start":{"line":38,"column":8},"end":{"line":40,"column":null}},"19":{"start":{"line":44,"column":8},"end":{"line":49,"column":null}},"20":{"start":{"line":53,"column":8},"end":{"line":59,"column":null}},"21":{"start":{"line":22,"column":13},"end":{"line":60,"column":null}}},"fnMap":{"0":{"name":"(anonymous_4)","decl":{"start":{"line":23,"column":2},"end":{"line":23,"column":31}},"loc":{"start":{"line":23,"column":61},"end":{"line":23,"column":65}}},"1":{"name":"(anonymous_5)","decl":{"start":{"line":29,"column":8},"end":{"line":29,"column":18}},"loc":{"start":{"line":31,"column":70},"end":{"line":34,"column":3}}},"2":{"name":"(anonymous_6)","decl":{"start":{"line":38,"column":8},"end":{"line":38,"column":18}},"loc":{"start":{"line":38,"column":49},"end":{"line":40,"column":3}}},"3":{"name":"(anonymous_7)","decl":{"start":{"line":44,"column":8},"end":{"line":44,"column":15}},"loc":{"start":{"line":46,"column":42},"end":{"line":49,"column":3}}},"4":{"name":"(anonymous_8)","decl":{"start":{"line":53,"column":8},"end":{"line":53,"column":14}},"loc":{"start":{"line":56,"column":42},"end":{"line":59,"column":3}}}},"branchMap":{"0":{"loc":{"start":{"line":33,"column":50},"end":{"line":33,"column":59}},"type":"binary-expr","locations":[{"start":{"line":33,"column":50},"end":{"line":33,"column":54}},{"start":{"line":33,"column":58},"end":{"line":33,"column":59}}]},"1":{"loc":{"start":{"line":33,"column":61},"end":{"line":33,"column":71}},"type":"binary-expr","locations":[{"start":{"line":33,"column":61},"end":{"line":33,"column":65}},{"start":{"line":33,"column":69},"end":{"line":33,"column":71}}]},"2":{"loc":{"start":{"line":23,"column":47},"end":{"line":23,"column":64}},"type":"cond-expr","locations":[{"start":{"line":23,"column":61},"end":{"line":23,"column":64}},{"start":{"line":23,"column":61},"end":{"line":23,"column":64}}]},"3":{"loc":{"start":{"line":23,"column":47},"end":{"line":23,"column":61}},"type":"binary-expr","locations":[{"start":{"line":23,"column":47},"end":{"line":23,"column":64}},{"start":{"line":23,"column":47},"end":{"line":23,"column":61}}]}},"s":{"0":0,"1":0,"2":0,"3":0,"4":0,"5":0,"6":0,"7":0,"8":0,"9":0,"10":0,"11":0,"12":0,"13":0,"14":0,"15":0,"16":0,"17":0,"18":0,"19":0,"20":0,"21":0},"f":{"0":0,"1":0,"2":0,"3":0,"4":0},"b":{"0":[0,0],"1":[0,0],"2":[0,0],"3":[0,0]}}
,"/Users/aditya/Desktop/ludo-arena-pro-main/backend/src/admin/admin-referral/admin-referral.controller.ts": {"path":"/Users/aditya/Desktop/ludo-arena-pro-main/backend/src/admin/admin-referral/admin-referral.controller.ts","statementMap":{"0":{"start":{"line":1,"column":0},"end":{"line":1,"column":71}},"1":{"start":{"line":2,"column":0},"end":{"line":2,"column":71}},"2":{"start":{"line":3,"column":0},"end":{"line":3,"column":95}},"3":{"start":{"line":4,"column":0},"end":{"line":4,"column":64}},"4":{"start":{"line":5,"column":0},"end":{"line":5,"column":59}},"5":{"start":{"line":6,"column":0},"end":{"line":6,"column":62}},"6":{"start":{"line":7,"column":0},"end":{"line":7,"column":50}},"7":{"start":{"line":8,"column":0},"end":{"line":8,"column":84}},"8":{"start":{"line":9,"column":0},"end":{"line":9,"column":40}},"9":{"start":{"line":11,"column":0},"end":{"line":11,"column":13}},"10":{"start":{"line":12,"column":29},"end":{"line":12,"column":null}},"11":{"start":{"line":13,"column":28},"end":{"line":13,"column":null}},"12":{"start":{"line":14,"column":36},"end":{"line":14,"column":null}},"13":{"start":{"line":15,"column":28},"end":{"line":15,"column":null}},"14":{"start":{"line":16,"column":28},"end":{"line":16,"column":null}},"15":{"start":{"line":24,"column":7},"end":{"line":45,"column":null}},"16":{"start":{"line":25,"column":31},"end":{"line":25,"column":46}},"17":{"start":{"line":30,"column":4},"end":{"line":30,"column":42}},"18":{"start":{"line":36,"column":28},"end":{"line":36,"column":30}},"19":{"start":{"line":37,"column":4},"end":{"line":37,"column":74}},"20":{"start":{"line":37,"column":37},"end":{"line":37,"column":74}},"21":{"start":{"line":38,"column":4},"end":{"line":38,"column":103}},"22":{"start":{"line":38,"column":40},"end":{"line":38,"column":103}},"23":{"start":{"line":39,"column":4},"end":{"line":39,"column":81}},"24":{"start":{"line":39,"column":30},"end":{"line":39,"column":81}},"25":{"start":{"line":40,"column":4},"end":{"line":40,"column":75}},"26":{"start":{"line":40,"column":28},"end":{"line":40,"column":75}},"27":{"start":{"line":41,"column":4},"end":{"line":41,"column":106}},"28":{"start":{"line":41,"column":41},"end":{"line":41,"column":106}},"29":{"start":{"line":43,"column":4},"end":{"line":43,"column":55}},"30":{"start":{"line":24,"column":13},"end":{"line":24,"column":36}},"31":{"start":{"line":29,"column":8},"end":{"line":31,"column":null}},"32":{"start":{"line":35,"column":8},"end":{"line":44,"column":null}},"33":{"start":{"line":24,"column":13},"end":{"line":45,"column":null}}},"fnMap":{"0":{"name":"(anonymous_4)","decl":{"start":{"line":25,"column":2},"end":{"line":25,"column":31}},"loc":{"start":{"line":25,"column":67},"end":{"line":25,"column":71}}},"1":{"name":"(anonymous_5)","decl":{"start":{"line":29,"column":8},"end":{"line":29,"column":17}},"loc":{"start":{"line":29,"column":17},"end":{"line":31,"column":3}}},"2":{"name":"(anonymous_6)","decl":{"start":{"line":35,"column":8},"end":{"line":35,"column":20}},"loc":{"start":{"line":35,"column":57},"end":{"line":44,"column":3}}}},"branchMap":{"0":{"loc":{"start":{"line":14,"column":55},"end":{"line":14,"column":66}},"type":"cond-expr","locations":[{"start":{"line":14,"column":65},"end":{"line":14,"column":66}},{"start":{"line":14,"column":65},"end":{"line":14,"column":66}}]},"1":{"loc":{"start":{"line":14,"column":55},"end":{"line":14,"column":65}},"type":"binary-expr","locations":[{"start":{"line":14,"column":55},"end":{"line":14,"column":66}},{"start":{"line":14,"column":55},"end":{"line":14,"column":65}}]},"2":{"loc":{"start":{"line":37,"column":4},"end":{"line":37,"column":74}},"type":"if","locations":[{"start":{"line":37,"column":4},"end":{"line":37,"column":74}},{"start":{},"end":{}}]},"3":{"loc":{"start":{"line":38,"column":4},"end":{"line":38,"column":103}},"type":"if","locations":[{"start":{"line":38,"column":4},"end":{"line":38,"column":103}},{"start":{},"end":{}}]},"4":{"loc":{"start":{"line":39,"column":4},"end":{"line":39,"column":81}},"type":"if","locations":[{"start":{"line":39,"column":4},"end":{"line":39,"column":81}},{"start":{},"end":{}}]},"5":{"loc":{"start":{"line":40,"column":4},"end":{"line":40,"column":75}},"type":"if","locations":[{"start":{"line":40,"column":4},"end":{"line":40,"column":75}},{"start":{},"end":{}}]},"6":{"loc":{"start":{"line":41,"column":4},"end":{"line":41,"column":106}},"type":"if","locations":[{"start":{"line":41,"column":4},"end":{"line":41,"column":106}},{"start":{},"end":{}}]},"7":{"loc":{"start":{"line":25,"column":46},"end":{"line":25,"column":70}},"type":"cond-expr","locations":[{"start":{"line":25,"column":67},"end":{"line":25,"column":70}},{"start":{"line":25,"column":67},"end":{"line":25,"column":70}}]},"8":{"loc":{"start":{"line":25,"column":46},"end":{"line":25,"column":67}},"type":"binary-expr","locations":[{"start":{"line":25,"column":46},"end":{"line":25,"column":70}},{"start":{"line":25,"column":46},"end":{"line":25,"column":67}}]}},"s":{"0":0,"1":0,"2":0,"3":0,"4":0,"5":0,"6":0,"7":0,"8":0,"9":0,"10":0,"11":0,"12":0,"13":0,"14":0,"15":0,"16":0,"17":0,"18":0,"19":0,"20":0,"21":0,"22":0,"23":0,"24":0,"25":0,"26":0,"27":0,"28":0,"29":0,"30":0,"31":0,"32":0,"33":0},"f":{"0":0,"1":0,"2":0},"b":{"0":[0,0],"1":[0,0],"2":[0,0],"3":[0,0],"4":[0,0],"5":[0,0],"6":[0,0],"7":[0,0],"8":[0,0]}}
,"/Users/aditya/Desktop/ludo-arena-pro-main/backend/src/admin/admin-wallet/admin-wallet.controller.ts": {"path":"/Users/aditya/Desktop/ludo-arena-pro-main/backend/src/admin/admin-wallet/admin-wallet.controller.ts","statementMap":{"0":{"start":{"line":1,"column":0},"end":{"line":1,"column":88}},"1":{"start":{"line":2,"column":0},"end":{"line":2,"column":71}},"2":{"start":{"line":3,"column":0},"end":{"line":3,"column":60}},"3":{"start":{"line":4,"column":0},"end":{"line":4,"column":64}},"4":{"start":{"line":5,"column":0},"end":{"line":5,"column":59}},"5":{"start":{"line":6,"column":0},"end":{"line":6,"column":62}},"6":{"start":{"line":7,"column":0},"end":{"line":7,"column":67}},"7":{"start":{"line":8,"column":0},"end":{"line":8,"column":40}},"8":{"start":{"line":9,"column":0},"end":{"line":9,"column":33}},"9":{"start":{"line":23,"column":7},"end":{"line":59,"column":null}},"10":{"start":{"line":24,"column":31},"end":{"line":24,"column":46}},"11":{"start":{"line":29,"column":4},"end":{"line":31,"column":5}},"12":{"start":{"line":30,"column":6},"end":{"line":30,"column":63}},"13":{"start":{"line":33,"column":4},"end":{"line":40,"column":6}},"14":{"start":{"line":46,"column":4},"end":{"line":48,"column":5}},"15":{"start":{"line":47,"column":6},"end":{"line":47,"column":63}},"16":{"start":{"line":50,"column":4},"end":{"line":57,"column":6}},"17":{"start":{"line":23,"column":13},"end":{"line":23,"column":34}},"18":{"start":{"line":28,"column":8},"end":{"line":41,"column":null}},"19":{"start":{"line":45,"column":8},"end":{"line":58,"column":null}},"20":{"start":{"line":23,"column":13},"end":{"line":59,"column":null}}},"fnMap":{"0":{"name":"(anonymous_13)","decl":{"start":{"line":24,"column":2},"end":{"line":24,"column":31}},"loc":{"start":{"line":24,"column":59},"end":{"line":24,"column":63}}},"1":{"name":"(anonymous_14)","decl":{"start":{"line":28,"column":8},"end":{"line":28,"column":14}},"loc":{"start":{"line":28,"column":44},"end":{"line":41,"column":3}}},"2":{"name":"(anonymous_15)","decl":{"start":{"line":45,"column":8},"end":{"line":45,"column":13}},"loc":{"start":{"line":45,"column":43},"end":{"line":58,"column":3}}}},"branchMap":{"0":{"loc":{"start":{"line":29,"column":4},"end":{"line":31,"column":5}},"type":"if","locations":[{"start":{"line":29,"column":4},"end":{"line":31,"column":5}},{"start":{},"end":{}}]},"1":{"loc":{"start":{"line":46,"column":4},"end":{"line":48,"column":5}},"type":"if","locations":[{"start":{"line":46,"column":4},"end":{"line":48,"column":5}},{"start":{},"end":{}}]},"2":{"loc":{"start":{"line":24,"column":46},"end":{"line":24,"column":62}},"type":"cond-expr","locations":[{"start":{"line":24,"column":59},"end":{"line":24,"column":62}},{"start":{"line":24,"column":59},"end":{"line":24,"column":62}}]},"3":{"loc":{"start":{"line":24,"column":46},"end":{"line":24,"column":59}},"type":"binary-expr","locations":[{"start":{"line":24,"column":46},"end":{"line":24,"column":62}},{"start":{"line":24,"column":46},"end":{"line":24,"column":59}}]}},"s":{"0":0,"1":0,"2":0,"3":0,"4":0,"5":0,"6":0,"7":0,"8":0,"9":0,"10":0,"11":0,"12":0,"13":0,"14":0,"15":0,"16":0,"17":0,"18":0,"19":0,"20":0},"f":{"0":0,"1":0,"2":0},"b":{"0":[0,0],"1":[0,0],"2":[0,0],"3":[0,0]}}
,"/Users/aditya/Desktop/ludo-arena-pro-main/backend/src/admin/admin-withdrawal/admin-withdrawal.controller.ts": {"path":"/Users/aditya/Desktop/ludo-arena-pro-main/backend/src/admin/admin-withdrawal/admin-withdrawal.controller.ts","statementMap":{"0":{"start":{"line":1,"column":0},"end":{"line":1,"column":105}},"1":{"start":{"line":2,"column":0},"end":{"line":2,"column":81}},"2":{"start":{"line":3,"column":0},"end":{"line":3,"column":72}},"3":{"start":{"line":4,"column":0},"end":{"line":4,"column":64}},"4":{"start":{"line":5,"column":0},"end":{"line":5,"column":59}},"5":{"start":{"line":6,"column":0},"end":{"line":6,"column":62}},"6":{"start":{"line":7,"column":0},"end":{"line":7,"column":38}},"7":{"start":{"line":8,"column":0},"end":{"line":8,"column":67}},"8":{"start":{"line":9,"column":0},"end":{"line":9,"column":75}},"9":{"start":{"line":14,"column":2},"end":{"line":14,"column":null}},"10":{"start":{"line":20,"column":2},"end":{"line":20,"column":null}},"11":{"start":{"line":26,"column":2},"end":{"line":26,"column":null}},"12":{"start":{"line":32,"column":2},"end":{"line":32,"column":null}},"13":{"start":{"line":40,"column":7},"end":{"line":93,"column":null}},"14":{"start":{"line":41,"column":31},"end":{"line":41,"column":50}},"15":{"start":{"line":51,"column":4},"end":{"line":51,"column":79}},"16":{"start":{"line":61,"column":4},"end":{"line":61,"column":74}},"17":{"start":{"line":71,"column":4},"end":{"line":71,"column":76}},"18":{"start":{"line":81,"column":4},"end":{"line":81,"column":73}},"19":{"start":{"line":91,"column":4},"end":{"line":91,"column":77}},"20":{"start":{"line":40,"column":13},"end":{"line":40,"column":38}},"21":{"start":{"line":47,"column":8},"end":{"line":52,"column":null}},"22":{"start":{"line":56,"column":8},"end":{"line":62,"column":null}},"23":{"start":{"line":66,"column":8},"end":{"line":72,"column":null}},"24":{"start":{"line":76,"column":8},"end":{"line":82,"column":null}},"25":{"start":{"line":86,"column":8},"end":{"line":92,"column":null}},"26":{"start":{"line":40,"column":13},"end":{"line":93,"column":null}}},"fnMap":{"0":{"name":"(anonymous_4)","decl":{"start":{"line":41,"column":2},"end":{"line":41,"column":31}},"loc":{"start":{"line":41,"column":67},"end":{"line":41,"column":71}}},"1":{"name":"(anonymous_5)","decl":{"start":{"line":47,"column":8},"end":{"line":47,"column":18}},"loc":{"start":{"line":49,"column":70},"end":{"line":52,"column":3}}},"2":{"name":"(anonymous_6)","decl":{"start":{"line":56,"column":8},"end":{"line":56,"column":15}},"loc":{"start":{"line":59,"column":42},"end":{"line":62,"column":3}}},"3":{"name":"(anonymous_7)","decl":{"start":{"line":66,"column":8},"end":{"line":66,"column":14}},"loc":{"start":{"line":69,"column":42},"end":{"line":72,"column":3}}},"4":{"name":"(anonymous_8)","decl":{"start":{"line":76,"column":8},"end":{"line":76,"column":14}},"loc":{"start":{"line":79,"column":42},"end":{"line":82,"column":3}}},"5":{"name":"(anonymous_9)","decl":{"start":{"line":86,"column":8},"end":{"line":86,"column":16}},"loc":{"start":{"line":89,"column":42},"end":{"line":92,"column":3}}}},"branchMap":{"0":{"loc":{"start":{"line":51,"column":56},"end":{"line":51,"column":65}},"type":"binary-expr","locations":[{"start":{"line":51,"column":56},"end":{"line":51,"column":60}},{"start":{"line":51,"column":64},"end":{"line":51,"column":65}}]},"1":{"loc":{"start":{"line":51,"column":67},"end":{"line":51,"column":77}},"type":"binary-expr","locations":[{"start":{"line":51,"column":67},"end":{"line":51,"column":71}},{"start":{"line":51,"column":75},"end":{"line":51,"column":77}}]},"2":{"loc":{"start":{"line":41,"column":50},"end":{"line":41,"column":70}},"type":"cond-expr","locations":[{"start":{"line":41,"column":67},"end":{"line":41,"column":70}},{"start":{"line":41,"column":67},"end":{"line":41,"column":70}}]},"3":{"loc":{"start":{"line":41,"column":50},"end":{"line":41,"column":67}},"type":"binary-expr","locations":[{"start":{"line":41,"column":50},"end":{"line":41,"column":70}},{"start":{"line":41,"column":50},"end":{"line":41,"column":67}}]}},"s":{"0":0,"1":0,"2":0,"3":0,"4":0,"5":0,"6":0,"7":0,"8":0,"9":0,"10":0,"11":0,"12":0,"13":0,"14":0,"15":0,"16":0,"17":0,"18":0,"19":0,"20":0,"21":0,"22":0,"23":0,"24":0,"25":0,"26":0},"f":{"0":0,"1":0,"2":0,"3":0,"4":0,"5":0},"b":{"0":[0,0],"1":[0,0],"2":[0,0],"3":[0,0]}}
,"/Users/aditya/Desktop/ludo-arena-pro-main/backend/src/audit/audit.module.ts": {"path":"/Users/aditya/Desktop/ludo-arena-pro-main/backend/src/audit/audit.module.ts","statementMap":{"0":{"start":{"line":1,"column":0},"end":{"line":1,"column":40}},"1":{"start":{"line":2,"column":0},"end":{"line":2,"column":47}},"2":{"start":{"line":3,"column":0},"end":{"line":3,"column":55}},"3":{"start":{"line":10,"column":7},"end":{"line":10,"column":null}},"4":{"start":{"line":10,"column":13},"end":{"line":10,"column":24}},"5":{"start":{"line":10,"column":13},"end":{"line":10,"column":null}}},"fnMap":{},"branchMap":{},"s":{"0":0,"1":0,"2":0,"3":0,"4":0,"5":0},"f":{},"b":{}}
,"/Users/aditya/Desktop/ludo-arena-pro-main/backend/src/audit/audit.service.ts": {"path":"/Users/aditya/Desktop/ludo-arena-pro-main/backend/src/audit/audit.service.ts","statementMap":{"0":{"start":{"line":1,"column":0},"end":{"line":1,"column":44}},"1":{"start":{"line":2,"column":0},"end":{"line":2,"column":57}},"2":{"start":{"line":5,"column":7},"end":{"line":27,"column":null}},"3":{"start":{"line":6,"column":22},"end":{"line":6,"column":30}},"4":{"start":{"line":14,"column":4},"end":{"line":25,"column":5}},"5":{"start":{"line":15,"column":6},"end":{"line":22,"column":9}},"6":{"start":{"line":24,"column":6},"end":{"line":24,"column":56}},"7":{"start":{"line":5,"column":13},"end":{"line":5,"column":25}},"8":{"start":{"line":5,"column":13},"end":{"line":27,"column":null}}},"fnMap":{"0":{"name":"(anonymous_2)","decl":{"start":{"line":6,"column":2},"end":{"line":6,"column":22}},"loc":{"start":{"line":6,"column":43},"end":{"line":6,"column":47}}},"1":{"name":"(anonymous_3)","decl":{"start":{"line":8,"column":2},"end":{"line":8,"column":7}},"loc":{"start":{"line":12,"column":22},"end":{"line":26,"column":3}}}},"branchMap":{"0":{"loc":{"start":{"line":6,"column":30},"end":{"line":6,"column":46}},"type":"cond-expr","locations":[{"start":{"line":6,"column":43},"end":{"line":6,"column":46}},{"start":{"line":6,"column":43},"end":{"line":6,"column":46}}]},"1":{"loc":{"start":{"line":6,"column":30},"end":{"line":6,"column":43}},"type":"binary-expr","locations":[{"start":{"line":6,"column":30},"end":{"line":6,"column":46}},{"start":{"line":6,"column":30},"end":{"line":6,"column":43}}]}},"s":{"0":0,"1":0,"2":0,"3":0,"4":0,"5":0,"6":0,"7":0,"8":0},"f":{"0":0,"1":0},"b":{"0":[0,0],"1":[0,0]}}
,"/Users/aditya/Desktop/ludo-arena-pro-main/backend/src/auth/auth.controller.ts": {"path":"/Users/aditya/Desktop/ludo-arena-pro-main/backend/src/auth/auth.controller.ts","statementMap":{"0":{"start":{"line":1,"column":0},"end":{"line":1,"column":89}},"1":{"start":{"line":2,"column":0},"end":{"line":2,"column":45}},"2":{"start":{"line":3,"column":0},"end":{"line":3,"column":49}},"3":{"start":{"line":4,"column":0},"end":{"line":4,"column":43}},"4":{"start":{"line":5,"column":0},"end":{"line":5,"column":47}},"5":{"start":{"line":6,"column":0},"end":{"line":6,"column":71}},"6":{"start":{"line":7,"column":0},"end":{"line":7,"column":55}},"7":{"start":{"line":8,"column":0},"end":{"line":8,"column":66}},"8":{"start":{"line":12,"column":7},"end":{"line":43,"column":null}},"9":{"start":{"line":13,"column":31},"end":{"line":13,"column":44}},"10":{"start":{"line":18,"column":4},"end":{"line":18,"column":42}},"11":{"start":{"line":25,"column":4},"end":{"line":25,"column":39}},"12":{"start":{"line":32,"column":4},"end":{"line":32,"column":54}},"13":{"start":{"line":41,"column":4},"end":{"line":41,"column":43}},"14":{"start":{"line":12,"column":13},"end":{"line":12,"column":27}},"15":{"start":{"line":17,"column":2},"end":{"line":19,"column":null}},"16":{"start":{"line":24,"column":2},"end":{"line":26,"column":null}},"17":{"start":{"line":31,"column":2},"end":{"line":33,"column":null}},"18":{"start":{"line":40,"column":2},"end":{"line":42,"column":null}},"19":{"start":{"line":12,"column":13},"end":{"line":43,"column":null}}},"fnMap":{"0":{"name":"(anonymous_4)","decl":{"start":{"line":13,"column":2},"end":{"line":13,"column":31}},"loc":{"start":{"line":13,"column":55},"end":{"line":13,"column":59}}},"1":{"name":"(anonymous_5)","decl":{"start":{"line":17,"column":2},"end":{"line":17,"column":10}},"loc":{"start":{"line":17,"column":35},"end":{"line":19,"column":3}}},"2":{"name":"(anonymous_6)","decl":{"start":{"line":24,"column":2},"end":{"line":24,"column":7}},"loc":{"start":{"line":24,"column":29},"end":{"line":26,"column":3}}},"3":{"name":"(anonymous_7)","decl":{"start":{"line":31,"column":2},"end":{"line":31,"column":9}},"loc":{"start":{"line":31,"column":33},"end":{"line":33,"column":3}}},"4":{"name":"(anonymous_8)","decl":{"start":{"line":40,"column":2},"end":{"line":40,"column":8}},"loc":{"start":{"line":40,"column":46},"end":{"line":42,"column":3}}}},"branchMap":{"0":{"loc":{"start":{"line":17,"column":24},"end":{"line":17,"column":null}},"type":"cond-expr","locations":[{"start":{"line":17,"column":35},"end":{"line":17,"column":null}},{"start":{"line":17,"column":35},"end":{"line":17,"column":null}}]},"1":{"loc":{"start":{"line":17,"column":24},"end":{"line":17,"column":35}},"type":"binary-expr","locations":[{"start":{"line":17,"column":24},"end":{"line":17,"column":null}},{"start":{"line":17,"column":24},"end":{"line":17,"column":35}}]},"2":{"loc":{"start":{"line":24,"column":21},"end":{"line":24,"column":null}},"type":"cond-expr","locations":[{"start":{"line":24,"column":29},"end":{"line":24,"column":null}},{"start":{"line":24,"column":29},"end":{"line":24,"column":null}}]},"3":{"loc":{"start":{"line":24,"column":21},"end":{"line":24,"column":29}},"type":"binary-expr","locations":[{"start":{"line":24,"column":21},"end":{"line":24,"column":null}},{"start":{"line":24,"column":21},"end":{"line":24,"column":29}}]},"4":{"loc":{"start":{"line":31,"column":23},"end":{"line":31,"column":null}},"type":"cond-expr","locations":[{"start":{"line":31,"column":33},"end":{"line":31,"column":null}},{"start":{"line":31,"column":33},"end":{"line":31,"column":null}}]},"5":{"loc":{"start":{"line":31,"column":23},"end":{"line":31,"column":33}},"type":"binary-expr","locations":[{"start":{"line":31,"column":23},"end":{"line":31,"column":null}},{"start":{"line":31,"column":23},"end":{"line":31,"column":33}}]},"6":{"loc":{"start":{"line":13,"column":44},"end":{"line":13,"column":58}},"type":"cond-expr","locations":[{"start":{"line":13,"column":55},"end":{"line":13,"column":58}},{"start":{"line":13,"column":55},"end":{"line":13,"column":58}}]},"7":{"loc":{"start":{"line":13,"column":44},"end":{"line":13,"column":55}},"type":"binary-expr","locations":[{"start":{"line":13,"column":44},"end":{"line":13,"column":58}},{"start":{"line":13,"column":44},"end":{"line":13,"column":55}}]}},"s":{"0":0,"1":0,"2":0,"3":0,"4":0,"5":0,"6":0,"7":0,"8":0,"9":0,"10":0,"11":0,"12":0,"13":0,"14":0,"15":0,"16":0,"17":0,"18":0,"19":0},"f":{"0":0,"1":0,"2":0,"3":0,"4":0},"b":{"0":[0,0],"1":[0,0],"2":[0,0],"3":[0,0],"4":[0,0],"5":[0,0],"6":[0,0],"7":[0,0]}}
,"/Users/aditya/Desktop/ludo-arena-pro-main/backend/src/auth/auth.module.ts": {"path":"/Users/aditya/Desktop/ludo-arena-pro-main/backend/src/auth/auth.module.ts","statementMap":{"0":{"start":{"line":1,"column":0},"end":{"line":1,"column":40}},"1":{"start":{"line":2,"column":0},"end":{"line":2,"column":45}},"2":{"start":{"line":3,"column":0},"end":{"line":3,"column":51}},"3":{"start":{"line":4,"column":0},"end":{"line":4,"column":52}},"4":{"start":{"line":5,"column":0},"end":{"line":5,"column":40}},"5":{"start":{"line":6,"column":0},"end":{"line":6,"column":56}},"6":{"start":{"line":7,"column":0},"end":{"line":7,"column":55}},"7":{"start":{"line":8,"column":0},"end":{"line":8,"column":52}},"8":{"start":{"line":9,"column":0},"end":{"line":9,"column":61}},"9":{"start":{"line":22,"column":7},"end":{"line":22,"column":null}},"10":{"start":{"line":22,"column":13},"end":{"line":22,"column":23}},"11":{"start":{"line":22,"column":13},"end":{"line":22,"column":null}}},"fnMap":{},"branchMap":{},"s":{"0":0,"1":0,"2":0,"3":0,"4":0,"5":0,"6":0,"7":0,"8":0,"9":0,"10":0,"11":0},"f":{},"b":{}}
,"/Users/aditya/Desktop/ludo-arena-pro-main/backend/src/auth/auth.service.ts": {"path":"/Users/aditya/Desktop/ludo-arena-pro-main/backend/src/auth/auth.service.ts","statementMap":{"0":{"start":{"line":1,"column":0},"end":{"line":1,"column":96}},"1":{"start":{"line":2,"column":0},"end":{"line":2,"column":54}},"2":{"start":{"line":3,"column":0},"end":{"line":3,"column":41}},"3":{"start":{"line":4,"column":0},"end":{"line":4,"column":33}},"4":{"start":{"line":7,"column":0},"end":{"line":7,"column":57}},"5":{"start":{"line":8,"column":0},"end":{"line":8,"column":54}},"6":{"start":{"line":9,"column":0},"end":{"line":9,"column":63}},"7":{"start":{"line":13,"column":24},"end":{"line":151,"column":null}},"8":{"start":{"line":14,"column":28},"end":{"line":14,"column":56}},"9":{"start":{"line":17,"column":12},"end":{"line":17,"column":26}},"10":{"start":{"line":18,"column":12},"end":{"line":18,"column":24}},"11":{"start":{"line":19,"column":12},"end":{"line":19,"column":20}},"12":{"start":{"line":20,"column":12},"end":{"line":20,"column":26}},"13":{"start":{"line":21,"column":12},"end":{"line":21,"column":29}},"14":{"start":{"line":25,"column":21},"end":{"line":25,"column":69}},"15":{"start":{"line":26,"column":4},"end":{"line":28,"column":5}},"16":{"start":{"line":27,"column":6},"end":{"line":27,"column":68}},"17":{"start":{"line":33,"column":4},"end":{"line":51,"column":5}},"18":{"start":{"line":34,"column":23},"end":{"line":36,"column":8}},"19":{"start":{"line":38,"column":6},"end":{"line":50,"column":7}},"20":{"start":{"line":40,"column":22},"end":{"line":40,"column":27}},"21":{"start":{"line":42,"column":8},"end":{"line":45,"column":9}},"22":{"start":{"line":43,"column":10},"end":{"line":43,"column":25}},"23":{"start":{"line":44,"column":10},"end":{"line":44,"column":113}},"24":{"start":{"line":47,"column":8},"end":{"line":49,"column":9}},"25":{"start":{"line":48,"column":10},"end":{"line":48,"column":37}},"26":{"start":{"line":53,"column":17},"end":{"line":53,"column":41}},"27":{"start":{"line":54,"column":25},"end":{"line":54,"column":62}},"28":{"start":{"line":56,"column":17},"end":{"line":62,"column":6}},"29":{"start":{"line":65,"column":4},"end":{"line":67,"column":5}},"30":{"start":{"line":66,"column":6},"end":{"line":66,"column":79}},"31":{"start":{"line":69,"column":4},"end":{"line":69,"column":64}},"32":{"start":{"line":73,"column":17},"end":{"line":73,"column":90}},"33":{"start":{"line":74,"column":4},"end":{"line":77,"column":5}},"34":{"start":{"line":75,"column":6},"end":{"line":75,"column":101}},"35":{"start":{"line":76,"column":6},"end":{"line":76,"column":61}},"36":{"start":{"line":79,"column":28},"end":{"line":79,"column":86}},"37":{"start":{"line":80,"column":4},"end":{"line":83,"column":5}},"38":{"start":{"line":81,"column":6},"end":{"line":81,"column":84}},"39":{"start":{"line":82,"column":6},"end":{"line":82,"column":61}},"40":{"start":{"line":85,"column":19},"end":{"line":85,"column":77}},"41":{"start":{"line":87,"column":4},"end":{"line":87,"column":73}},"42":{"start":{"line":89,"column":4},"end":{"line":89,"column":18}},"43":{"start":{"line":93,"column":24},"end":{"line":96,"column":6}},"44":{"start":{"line":98,"column":4},"end":{"line":100,"column":5}},"45":{"start":{"line":99,"column":6},"end":{"line":99,"column":63}},"46":{"start":{"line":103,"column":4},"end":{"line":106,"column":7}},"47":{"start":{"line":108,"column":4},"end":{"line":108,"column":100}},"48":{"start":{"line":112,"column":4},"end":{"line":120,"column":7}},"49":{"start":{"line":122,"column":4},"end":{"line":122,"column":74}},"50":{"start":{"line":126,"column":20},"end":{"line":126,"column":49}},"51":{"start":{"line":128,"column":24},"end":{"line":131,"column":6}},"52":{"start":{"line":133,"column":25},"end":{"line":136,"column":6}},"53":{"start":{"line":138,"column":4},"end":{"line":144,"column":7}},"54":{"start":{"line":146,"column":4},"end":{"line":149,"column":6}},"55":{"start":{"line":13,"column":13},"end":{"line":13,"column":24}},"56":{"start":{"line":13,"column":13},"end":{"line":151,"column":null}}},"fnMap":{"0":{"name":"(anonymous_11)","decl":{"start":{"line":16,"column":2},"end":{"line":16,"column":null}},"loc":{"start":{"line":21,"column":44},"end":{"line":22,"column":6}}},"1":{"name":"(anonymous_12)","decl":{"start":{"line":24,"column":2},"end":{"line":24,"column":7}},"loc":{"start":{"line":24,"column":33},"end":{"line":70,"column":3}}},"2":{"name":"(anonymous_13)","decl":{"start":{"line":72,"column":2},"end":{"line":72,"column":7}},"loc":{"start":{"line":72,"column":32},"end":{"line":90,"column":3}}},"3":{"name":"(anonymous_14)","decl":{"start":{"line":92,"column":2},"end":{"line":92,"column":7}},"loc":{"start":{"line":92,"column":36},"end":{"line":109,"column":3}}},"4":{"name":"(anonymous_15)","decl":{"start":{"line":111,"column":2},"end":{"line":111,"column":7}},"loc":{"start":{"line":111,"column":29},"end":{"line":123,"column":3}}},"5":{"name":"(anonymous_16)","decl":{"start":{"line":125,"column":10},"end":{"line":125,"column":15}},"loc":{"start":{"line":125,"column":75},"end":{"line":150,"column":3}}}},"branchMap":{"0":{"loc":{"start":{"line":26,"column":4},"end":{"line":28,"column":5}},"type":"if","locations":[{"start":{"line":26,"column":4},"end":{"line":28,"column":5}},{"start":{},"end":{}}]},"1":{"loc":{"start":{"line":33,"column":4},"end":{"line":51,"column":5}},"type":"if","locations":[{"start":{"line":33,"column":4},"end":{"line":51,"column":5}},{"start":{},"end":{}}]},"2":{"loc":{"start":{"line":38,"column":6},"end":{"line":50,"column":7}},"type":"if","locations":[{"start":{"line":38,"column":6},"end":{"line":50,"column":7}},{"start":{},"end":{}}]},"3":{"loc":{"start":{"line":42,"column":8},"end":{"line":45,"column":9}},"type":"if","locations":[{"start":{"line":42,"column":8},"end":{"line":45,"column":9}},{"start":{},"end":{}}]},"4":{"loc":{"start":{"line":42,"column":12},"end":{"line":42,"column":62}},"type":"binary-expr","locations":[{"start":{"line":42,"column":12},"end":{"line":42,"column":24}},{"start":{"line":42,"column":28},"end":{"line":42,"column":62}}]},"5":{"loc":{"start":{"line":47,"column":8},"end":{"line":49,"column":9}},"type":"if","locations":[{"start":{"line":47,"column":8},"end":{"line":49,"column":9}},{"start":{},"end":{}}]},"6":{"loc":{"start":{"line":61,"column":10},"end":{"line":61,"column":79}},"type":"cond-expr","locations":[{"start":{"line":61,"column":25},"end":{"line":61,"column":74}},{"start":{"line":61,"column":77},"end":{"line":61,"column":79}}]},"7":{"loc":{"start":{"line":65,"column":4},"end":{"line":67,"column":5}},"type":"if","locations":[{"start":{"line":65,"column":4},"end":{"line":67,"column":5}},{"start":{},"end":{}}]},"8":{"loc":{"start":{"line":74,"column":4},"end":{"line":77,"column":5}},"type":"if","locations":[{"start":{"line":74,"column":4},"end":{"line":77,"column":5}},{"start":{},"end":{}}]},"9":{"loc":{"start":{"line":80,"column":4},"end":{"line":83,"column":5}},"type":"if","locations":[{"start":{"line":80,"column":4},"end":{"line":83,"column":5}},{"start":{},"end":{}}]},"10":{"loc":{"start":{"line":98,"column":4},"end":{"line":100,"column":5}},"type":"if","locations":[{"start":{"line":98,"column":4},"end":{"line":100,"column":5}},{"start":{},"end":{}}]},"11":{"loc":{"start":{"line":98,"column":8},"end":{"line":98,"column":83}},"type":"binary-expr","locations":[{"start":{"line":98,"column":8},"end":{"line":98,"column":20}},{"start":{"line":98,"column":24},"end":{"line":98,"column":45}},{"start":{"line":98,"column":49},"end":{"line":98,"column":83}}]},"12":{"loc":{"start":{"line":129,"column":14},"end":{"line":129,"column":55}},"type":"binary-expr","locations":[{"start":{"line":129,"column":14},"end":{"line":129,"column":43}},{"start":{"line":129,"column":47},"end":{"line":129,"column":55}}]},"13":{"loc":{"start":{"line":134,"column":14},"end":{"line":134,"column":64}},"type":"binary-expr","locations":[{"start":{"line":134,"column":14},"end":{"line":134,"column":44}},{"start":{"line":134,"column":48},"end":{"line":134,"column":64}}]},"14":{"loc":{"start":{"line":17,"column":26},"end":{"line":17,"column":null}},"type":"cond-expr","locations":[{"start":{"line":17,"column":38},"end":{"line":17,"column":null}},{"start":{"line":17,"column":38},"end":{"line":17,"column":null}}]},"15":{"loc":{"start":{"line":17,"column":26},"end":{"line":17,"column":38}},"type":"binary-expr","locations":[{"start":{"line":17,"column":26},"end":{"line":17,"column":null}},{"start":{"line":17,"column":26},"end":{"line":17,"column":38}}]},"16":{"loc":{"start":{"line":17,"column":38},"end":{"line":18,"column":null}},"type":"cond-expr","locations":[{"start":{"line":18,"column":34},"end":{"line":18,"column":null}},{"start":{"line":18,"column":34},"end":{"line":18,"column":null}}]},"17":{"loc":{"start":{"line":17,"column":38},"end":{"line":18,"column":34}},"type":"binary-expr","locations":[{"start":{"line":17,"column":38},"end":{"line":18,"column":null}},{"start":{"line":18,"column":24},"end":{"line":18,"column":34}}]},"18":{"loc":{"start":{"line":18,"column":34},"end":{"line":19,"column":null}},"type":"cond-expr","locations":[{"start":{"line":19,"column":33},"end":{"line":19,"column":null}},{"start":{"line":19,"column":33},"end":{"line":19,"column":null}}]},"19":{"loc":{"start":{"line":18,"column":34},"end":{"line":19,"column":33}},"type":"binary-expr","locations":[{"start":{"line":18,"column":34},"end":{"line":19,"column":null}},{"start":{"line":19,"column":20},"end":{"line":19,"column":33}}]},"20":{"loc":{"start":{"line":19,"column":33},"end":{"line":20,"column":null}},"type":"cond-expr","locations":[{"start":{"line":20,"column":38},"end":{"line":20,"column":null}},{"start":{"line":20,"column":38},"end":{"line":20,"column":null}}]},"21":{"loc":{"start":{"line":19,"column":33},"end":{"line":20,"column":38}},"type":"binary-expr","locations":[{"start":{"line":19,"column":33},"end":{"line":20,"column":null}},{"start":{"line":20,"column":26},"end":{"line":20,"column":38}}]},"22":{"loc":{"start":{"line":20,"column":38},"end":{"line":21,"column":null}},"type":"cond-expr","locations":[{"start":{"line":21,"column":44},"end":{"line":21,"column":null}},{"start":{"line":21,"column":44},"end":{"line":21,"column":null}}]},"23":{"loc":{"start":{"line":20,"column":38},"end":{"line":21,"column":44}},"type":"binary-expr","locations":[{"start":{"line":20,"column":38},"end":{"line":21,"column":null}},{"start":{"line":21,"column":29},"end":{"line":21,"column":44}}]}},"s":{"0":0,"1":0,"2":0,"3":0,"4":0,"5":0,"6":0,"7":0,"8":0,"9":0,"10":0,"11":0,"12":0,"13":0,"14":0,"15":0,"16":0,"17":0,"18":0,"19":0,"20":0,"21":0,"22":0,"23":0,"24":0,"25":0,"26":0,"27":0,"28":0,"29":0,"30":0,"31":0,"32":0,"33":0,"34":0,"35":0,"36":0,"37":0,"38":0,"39":0,"40":0,"41":0,"42":0,"43":0,"44":0,"45":0,"46":0,"47":0,"48":0,"49":0,"50":0,"51":0,"52":0,"53":0,"54":0,"55":0,"56":0},"f":{"0":0,"1":0,"2":0,"3":0,"4":0,"5":0},"b":{"0":[0,0],"1":[0,0],"2":[0,0],"3":[0,0],"4":[0,0],"5":[0,0],"6":[0,0],"7":[0,0],"8":[0,0],"9":[0,0],"10":[0,0],"11":[0,0,0],"12":[0,0],"13":[0,0],"14":[0,0],"15":[0,0],"16":[0,0],"17":[0,0],"18":[0,0],"19":[0,0],"20":[0,0],"21":[0,0],"22":[0,0],"23":[0,0]}}
,"/Users/aditya/Desktop/ludo-arena-pro-main/backend/src/auth/decorators/current-user.decorator.ts": {"path":"/Users/aditya/Desktop/ludo-arena-pro-main/backend/src/auth/decorators/current-user.decorator.ts","statementMap":{"0":{"start":{"line":1,"column":0},"end":{"line":1,"column":72}},"1":{"start":{"line":3,"column":13},"end":{"line":9,"column":2}},"2":{"start":{"line":5,"column":20},"end":{"line":5,"column":51}},"3":{"start":{"line":6,"column":17},"end":{"line":6,"column":29}},"4":{"start":{"line":7,"column":4},"end":{"line":7,"column":38}}},"fnMap":{"0":{"name":"(anonymous_0)","decl":{"start":{"line":4,"column":2},"end":{"line":4,"column":3}},"loc":{"start":{"line":4,"column":42},"end":{"line":8,"column":3}}}},"branchMap":{"0":{"loc":{"start":{"line":7,"column":11},"end":{"line":7,"column":37}},"type":"cond-expr","locations":[{"start":{"line":7,"column":18},"end":{"line":7,"column":30}},{"start":{"line":7,"column":33},"end":{"line":7,"column":37}}]}},"s":{"0":0,"1":0,"2":0,"3":0,"4":0},"f":{"0":0},"b":{"0":[0,0]}}
,"/Users/aditya/Desktop/ludo-arena-pro-main/backend/src/auth/decorators/roles.decorator.ts": {"path":"/Users/aditya/Desktop/ludo-arena-pro-main/backend/src/auth/decorators/roles.decorator.ts","statementMap":{"0":{"start":{"line":1,"column":0},"end":{"line":1,"column":45}},"1":{"start":{"line":4,"column":13},"end":{"line":4,"column":33}},"2":{"start":{"line":5,"column":21},"end":{"line":5,"column":72}},"3":{"start":{"line":5,"column":43},"end":{"line":5,"column":72}},"4":{"start":{"line":5,"column":13},"end":{"line":5,"column":21}}},"fnMap":{"0":{"name":"(anonymous_0)","decl":{"start":{"line":5,"column":21},"end":{"line":5,"column":22}},"loc":{"start":{"line":5,"column":43},"end":{"line":5,"column":72}}}},"branchMap":{},"s":{"0":0,"1":0,"2":0,"3":0,"4":0},"f":{"0":0},"b":{}}
,"/Users/aditya/Desktop/ludo-arena-pro-main/backend/src/auth/dto/login.dto.ts": {"path":"/Users/aditya/Desktop/ludo-arena-pro-main/backend/src/auth/dto/login.dto.ts","statementMap":{"0":{"start":{"line":1,"column":0},"end":{"line":1,"column":55}},"1":{"start":{"line":2,"column":0},"end":{"line":2,"column":46}},"2":{"start":{"line":4,"column":0},"end":{"line":4,"column":13}},"3":{"start":{"line":8,"column":2},"end":{"line":8,"column":null}},"4":{"start":{"line":13,"column":2},"end":{"line":13,"column":null}}},"fnMap":{},"branchMap":{},"s":{"0":0,"1":0,"2":0,"3":0,"4":0},"f":{},"b":{}}
,"/Users/aditya/Desktop/ludo-arena-pro-main/backend/src/auth/dto/refresh.dto.ts": {"path":"/Users/aditya/Desktop/ludo-arena-pro-main/backend/src/auth/dto/refresh.dto.ts","statementMap":{"0":{"start":{"line":1,"column":0},"end":{"line":1,"column":55}},"1":{"start":{"line":2,"column":0},"end":{"line":2,"column":46}},"2":{"start":{"line":4,"column":0},"end":{"line":4,"column":13}},"3":{"start":{"line":8,"column":2},"end":{"line":8,"column":null}}},"fnMap":{},"branchMap":{},"s":{"0":0,"1":0,"2":0,"3":0},"f":{},"b":{}}
,"/Users/aditya/Desktop/ludo-arena-pro-main/backend/src/auth/dto/register.dto.ts": {"path":"/Users/aditya/Desktop/ludo-arena-pro-main/backend/src/auth/dto/register.dto.ts","statementMap":{"0":{"start":{"line":1,"column":0},"end":{"line":1,"column":75}},"1":{"start":{"line":2,"column":0},"end":{"line":2,"column":46}},"2":{"start":{"line":4,"column":0},"end":{"line":4,"column":13}},"3":{"start":{"line":9,"column":2},"end":{"line":9,"column":null}},"4":{"start":{"line":14,"column":2},"end":{"line":14,"column":null}},"5":{"start":{"line":20,"column":2},"end":{"line":20,"column":null}},"6":{"start":{"line":25,"column":2},"end":{"line":25,"column":null}},"7":{"start":{"line":30,"column":2},"end":{"line":30,"column":null}}},"fnMap":{},"branchMap":{},"s":{"0":0,"1":0,"2":0,"3":0,"4":0,"5":0,"6":0,"7":0},"f":{},"b":{}}
,"/Users/aditya/Desktop/ludo-arena-pro-main/backend/src/auth/guards/jwt-auth.guard.ts": {"path":"/Users/aditya/Desktop/ludo-arena-pro-main/backend/src/auth/guards/jwt-auth.guard.ts","statementMap":{"0":{"start":{"line":1,"column":0},"end":{"line":1,"column":44}},"1":{"start":{"line":2,"column":0},"end":{"line":2,"column":45}},"2":{"start":{"line":5,"column":7},"end":{"line":5,"column":null}},"3":{"start":{"line":5,"column":13},"end":{"line":5,"column":25}},"4":{"start":{"line":5,"column":13},"end":{"line":5,"column":null}}},"fnMap":{},"branchMap":{},"s":{"0":0,"1":0,"2":0,"3":0,"4":0},"f":{},"b":{}}
,"/Users/aditya/Desktop/ludo-arena-pro-main/backend/src/auth/guards/roles.guard.ts": {"path":"/Users/aditya/Desktop/ludo-arena-pro-main/backend/src/auth/guards/roles.guard.ts","statementMap":{"0":{"start":{"line":1,"column":0},"end":{"line":1,"column":75}},"1":{"start":{"line":2,"column":0},"end":{"line":2,"column":41}},"2":{"start":{"line":3,"column":0},"end":{"line":3,"column":58}},"3":{"start":{"line":7,"column":7},"end":{"line":21,"column":null}},"4":{"start":{"line":8,"column":22},"end":{"line":8,"column":33}},"5":{"start":{"line":11,"column":26},"end":{"line":14,"column":6}},"6":{"start":{"line":15,"column":4},"end":{"line":17,"column":5}},"7":{"start":{"line":16,"column":6},"end":{"line":16,"column":18}},"8":{"start":{"line":18,"column":21},"end":{"line":18,"column":56}},"9":{"start":{"line":19,"column":4},"end":{"line":19,"column":60}},"10":{"start":{"line":19,"column":40},"end":{"line":19,"column":58}},"11":{"start":{"line":7,"column":13},"end":{"line":7,"column":23}},"12":{"start":{"line":7,"column":13},"end":{"line":21,"column":null}}},"fnMap":{"0":{"name":"(anonymous_2)","decl":{"start":{"line":8,"column":2},"end":{"line":8,"column":22}},"loc":{"start":{"line":8,"column":42},"end":{"line":8,"column":46}}},"1":{"name":"(anonymous_3)","decl":{"start":{"line":10,"column":2},"end":{"line":10,"column":13}},"loc":{"start":{"line":10,"column":39},"end":{"line":20,"column":3}}},"2":{"name":"(anonymous_4)","decl":{"start":{"line":19,"column":30},"end":{"line":19,"column":31}},"loc":{"start":{"line":19,"column":40},"end":{"line":19,"column":58}}}},"branchMap":{"0":{"loc":{"start":{"line":15,"column":4},"end":{"line":17,"column":5}},"type":"if","locations":[{"start":{"line":15,"column":4},"end":{"line":17,"column":5}},{"start":{},"end":{}}]},"1":{"loc":{"start":{"line":8,"column":33},"end":{"line":8,"column":45}},"type":"cond-expr","locations":[{"start":{"line":8,"column":42},"end":{"line":8,"column":45}},{"start":{"line":8,"column":42},"end":{"line":8,"column":45}}]},"2":{"loc":{"start":{"line":8,"column":33},"end":{"line":8,"column":42}},"type":"binary-expr","locations":[{"start":{"line":8,"column":33},"end":{"line":8,"column":45}},{"start":{"line":8,"column":33},"end":{"line":8,"column":42}}]}},"s":{"0":0,"1":0,"2":0,"3":0,"4":0,"5":0,"6":0,"7":0,"8":0,"9":0,"10":0,"11":0,"12":0},"f":{"0":0,"1":0,"2":0},"b":{"0":[0,0],"1":[0,0],"2":[0,0]}}
,"/Users/aditya/Desktop/ludo-arena-pro-main/backend/src/auth/strategies/jwt.strategy.ts": {"path":"/Users/aditya/Desktop/ludo-arena-pro-main/backend/src/auth/strategies/jwt.strategy.ts","statementMap":{"0":{"start":{"line":1,"column":0},"end":{"line":1,"column":52}},"1":{"start":{"line":2,"column":0},"end":{"line":2,"column":52}},"2":{"start":{"line":3,"column":0},"end":{"line":3,"column":67}},"3":{"start":{"line":4,"column":0},"end":{"line":4,"column":57}},"4":{"start":{"line":7,"column":7},"end":{"line":23,"column":null}},"5":{"start":{"line":9,"column":4},"end":{"line":13,"column":7}},"6":{"start":{"line":8,"column":22},"end":{"line":8,"column":36}},"7":{"start":{"line":17,"column":17},"end":{"line":17,"column":62}},"8":{"start":{"line":18,"column":4},"end":{"line":20,"column":5}},"9":{"start":{"line":19,"column":6},"end":{"line":19,"column":40}},"10":{"start":{"line":21,"column":4},"end":{"line":21,"column":16}},"11":{"start":{"line":7,"column":13},"end":{"line":7,"column":24}},"12":{"start":{"line":7,"column":13},"end":{"line":23,"column":null}}},"fnMap":{"0":{"name":"(anonymous_2)","decl":{"start":{"line":8,"column":2},"end":{"line":8,"column":22}},"loc":{"start":{"line":8,"column":48},"end":{"line":14,"column":3}}},"1":{"name":"(anonymous_3)","decl":{"start":{"line":16,"column":2},"end":{"line":16,"column":7}},"loc":{"start":{"line":16,"column":29},"end":{"line":22,"column":3}}}},"branchMap":{"0":{"loc":{"start":{"line":12,"column":19},"end":{"line":12,"column":60}},"type":"binary-expr","locations":[{"start":{"line":12,"column":19},"end":{"line":12,"column":48}},{"start":{"line":12,"column":52},"end":{"line":12,"column":60}}]},"1":{"loc":{"start":{"line":18,"column":4},"end":{"line":20,"column":5}},"type":"if","locations":[{"start":{"line":18,"column":4},"end":{"line":20,"column":5}},{"start":{},"end":{}}]},"2":{"loc":{"start":{"line":8,"column":36},"end":{"line":8,"column":null}},"type":"cond-expr","locations":[{"start":{"line":8,"column":48},"end":{"line":8,"column":null}},{"start":{"line":8,"column":48},"end":{"line":8,"column":null}}]},"3":{"loc":{"start":{"line":8,"column":36},"end":{"line":8,"column":48}},"type":"binary-expr","locations":[{"start":{"line":8,"column":36},"end":{"line":8,"column":null}},{"start":{"line":8,"column":36},"end":{"line":8,"column":48}}]}},"s":{"0":0,"1":0,"2":0,"3":0,"4":0,"5":0,"6":0,"7":0,"8":0,"9":0,"10":0,"11":0,"12":0},"f":{"0":0,"1":0},"b":{"0":[0,0],"1":[0,0],"2":[0,0],"3":[0,0]}}
,"/Users/aditya/Desktop/ludo-arena-pro-main/backend/src/common/filters/all-exceptions.filter.ts": {"path":"/Users/aditya/Desktop/ludo-arena-pro-main/backend/src/common/filters/all-exceptions.filter.ts","statementMap":{"0":{"start":{"line":1,"column":0},"end":{"line":1,"column":null}},"1":{"start":{"line":12,"column":7},"end":{"line":50,"column":null}},"2":{"start":{"line":13,"column":28},"end":{"line":13,"column":52}},"3":{"start":{"line":16,"column":16},"end":{"line":16,"column":35}},"4":{"start":{"line":17,"column":21},"end":{"line":17,"column":48}},"5":{"start":{"line":18,"column":20},"end":{"line":18,"column":45}},"6":{"start":{"line":19,"column":18},"end":{"line":19,"column":62}},"7":{"start":{"line":21,"column":17},"end":{"line":21,"column":49}},"8":{"start":{"line":22,"column":18},"end":{"line":22,"column":41}},"9":{"start":{"line":24,"column":4},"end":{"line":33,"column":5}},"10":{"start":{"line":25,"column":6},"end":{"line":25,"column":37}},"11":{"start":{"line":26,"column":26},"end":{"line":26,"column":49}},"12":{"start":{"line":27,"column":6},"end":{"line":30,"column":52}},"13":{"start":{"line":31,"column":11},"end":{"line":33,"column":5}},"14":{"start":{"line":32,"column":6},"end":{"line":32,"column":34}},"15":{"start":{"line":35,"column":4},"end":{"line":42,"column":5}},"16":{"start":{"line":36,"column":6},"end":{"line":39,"column":8}},"17":{"start":{"line":41,"column":6},"end":{"line":41,"column":83}},"18":{"start":{"line":44,"column":4},"end":{"line":48,"column":7}},"19":{"start":{"line":12,"column":13},"end":{"line":12,"column":32}},"20":{"start":{"line":12,"column":13},"end":{"line":50,"column":null}}},"fnMap":{"0":{"name":"(anonymous_1)","decl":{"start":{"line":15,"column":2},"end":{"line":15,"column":7}},"loc":{"start":{"line":15,"column":47},"end":{"line":49,"column":3}}}},"branchMap":{"0":{"loc":{"start":{"line":19,"column":18},"end":{"line":19,"column":62}},"type":"binary-expr","locations":[{"start":{"line":19,"column":18},"end":{"line":19,"column":49}},{"start":{"line":19,"column":53},"end":{"line":19,"column":62}}]},"1":{"loc":{"start":{"line":24,"column":4},"end":{"line":33,"column":5}},"type":"if","locations":[{"start":{"line":24,"column":4},"end":{"line":33,"column":5}},{"start":{"line":31,"column":11},"end":{"line":33,"column":5}}]},"2":{"loc":{"start":{"line":28,"column":8},"end":{"line":30,"column":51}},"type":"cond-expr","locations":[{"start":{"line":29,"column":12},"end":{"line":29,"column":23}},{"start":{"line":30,"column":13},"end":{"line":30,"column":51}}]},"3":{"loc":{"start":{"line":30,"column":13},"end":{"line":30,"column":51}},"type":"binary-expr","locations":[{"start":{"line":30,"column":13},"end":{"line":30,"column":40}},{"start":{"line":30,"column":44},"end":{"line":30,"column":51}}]},"4":{"loc":{"start":{"line":31,"column":11},"end":{"line":33,"column":5}},"type":"if","locations":[{"start":{"line":31,"column":11},"end":{"line":33,"column":5}},{"start":{},"end":{}}]},"5":{"loc":{"start":{"line":35,"column":4},"end":{"line":42,"column":5}},"type":"if","locations":[{"start":{"line":35,"column":4},"end":{"line":42,"column":5}},{"start":{"line":40,"column":11},"end":{"line":42,"column":5}}]},"6":{"loc":{"start":{"line":38,"column":8},"end":{"line":38,"column":72}},"type":"cond-expr","locations":[{"start":{"line":38,"column":37},"end":{"line":38,"column":52}},{"start":{"line":38,"column":55},"end":{"line":38,"column":72}}]},"7":{"loc":{"start":{"line":46,"column":15},"end":{"line":46,"column":68}},"type":"cond-expr","locations":[{"start":{"line":46,"column":40},"end":{"line":46,"column":58}},{"start":{"line":46,"column":61},"end":{"line":46,"column":68}}]}},"s":{"0":0,"1":0,"2":0,"3":0,"4":0,"5":0,"6":0,"7":0,"8":0,"9":0,"10":0,"11":0,"12":0,"13":0,"14":0,"15":0,"16":0,"17":0,"18":0,"19":0,"20":0},"f":{"0":0},"b":{"0":[0,0],"1":[0,0],"2":[0,0],"3":[0,0],"4":[0,0],"5":[0,0],"6":[0,0],"7":[0,0]}}
,"/Users/aditya/Desktop/ludo-arena-pro-main/backend/src/common/interceptors/response.interceptor.ts": {"path":"/Users/aditya/Desktop/ludo-arena-pro-main/backend/src/common/interceptors/response.interceptor.ts","statementMap":{"0":{"start":{"line":1,"column":0},"end":{"line":1,"column":null}},"1":{"start":{"line":8,"column":0},"end":{"line":8,"column":37}},"2":{"start":{"line":17,"column":7},"end":{"line":39,"column":null}},"3":{"start":{"line":24,"column":4},"end":{"line":37,"column":6}},"4":{"start":{"line":27,"column":8},"end":{"line":29,"column":9}},"5":{"start":{"line":28,"column":10},"end":{"line":28,"column":22}},"6":{"start":{"line":31,"column":8},"end":{"line":35,"column":10}},"7":{"start":{"line":17,"column":13},"end":{"line":17,"column":32}},"8":{"start":{"line":17,"column":13},"end":{"line":39,"column":null}}},"fnMap":{"0":{"name":"(anonymous_1)","decl":{"start":{"line":20,"column":2},"end":{"line":20,"column":11}},"loc":{"start":{"line":22,"column":21},"end":{"line":38,"column":3}}},"1":{"name":"(anonymous_2)","decl":{"start":{"line":25,"column":10},"end":{"line":25,"column":11}},"loc":{"start":{"line":25,"column":19},"end":{"line":36,"column":7}}}},"branchMap":{"0":{"loc":{"start":{"line":27,"column":8},"end":{"line":29,"column":9}},"type":"if","locations":[{"start":{"line":27,"column":8},"end":{"line":29,"column":9}},{"start":{},"end":{}}]},"1":{"loc":{"start":{"line":27,"column":12},"end":{"line":27,"column":138}},"type":"binary-expr","locations":[{"start":{"line":27,"column":12},"end":{"line":27,"column":16}},{"start":{"line":27,"column":20},"end":{"line":27,"column":44}},{"start":{"line":27,"column":48},"end":{"line":27,"column":65}},{"start":{"line":27,"column":69},"end":{"line":27,"column":86}},{"start":{"line":27,"column":90},"end":{"line":27,"column":104}},{"start":{"line":27,"column":108},"end":{"line":27,"column":138}}]},"2":{"loc":{"start":{"line":34,"column":16},"end":{"line":34,"column":26}},"type":"binary-expr","locations":[{"start":{"line":34,"column":16},"end":{"line":34,"column":20}},{"start":{"line":34,"column":24},"end":{"line":34,"column":26}}]}},"s":{"0":0,"1":0,"2":0,"3":0,"4":0,"5":0,"6":0,"7":0,"8":0},"f":{"0":0,"1":0},"b":{"0":[0,0],"1":[0,0,0,0,0,0],"2":[0,0]}}
,"/Users/aditya/Desktop/ludo-arena-pro-main/backend/src/common/logger/winston.logger.ts": {"path":"/Users/aditya/Desktop/ludo-arena-pro-main/backend/src/common/logger/winston.logger.ts","statementMap":{"0":{"start":{"line":1,"column":0},"end":{"line":1,"column":45}},"1":{"start":{"line":2,"column":0},"end":{"line":2,"column":35}},"2":{"start":{"line":4,"column":13},"end":{"line":14,"column":3}}},"fnMap":{},"branchMap":{},"s":{"0":0,"1":0,"2":0},"f":{},"b":{}}
,"/Users/aditya/Desktop/ludo-arena-pro-main/backend/src/common/middleware/request-id.middleware.ts": {"path":"/Users/aditya/Desktop/ludo-arena-pro-main/backend/src/common/middleware/request-id.middleware.ts","statementMap":{"0":{"start":{"line":1,"column":0},"end":{"line":1,"column":60}},"1":{"start":{"line":3,"column":0},"end":{"line":3,"column":33}},"2":{"start":{"line":6,"column":7},"end":{"line":13,"column":null}},"3":{"start":{"line":8,"column":18},"end":{"line":8,"column":68}},"4":{"start":{"line":9,"column":4},"end":{"line":9,"column":40}},"5":{"start":{"line":10,"column":4},"end":{"line":10,"column":41}},"6":{"start":{"line":11,"column":4},"end":{"line":11,"column":11}},"7":{"start":{"line":6,"column":13},"end":{"line":6,"column":32}},"8":{"start":{"line":6,"column":13},"end":{"line":13,"column":null}}},"fnMap":{"0":{"name":"(anonymous_10)","decl":{"start":{"line":7,"column":2},"end":{"line":7,"column":5}},"loc":{"start":{"line":7,"column":53},"end":{"line":12,"column":3}}}},"branchMap":{"0":{"loc":{"start":{"line":8,"column":18},"end":{"line":8,"column":68}},"type":"binary-expr","locations":[{"start":{"line":8,"column":18},"end":{"line":8,"column":45}},{"start":{"line":8,"column":49},"end":{"line":8,"column":68}}]}},"s":{"0":0,"1":0,"2":0,"3":0,"4":0,"5":0,"6":0,"7":0,"8":0},"f":{"0":0},"b":{"0":[0,0]}}
,"/Users/aditya/Desktop/ludo-arena-pro-main/backend/src/common/middleware/request-logger.middleware.ts": {"path":"/Users/aditya/Desktop/ludo-arena-pro-main/backend/src/common/middleware/request-logger.middleware.ts","statementMap":{"0":{"start":{"line":1,"column":0},"end":{"line":1,"column":null}},"1":{"start":{"line":9,"column":7},"end":{"line":29,"column":null}},"2":{"start":{"line":10,"column":19},"end":{"line":10,"column":37}},"3":{"start":{"line":13,"column":36},"end":{"line":13,"column":39}},"4":{"start":{"line":14,"column":22},"end":{"line":14,"column":49}},"5":{"start":{"line":15,"column":18},"end":{"line":15,"column":45}},"6":{"start":{"line":16,"column":22},"end":{"line":16,"column":32}},"7":{"start":{"line":18,"column":4},"end":{"line":25,"column":7}},"8":{"start":{"line":19,"column":29},"end":{"line":19,"column":32}},"9":{"start":{"line":20,"column":28},"end":{"line":20,"column":53}},"10":{"start":{"line":21,"column":23},"end":{"line":21,"column":45}},"11":{"start":{"line":22,"column":6},"end":{"line":24,"column":8}},"12":{"start":{"line":27,"column":4},"end":{"line":27,"column":11}},"13":{"start":{"line":9,"column":13},"end":{"line":9,"column":36}},"14":{"start":{"line":9,"column":13},"end":{"line":29,"column":null}}},"fnMap":{"0":{"name":"(anonymous_1)","decl":{"start":{"line":12,"column":2},"end":{"line":12,"column":5}},"loc":{"start":{"line":12,"column":53},"end":{"line":28,"column":3}}},"1":{"name":"(anonymous_2)","decl":{"start":{"line":18,"column":21},"end":{"line":18,"column":24}},"loc":{"start":{"line":18,"column":26},"end":{"line":25,"column":5}}}},"branchMap":{"0":{"loc":{"start":{"line":14,"column":22},"end":{"line":14,"column":49}},"type":"binary-expr","locations":[{"start":{"line":14,"column":22},"end":{"line":14,"column":43}},{"start":{"line":14,"column":47},"end":{"line":14,"column":49}}]}},"s":{"0":0,"1":0,"2":0,"3":0,"4":0,"5":0,"6":0,"7":0,"8":0,"9":0,"10":0,"11":0,"12":0,"13":0,"14":0},"f":{"0":0,"1":0},"b":{"0":[0,0]}}
,"/Users/aditya/Desktop/ludo-arena-pro-main/backend/src/config/env.config.ts": {"path":"/Users/aditya/Desktop/ludo-arena-pro-main/backend/src/config/env.config.ts","statementMap":{"0":{"start":{"line":1,"column":0},"end":{"line":1,"column":24}},"1":{"start":{"line":3,"column":13},"end":{"line":8,"column":3}},"2":{"start":{"line":12,"column":27},"end":{"line":18,"column":1}},"3":{"start":{"line":13,"column":17},"end":{"line":13,"column":44}},"4":{"start":{"line":14,"column":2},"end":{"line":16,"column":3}},"5":{"start":{"line":15,"column":4},"end":{"line":15,"column":72}},"6":{"start":{"line":17,"column":2},"end":{"line":17,"column":21}},"7":{"start":{"line":12,"column":13},"end":{"line":12,"column":27}}},"fnMap":{"0":{"name":"(anonymous_0)","decl":{"start":{"line":12,"column":27},"end":{"line":12,"column":28}},"loc":{"start":{"line":12,"column":63},"end":{"line":18,"column":1}}}},"branchMap":{"0":{"loc":{"start":{"line":14,"column":2},"end":{"line":16,"column":3}},"type":"if","locations":[{"start":{"line":14,"column":2},"end":{"line":16,"column":3}},{"start":{},"end":{}}]}},"s":{"0":0,"1":0,"2":0,"3":0,"4":0,"5":0,"6":0,"7":0},"f":{"0":0},"b":{"0":[0,0]}}
,"/Users/aditya/Desktop/ludo-arena-pro-main/backend/src/deposit/deposit.controller.ts": {"path":"/Users/aditya/Desktop/ludo-arena-pro-main/backend/src/deposit/deposit.controller.ts","statementMap":{"0":{"start":{"line":1,"column":0},"end":{"line":1,"column":105}},"1":{"start":{"line":2,"column":0},"end":{"line":2,"column":81}},"2":{"start":{"line":3,"column":0},"end":{"line":3,"column":51}},"3":{"start":{"line":4,"column":0},"end":{"line":4,"column":61}},"4":{"start":{"line":5,"column":0},"end":{"line":5,"column":72}},"5":{"start":{"line":6,"column":0},"end":{"line":6,"column":60}},"6":{"start":{"line":10,"column":2},"end":{"line":10,"column":null}},"7":{"start":{"line":15,"column":2},"end":{"line":15,"column":null}},"8":{"start":{"line":20,"column":2},"end":{"line":20,"column":null}},"9":{"start":{"line":27,"column":7},"end":{"line":73,"column":null}},"10":{"start":{"line":28,"column":31},"end":{"line":28,"column":47}},"11":{"start":{"line":33,"column":4},"end":{"line":33,"column":65}},"12":{"start":{"line":43,"column":4},"end":{"line":43,"column":69}},"13":{"start":{"line":53,"column":4},"end":{"line":53,"column":86}},"14":{"start":{"line":65,"column":4},"end":{"line":65,"column":73}},"15":{"start":{"line":71,"column":4},"end":{"line":71,"column":68}},"16":{"start":{"line":27,"column":13},"end":{"line":27,"column":30}},"17":{"start":{"line":32,"column":8},"end":{"line":34,"column":null}},"18":{"start":{"line":38,"column":8},"end":{"line":44,"column":null}},"19":{"start":{"line":48,"column":8},"end":{"line":54,"column":null}},"20":{"start":{"line":60,"column":8},"end":{"line":66,"column":null}},"21":{"start":{"line":70,"column":8},"end":{"line":72,"column":null}},"22":{"start":{"line":27,"column":13},"end":{"line":73,"column":null}}},"fnMap":{"0":{"name":"(anonymous_4)","decl":{"start":{"line":28,"column":2},"end":{"line":28,"column":31}},"loc":{"start":{"line":28,"column":61},"end":{"line":28,"column":65}}},"1":{"name":"(anonymous_5)","decl":{"start":{"line":32,"column":8},"end":{"line":32,"column":14}},"loc":{"start":{"line":32,"column":83},"end":{"line":34,"column":3}}},"2":{"name":"(anonymous_6)","decl":{"start":{"line":38,"column":8},"end":{"line":38,"column":17}},"loc":{"start":{"line":41,"column":29},"end":{"line":44,"column":3}}},"3":{"name":"(anonymous_7)","decl":{"start":{"line":48,"column":8},"end":{"line":48,"column":24}},"loc":{"start":{"line":51,"column":36},"end":{"line":54,"column":3}}},"4":{"name":"(anonymous_8)","decl":{"start":{"line":60,"column":8},"end":{"line":60,"column":18}},"loc":{"start":{"line":63,"column":70},"end":{"line":66,"column":3}}},"5":{"name":"(anonymous_9)","decl":{"start":{"line":70,"column":8},"end":{"line":70,"column":18}},"loc":{"start":{"line":70,"column":88},"end":{"line":72,"column":3}}}},"branchMap":{"0":{"loc":{"start":{"line":65,"column":50},"end":{"line":65,"column":59}},"type":"binary-expr","locations":[{"start":{"line":65,"column":50},"end":{"line":65,"column":54}},{"start":{"line":65,"column":58},"end":{"line":65,"column":59}}]},"1":{"loc":{"start":{"line":65,"column":61},"end":{"line":65,"column":71}},"type":"binary-expr","locations":[{"start":{"line":65,"column":61},"end":{"line":65,"column":65}},{"start":{"line":65,"column":69},"end":{"line":65,"column":71}}]},"2":{"loc":{"start":{"line":28,"column":47},"end":{"line":28,"column":64}},"type":"cond-expr","locations":[{"start":{"line":28,"column":61},"end":{"line":28,"column":64}},{"start":{"line":28,"column":61},"end":{"line":28,"column":64}}]},"3":{"loc":{"start":{"line":28,"column":47},"end":{"line":28,"column":61}},"type":"binary-expr","locations":[{"start":{"line":28,"column":47},"end":{"line":28,"column":64}},{"start":{"line":28,"column":47},"end":{"line":28,"column":61}}]}},"s":{"0":0,"1":0,"2":0,"3":0,"4":0,"5":0,"6":0,"7":0,"8":0,"9":0,"10":0,"11":0,"12":0,"13":0,"14":0,"15":0,"16":0,"17":0,"18":0,"19":0,"20":0,"21":0,"22":0},"f":{"0":0,"1":0,"2":0,"3":0,"4":0,"5":0},"b":{"0":[0,0],"1":[0,0],"2":[0,0],"3":[0,0]}}
,"/Users/aditya/Desktop/ludo-arena-pro-main/backend/src/deposit/deposit.module.ts": {"path":"/Users/aditya/Desktop/ludo-arena-pro-main/backend/src/deposit/deposit.module.ts","statementMap":{"0":{"start":{"line":1,"column":0},"end":{"line":1,"column":40}},"1":{"start":{"line":2,"column":0},"end":{"line":2,"column":51}},"2":{"start":{"line":3,"column":0},"end":{"line":3,"column":57}},"3":{"start":{"line":4,"column":0},"end":{"line":4,"column":55}},"4":{"start":{"line":5,"column":0},"end":{"line":5,"column":55}},"5":{"start":{"line":6,"column":0},"end":{"line":6,"column":52}},"6":{"start":{"line":14,"column":7},"end":{"line":14,"column":null}},"7":{"start":{"line":14,"column":13},"end":{"line":14,"column":26}},"8":{"start":{"line":14,"column":13},"end":{"line":14,"column":null}}},"fnMap":{},"branchMap":{},"s":{"0":0,"1":0,"2":0,"3":0,"4":0,"5":0,"6":0,"7":0,"8":0},"f":{},"b":{}}
,"/Users/aditya/Desktop/ludo-arena-pro-main/backend/src/deposit/deposit.service.ts": {"path":"/Users/aditya/Desktop/ludo-arena-pro-main/backend/src/deposit/deposit.service.ts","statementMap":{"0":{"start":{"line":1,"column":0},"end":{"line":1,"column":73}},"1":{"start":{"line":2,"column":0},"end":{"line":2,"column":57}},"2":{"start":{"line":3,"column":0},"end":{"line":3,"column":57}},"3":{"start":{"line":4,"column":0},"end":{"line":4,"column":54}},"4":{"start":{"line":5,"column":0},"end":{"line":5,"column":76}},"5":{"start":{"line":6,"column":0},"end":{"line":6,"column":40}},"6":{"start":{"line":9,"column":27},"end":{"line":173,"column":null}},"7":{"start":{"line":10,"column":28},"end":{"line":10,"column":59}},"8":{"start":{"line":13,"column":21},"end":{"line":13,"column":29}},"9":{"start":{"line":14,"column":21},"end":{"line":14,"column":36}},"10":{"start":{"line":15,"column":21},"end":{"line":15,"column":35}},"11":{"start":{"line":19,"column":4},"end":{"line":21,"column":5}},"12":{"start":{"line":20,"column":6},"end":{"line":20,"column":72}},"13":{"start":{"line":23,"column":4},"end":{"line":29,"column":7}},"14":{"start":{"line":33,"column":20},"end":{"line":33,"column":86}},"15":{"start":{"line":35,"column":4},"end":{"line":35,"column":69}},"16":{"start":{"line":35,"column":18},"end":{"line":35,"column":69}},"17":{"start":{"line":36,"column":4},"end":{"line":36,"column":81}},"18":{"start":{"line":36,"column":35},"end":{"line":36,"column":81}},"19":{"start":{"line":37,"column":4},"end":{"line":39,"column":5}},"20":{"start":{"line":38,"column":6},"end":{"line":38,"column":87}},"21":{"start":{"line":42,"column":24},"end":{"line":42,"column":80}},"22":{"start":{"line":43,"column":4},"end":{"line":45,"column":5}},"23":{"start":{"line":44,"column":6},"end":{"line":44,"column":72}},"24":{"start":{"line":47,"column":4},"end":{"line":50,"column":7}},"25":{"start":{"line":54,"column":20},"end":{"line":54,"column":86}},"26":{"start":{"line":56,"column":4},"end":{"line":56,"column":69}},"27":{"start":{"line":56,"column":18},"end":{"line":56,"column":69}},"28":{"start":{"line":57,"column":4},"end":{"line":57,"column":81}},"29":{"start":{"line":57,"column":35},"end":{"line":57,"column":81}},"30":{"start":{"line":58,"column":4},"end":{"line":60,"column":5}},"31":{"start":{"line":59,"column":6},"end":{"line":59,"column":94}},"32":{"start":{"line":62,"column":4},"end":{"line":65,"column":7}},"33":{"start":{"line":69,"column":4},"end":{"line":77,"column":58}},"34":{"start":{"line":77,"column":36},"end":{"line":77,"column":55}},"35":{"start":{"line":81,"column":20},"end":{"line":81,"column":86}},"36":{"start":{"line":82,"column":4},"end":{"line":82,"column":69}},"37":{"start":{"line":82,"column":18},"end":{"line":82,"column":69}},"38":{"start":{"line":83,"column":4},"end":{"line":83,"column":91}},"39":{"start":{"line":83,"column":45},"end":{"line":83,"column":91}},"40":{"start":{"line":84,"column":4},"end":{"line":84,"column":19}},"41":{"start":{"line":88,"column":4},"end":{"line":129,"column":7}},"42":{"start":{"line":89,"column":22},"end":{"line":89,"column":79}},"43":{"start":{"line":90,"column":6},"end":{"line":90,"column":71}},"44":{"start":{"line":90,"column":20},"end":{"line":90,"column":71}},"45":{"start":{"line":92,"column":6},"end":{"line":94,"column":7}},"46":{"start":{"line":93,"column":8},"end":{"line":93,"column":100}},"47":{"start":{"line":96,"column":6},"end":{"line":98,"column":7}},"48":{"start":{"line":97,"column":8},"end":{"line":97,"column":76}},"49":{"start":{"line":101,"column":22},"end":{"line":108,"column":8}},"50":{"start":{"line":111,"column":6},"end":{"line":119,"column":8}},"51":{"start":{"line":122,"column":6},"end":{"line":126,"column":8}},"52":{"start":{"line":128,"column":6},"end":{"line":128,"column":21}},"53":{"start":{"line":133,"column":4},"end":{"line":158,"column":7}},"54":{"start":{"line":134,"column":22},"end":{"line":134,"column":79}},"55":{"start":{"line":135,"column":6},"end":{"line":135,"column":71}},"56":{"start":{"line":135,"column":20},"end":{"line":135,"column":71}},"57":{"start":{"line":137,"column":6},"end":{"line":139,"column":7}},"58":{"start":{"line":138,"column":8},"end":{"line":138,"column":100}},"59":{"start":{"line":141,"column":22},"end":{"line":149,"column":8}},"60":{"start":{"line":151,"column":6},"end":{"line":155,"column":8}},"61":{"start":{"line":157,"column":6},"end":{"line":157,"column":21}},"62":{"start":{"line":162,"column":4},"end":{"line":171,"column":58}},"63":{"start":{"line":171,"column":36},"end":{"line":171,"column":55}},"64":{"start":{"line":9,"column":13},"end":{"line":9,"column":27}},"65":{"start":{"line":9,"column":13},"end":{"line":173,"column":null}}},"fnMap":{"0":{"name":"(anonymous_2)","decl":{"start":{"line":12,"column":2},"end":{"line":12,"column":null}},"loc":{"start":{"line":15,"column":47},"end":{"line":16,"column":6}}},"1":{"name":"(anonymous_3)","decl":{"start":{"line":18,"column":2},"end":{"line":18,"column":7}},"loc":{"start":{"line":18,"column":52},"end":{"line":30,"column":3}}},"2":{"name":"(anonymous_4)","decl":{"start":{"line":32,"column":2},"end":{"line":32,"column":7}},"loc":{"start":{"line":32,"column":64},"end":{"line":51,"column":3}}},"3":{"name":"(anonymous_5)","decl":{"start":{"line":53,"column":2},"end":{"line":53,"column":7}},"loc":{"start":{"line":53,"column":81},"end":{"line":66,"column":3}}},"4":{"name":"(anonymous_6)","decl":{"start":{"line":68,"column":2},"end":{"line":68,"column":7}},"loc":{"start":{"line":68,"column":70},"end":{"line":78,"column":3}}},"5":{"name":"(anonymous_7)","decl":{"start":{"line":77,"column":12},"end":{"line":77,"column":13}},"loc":{"start":{"line":77,"column":36},"end":{"line":77,"column":55}}},"6":{"name":"(anonymous_8)","decl":{"start":{"line":80,"column":2},"end":{"line":80,"column":7}},"loc":{"start":{"line":80,"column":60},"end":{"line":85,"column":3}}},"7":{"name":"(anonymous_9)","decl":{"start":{"line":87,"column":2},"end":{"line":87,"column":7}},"loc":{"start":{"line":87,"column":57},"end":{"line":130,"column":3}}},"8":{"name":"(anonymous_10)","decl":{"start":{"line":88,"column":36},"end":{"line":88,"column":41}},"loc":{"start":{"line":88,"column":49},"end":{"line":129,"column":5}}},"9":{"name":"(anonymous_11)","decl":{"start":{"line":132,"column":2},"end":{"line":132,"column":7}},"loc":{"start":{"line":132,"column":72},"end":{"line":159,"column":3}}},"10":{"name":"(anonymous_12)","decl":{"start":{"line":133,"column":36},"end":{"line":133,"column":41}},"loc":{"start":{"line":133,"column":49},"end":{"line":158,"column":5}}},"11":{"name":"(anonymous_13)","decl":{"start":{"line":161,"column":2},"end":{"line":161,"column":7}},"loc":{"start":{"line":161,"column":62},"end":{"line":172,"column":3}}},"12":{"name":"(anonymous_14)","decl":{"start":{"line":171,"column":12},"end":{"line":171,"column":13}},"loc":{"start":{"line":171,"column":36},"end":{"line":171,"column":55}}}},"branchMap":{"0":{"loc":{"start":{"line":19,"column":4},"end":{"line":21,"column":5}},"type":"if","locations":[{"start":{"line":19,"column":4},"end":{"line":21,"column":5}},{"start":{},"end":{}}]},"1":{"loc":{"start":{"line":35,"column":4},"end":{"line":35,"column":69}},"type":"if","locations":[{"start":{"line":35,"column":4},"end":{"line":35,"column":69}},{"start":{},"end":{}}]},"2":{"loc":{"start":{"line":36,"column":4},"end":{"line":36,"column":81}},"type":"if","locations":[{"start":{"line":36,"column":4},"end":{"line":36,"column":81}},{"start":{},"end":{}}]},"3":{"loc":{"start":{"line":37,"column":4},"end":{"line":39,"column":5}},"type":"if","locations":[{"start":{"line":37,"column":4},"end":{"line":39,"column":5}},{"start":{},"end":{}}]},"4":{"loc":{"start":{"line":43,"column":4},"end":{"line":45,"column":5}},"type":"if","locations":[{"start":{"line":43,"column":4},"end":{"line":45,"column":5}},{"start":{},"end":{}}]},"5":{"loc":{"start":{"line":43,"column":8},"end":{"line":43,"column":51}},"type":"binary-expr","locations":[{"start":{"line":43,"column":8},"end":{"line":43,"column":19}},{"start":{"line":43,"column":23},"end":{"line":43,"column":51}}]},"6":{"loc":{"start":{"line":56,"column":4},"end":{"line":56,"column":69}},"type":"if","locations":[{"start":{"line":56,"column":4},"end":{"line":56,"column":69}},{"start":{},"end":{}}]},"7":{"loc":{"start":{"line":57,"column":4},"end":{"line":57,"column":81}},"type":"if","locations":[{"start":{"line":57,"column":4},"end":{"line":57,"column":81}},{"start":{},"end":{}}]},"8":{"loc":{"start":{"line":58,"column":4},"end":{"line":60,"column":5}},"type":"if","locations":[{"start":{"line":58,"column":4},"end":{"line":60,"column":5}},{"start":{},"end":{}}]},"9":{"loc":{"start":{"line":68,"column":35},"end":{"line":68,"column":51}},"type":"default-arg","locations":[{"start":{"line":68,"column":50},"end":{"line":68,"column":51}}]},"10":{"loc":{"start":{"line":68,"column":53},"end":{"line":68,"column":70}},"type":"default-arg","locations":[{"start":{"line":68,"column":68},"end":{"line":68,"column":70}}]},"11":{"loc":{"start":{"line":82,"column":4},"end":{"line":82,"column":69}},"type":"if","locations":[{"start":{"line":82,"column":4},"end":{"line":82,"column":69}},{"start":{},"end":{}}]},"12":{"loc":{"start":{"line":83,"column":4},"end":{"line":83,"column":91}},"type":"if","locations":[{"start":{"line":83,"column":4},"end":{"line":83,"column":91}},{"start":{},"end":{}}]},"13":{"loc":{"start":{"line":83,"column":8},"end":{"line":83,"column":43}},"type":"binary-expr","locations":[{"start":{"line":83,"column":8},"end":{"line":83,"column":14}},{"start":{"line":83,"column":18},"end":{"line":83,"column":43}}]},"14":{"loc":{"start":{"line":90,"column":6},"end":{"line":90,"column":71}},"type":"if","locations":[{"start":{"line":90,"column":6},"end":{"line":90,"column":71}},{"start":{},"end":{}}]},"15":{"loc":{"start":{"line":92,"column":6},"end":{"line":94,"column":7}},"type":"if","locations":[{"start":{"line":92,"column":6},"end":{"line":94,"column":7}},{"start":{},"end":{}}]},"16":{"loc":{"start":{"line":96,"column":6},"end":{"line":98,"column":7}},"type":"if","locations":[{"start":{"line":96,"column":6},"end":{"line":98,"column":7}},{"start":{},"end":{}}]},"17":{"loc":{"start":{"line":135,"column":6},"end":{"line":135,"column":71}},"type":"if","locations":[{"start":{"line":135,"column":6},"end":{"line":135,"column":71}},{"start":{},"end":{}}]},"18":{"loc":{"start":{"line":137,"column":6},"end":{"line":139,"column":7}},"type":"if","locations":[{"start":{"line":137,"column":6},"end":{"line":139,"column":7}},{"start":{},"end":{}}]},"19":{"loc":{"start":{"line":161,"column":27},"end":{"line":161,"column":43}},"type":"default-arg","locations":[{"start":{"line":161,"column":42},"end":{"line":161,"column":43}}]},"20":{"loc":{"start":{"line":161,"column":45},"end":{"line":161,"column":62}},"type":"default-arg","locations":[{"start":{"line":161,"column":60},"end":{"line":161,"column":62}}]},"21":{"loc":{"start":{"line":13,"column":29},"end":{"line":13,"column":null}},"type":"cond-expr","locations":[{"start":{"line":13,"column":42},"end":{"line":13,"column":null}},{"start":{"line":13,"column":42},"
[...]
4,"column":2},"end":{"line":14,"column":null}},"8":{"start":{"line":18,"column":2},"end":{"line":18,"column":null}},"9":{"start":{"line":25,"column":7},"end":{"line":57,"column":null}},"10":{"start":{"line":26,"column":31},"end":{"line":26,"column":50}},"11":{"start":{"line":31,"column":4},"end":{"line":31,"column":89}},"12":{"start":{"line":37,"column":4},"end":{"line":37,"column":63}},"13":{"start":{"line":49,"column":4},"end":{"line":49,"column":76}},"14":{"start":{"line":55,"column":4},"end":{"line":55,"column":67}},"15":{"start":{"line":25,"column":13},"end":{"line":25,"column":33}},"16":{"start":{"line":30,"column":8},"end":{"line":32,"column":null}},"17":{"start":{"line":36,"column":8},"end":{"line":38,"column":null}},"18":{"start":{"line":44,"column":8},"end":{"line":50,"column":null}},"19":{"start":{"line":54,"column":8},"end":{"line":56,"column":null}},"20":{"start":{"line":25,"column":13},"end":{"line":57,"column":null}}},"fnMap":{"0":{"name":"(anonymous_4)","decl":{"start":{"line":26,"column":2},"end":{"line":26,"column":31}},"loc":{"start":{"line":26,"column":67},"end":{"line":26,"column":71}}},"1":{"name":"(anonymous_5)","decl":{"start":{"line":30,"column":8},"end":{"line":30,"column":14}},"loc":{"start":{"line":30,"column":86},"end":{"line":32,"column":3}}},"2":{"name":"(anonymous_6)","decl":{"start":{"line":36,"column":8},"end":{"line":36,"column":14}},"loc":{"start":{"line":36,"column":87},"end":{"line":38,"column":3}}},"3":{"name":"(anonymous_7)","decl":{"start":{"line":44,"column":8},"end":{"line":44,"column":18}},"loc":{"start":{"line":47,"column":70},"end":{"line":50,"column":3}}},"4":{"name":"(anonymous_8)","decl":{"start":{"line":54,"column":8},"end":{"line":54,"column":18}},"loc":{"start":{"line":54,"column":91},"end":{"line":56,"column":3}}}},"branchMap":{"0":{"loc":{"start":{"line":49,"column":53},"end":{"line":49,"column":62}},"type":"binary-expr","locations":[{"start":{"line":49,"column":53},"end":{"line":49,"column":57}},{"start":{"line":49,"column":61},"end":{"line":49,"column":62}}]},"1":{"loc":{"start":{"line":49,"column":64},"end":{"line":49,"column":74}},"type":"binary-expr","locations":[{"start":{"line":49,"column":64},"end":{"line":49,"column":68}},{"start":{"line":49,"column":72},"end":{"line":49,"column":74}}]},"2":{"loc":{"start":{"line":26,"column":50},"end":{"line":26,"column":70}},"type":"cond-expr","locations":[{"start":{"line":26,"column":67},"end":{"line":26,"column":70}},{"start":{"line":26,"column":67},"end":{"line":26,"column":70}}]},"3":{"loc":{"start":{"line":26,"column":50},"end":{"line":26,"column":67}},"type":"binary-expr","locations":[{"start":{"line":26,"column":50},"end":{"line":26,"column":70}},{"start":{"line":26,"column":50},"end":{"line":26,"column":67}}]}},"s":{"0":0,"1":0,"2":0,"3":0,"4":0,"5":0,"6":0,"7":0,"8":0,"9":0,"10":0,"11":0,"12":0,"13":0,"14":0,"15":0,"16":0,"17":0,"18":0,"19":0,"20":0},"f":{"0":0,"1":0,"2":0,"3":0,"4":0},"b":{"0":[0,0],"1":[0,0],"2":[0,0],"3":[0,0]}}
,"/Users/aditya/Desktop/ludo-arena-pro-main/backend/src/withdrawal/withdrawal.module.ts": {"path":"/Users/aditya/Desktop/ludo-arena-pro-main/backend/src/withdrawal/withdrawal.module.ts","statementMap":{"0":{"start":{"line":1,"column":0},"end":{"line":1,"column":40}},"1":{"start":{"line":2,"column":0},"end":{"line":2,"column":57}},"2":{"start":{"line":3,"column":0},"end":{"line":3,"column":63}},"3":{"start":{"line":4,"column":0},"end":{"line":4,"column":55}},"4":{"start":{"line":5,"column":0},"end":{"line":5,"column":55}},"5":{"start":{"line":6,"column":0},"end":{"line":6,"column":52}},"6":{"start":{"line":14,"column":7},"end":{"line":14,"column":null}},"7":{"start":{"line":14,"column":13},"end":{"line":14,"column":29}},"8":{"start":{"line":14,"column":13},"end":{"line":14,"column":null}}},"fnMap":{},"branchMap":{},"s":{"0":0,"1":0,"2":0,"3":0,"4":0,"5":0,"6":0,"7":0,"8":0},"f":{},"b":{}}
,"/Users/aditya/Desktop/ludo-arena-pro-main/backend/src/withdrawal/withdrawal.service.ts": {"path":"/Users/aditya/Desktop/ludo-arena-pro-main/backend/src/withdrawal/withdrawal.service.ts","statementMap":{"0":{"start":{"line":1,"column":0},"end":{"line":1,"column":73}},"1":{"start":{"line":2,"column":0},"end":{"line":2,"column":57}},"2":{"start":{"line":3,"column":0},"end":{"line":3,"column":57}},"3":{"start":{"line":4,"column":0},"end":{"line":4,"column":54}},"4":{"start":{"line":5,"column":0},"end":{"line":5,"column":79}},"5":{"start":{"line":6,"column":0},"end":{"line":6,"column":40}},"6":{"start":{"line":9,"column":30},"end":{"line":220,"column":null}},"7":{"start":{"line":10,"column":28},"end":{"line":10,"column":62}},"8":{"start":{"line":13,"column":36},"end":{"line":13,"column":58}},"9":{"start":{"line":14,"column":36},"end":{"line":14,"column":62}},"10":{"start":{"line":17,"column":21},"end":{"line":17,"column":29}},"11":{"start":{"line":18,"column":21},"end":{"line":18,"column":36}},"12":{"start":{"line":19,"column":21},"end":{"line":19,"column":35}},"13":{"start":{"line":23,"column":4},"end":{"line":25,"column":5}},"14":{"start":{"line":24,"column":6},"end":{"line":24,"column":84}},"15":{"start":{"line":27,"column":26},"end":{"line":27,"column":52}},"16":{"start":{"line":29,"column":4},"end":{"line":31,"column":5}},"17":{"start":{"line":30,"column":6},"end":{"line":30,"column":102}},"18":{"start":{"line":33,"column":4},"end":{"line":35,"column":5}},"19":{"start":{"line":34,"column":6},"end":{"line":34,"column":102}},"20":{"start":{"line":38,"column":21},"end":{"line":38,"column":64}},"21":{"start":{"line":39,"column":27},"end":{"line":39,"column":55}},"22":{"start":{"line":41,"column":4},"end":{"line":43,"column":5}},"23":{"start":{"line":42,"column":6},"end":{"line":42,"column":75}},"24":{"start":{"line":45,"column":4},"end":{"line":54,"column":7}},"25":{"start":{"line":58,"column":23},"end":{"line":58,"column":95}},"26":{"start":{"line":60,"column":4},"end":{"line":60,"column":75}},"27":{"start":{"line":60,"column":21},"end":{"line":60,"column":75}},"28":{"start":{"line":61,"column":4},"end":{"line":61,"column":84}},"29":{"start":{"line":61,"column":38},"end":{"line":61,"column":84}},"30":{"start":{"line":62,"column":4},"end":{"line":64,"column":5}},"31":{"start":{"line":63,"column":6},"end":{"line":63,"column":99}},"32":{"start":{"line":66,"column":4},"end":{"line":69,"column":7}},"33":{"start":{"line":73,"column":4},"end":{"line":81,"column":64}},"34":{"start":{"line":81,"column":39},"end":{"line":81,"column":61}},"35":{"start":{"line":85,"column":23},"end":{"line":85,"column":95}},"36":{"start":{"line":86,"column":4},"end":{"line":86,"column":75}},"37":{"start":{"line":86,"column":21},"end":{"line":86,"column":75}},"38":{"start":{"line":87,"column":4},"end":{"line":87,"column":94}},"39":{"start":{"line":87,"column":48},"end":{"line":87,"column":94}},"40":{"start":{"line":88,"column":4},"end":{"line":88,"column":22}},"41":{"start":{"line":94,"column":4},"end":{"line":103,"column":64}},"42":{"start":{"line":103,"column":39},"end":{"line":103,"column":61}},"43":{"start":{"line":107,"column":4},"end":{"line":164,"column":7}},"44":{"start":{"line":108,"column":25},"end":{"line":108,"column":88}},"45":{"start":{"line":110,"column":6},"end":{"line":110,"column":77}},"46":{"start":{"line":110,"column":23},"end":{"line":110,"column":77}},"47":{"start":{"line":111,"column":6},"end":{"line":113,"column":7}},"48":{"start":{"line":112,"column":8},"end":{"line":112,"column":106}},"49":{"start":{"line":115,"column":6},"end":{"line":121,"column":7}},"50":{"start":{"line":117,"column":28},"end":{"line":117,"column":78}},"51":{"start":{"line":118,"column":8},"end":{"line":120,"column":9}},"52":{"start":{"line":119,"column":10},"end":{"line":119,"column":76}},"53":{"start":{"line":123,"column":23},"end":{"line":123,"column":44}},"54":{"start":{"line":124,"column":6},"end":{"line":126,"column":7}},"55":{"start":{"line":125,"column":8},"end":{"line":125,"column":81}},"56":{"start":{"line":130,"column":29},"end":{"line":130,"column":115}},"57":{"start":{"line":131,"column":6},"end":{"line":133,"column":7}},"58":{"start":{"line":132,"column":8},"end":{"line":132,"column":119}},"59":{"start":{"line":136,"column":6},"end":{"line":144,"column":8}},"60":{"start":{"line":147,"column":22},"end":{"line":155,"column":8}},"61":{"start":{"line":157,"column":6},"end":{"line":161,"column":8}},"62":{"start":{"line":163,"column":6},"end":{"line":163,"column":21}},"63":{"start":{"line":168,"column":4},"end":{"line":193,"column":7}},"64":{"start":{"line":169,"column":25},"end":{"line":169,"column":88}},"65":{"start":{"line":171,"column":6},"end":{"line":171,"column":77}},"66":{"start":{"line":171,"column":23},"end":{"line":171,"column":77}},"67":{"start":{"line":172,"column":6},"end":{"line":174,"column":7}},"68":{"start":{"line":173,"column":8},"end":{"line":173,"column":106}},"69":{"start":{"line":176,"column":22},"end":{"line":184,"column":8}},"70":{"start":{"line":186,"column":6},"end":{"line":190,"column":8}},"71":{"start":{"line":192,"column":6},"end":{"line":192,"column":21}},"72":{"start":{"line":197,"column":24},"end":{"line":197,"column":83}},"73":{"start":{"line":198,"column":4},"end":{"line":200,"column":5}},"74":{"start":{"line":199,"column":6},"end":{"line":199,"column":72}},"75":{"start":{"line":202,"column":20},"end":{"line":205,"column":6}},"76":{"start":{"line":207,"column":4},"end":{"line":207,"column":120}},"77":{"start":{"line":208,"column":4},"end":{"line":208,"column":19}},"78":{"start":{"line":212,"column":20},"end":{"line":215,"column":6}},"79":{"start":{"line":217,"column":4},"end":{"line":217,"column":117}},"80":{"start":{"line":218,"column":4},"end":{"line":218,"column":19}},"81":{"start":{"line":9,"column":13},"end":{"line":9,"column":30}},"82":{"start":{"line":9,"column":13},"end":{"line":220,"column":null}}},"fnMap":{"0":{"name":"(anonymous_2)","decl":{"start":{"line":16,"column":2},"end":{"line":16,"column":null}},"loc":{"start":{"line":19,"column":47},"end":{"line":20,"column":6}}},"1":{"name":"(anonymous_3)","decl":{"start":{"line":22,"column":2},"end":{"line":22,"column":7}},"loc":{"start":{"line":22,"column":83},"end":{"line":55,"column":3}}},"2":{"name":"(anonymous_4)","decl":{"start":{"line":57,"column":2},"end":{"line":57,"column":7}},"loc":{"start":{"line":57,"column":51},"end":{"line":70,"column":3}}},"3":{"name":"(anonymous_5)","decl":{"start":{"line":72,"column":2},"end":{"line":72,"column":7}},"loc":{"start":{"line":72,"column":70},"end":{"line":82,"column":3}}},"4":{"name":"(anonymous_6)","decl":{"start":{"line":81,"column":12},"end":{"line":81,"column":13}},"loc":{"start":{"line":81,"column":39},"end":{"line":81,"column":61}}},"5":{"name":"(anonymous_7)","decl":{"start":{"line":84,"column":2},"end":{"line":84,"column":7}},"loc":{"start":{"line":84,"column":56},"end":{"line":89,"column":3}}},"6":{"name":"(anonymous_8)","decl":{"start":{"line":93,"column":2},"end":{"line":93,"column":7}},"loc":{"start":{"line":93,"column":65},"end":{"line":104,"column":3}}},"7":{"name":"(anonymous_9)","decl":{"start":{"line":103,"column":12},"end":{"line":103,"column":13}},"loc":{"start":{"line":103,"column":39},"end":{"line":103,"column":61}}},"8":{"name":"(anonymous_10)","decl":{"start":{"line":106,"column":2},"end":{"line":106,"column":7}},"loc":{"start":{"line":106,"column":67},"end":{"line":165,"column":3}}},"9":{"name":"(anonymous_11)","decl":{"start":{"line":107,"column":36},"end":{"line":107,"column":41}},"loc":{"start":{"line":107,"column":49},"end":{"line":164,"column":5}}},"10":{"name":"(anonymous_12)","decl":{"start":{"line":167,"column":2},"end":{"line":167,"column":7}},"loc":{"start":{"line":167,"column":68},"end":{"line":194,"column":3}}},"11":{"name":"(anonymous_13)","decl":{"start":{"line":168,"column":36},"end":{"line":168,"column":41}},"loc":{"start":{"line":168,"column":49},"end":{"line":193,"column":5}}},"12":{"name":"(anonymous_14)","decl":{"start":{"line":196,"column":2},"end":{"line":196,"column":7}},"loc":{"start":{"line":196,"column":65},"end":{"line":209,"column":3}}},"13":{"name":"(anonymous_15)","decl":{"start":{"line":211,"column":2},"end":{"line":211,"column":7}},"loc":{"start":{"line":211,"column":69},"end":{"line":219,"column":3}}}},"branchMap":{"0":{"loc":{"start":{"line":23,"column":4},"end":{"line":25,"column":5}},"type":"if","locations":[{"start":{"line":23,"column":4},"end":{"line":25,"column":5}},{"start":{},"end":{}}]},"1":{"loc":{"start":{"line":23,"column":8},"end":{"line":23,"column":30}},"type":"binary-expr","locations":[{"start":{"line":23,"column":8},"end":{"line":23,"column":14}},{"start":{"line":23,"column":18},"end":{"line":23,"column":30}}]},"2":{"loc":{"start":{"line":29,"column":4},"end":{"line":31,"column":5}},"type":"if","locations":[{"start":{"line":29,"column":4},"end":{"line":31,"column":5}},{"start":{},"end":{}}]},"3":{"loc":{"start":{"line":33,"column":4},"end":{"line":35,"column":5}},"type":"if","locations":[{"start":{"line":33,"column":4},"end":{"line":35,"column":5}},{"start":{},"end":{}}]},"4":{"loc":{"start":{"line":41,"column":4},"end":{"line":43,"column":5}},"type":"if","locations":[{"start":{"line":41,"column":4},"end":{"line":43,"column":5}},{"start":{},"end":{}}]},"5":{"loc":{"start":{"line":60,"column":4},"end":{"line":60,"column":75}},"type":"if","locations":[{"start":{"line":60,"column":4},"end":{"line":60,"column":75}},{"start":{},"end":{}}]},"6":{"loc":{"start":{"line":61,"column":4},"end":{"line":61,"column":84}},"type":"if","locations":[{"start":{"line":61,"column":4},"end":{"line":61,"column":84}},{"start":{},"end":{}}]},"7":{"loc":{"start":{"line":62,"column":4},"end":{"line":64,"column":5}},"type":"if","locations":[{"start":{"line":62,"column":4},"end":{"line":64,"column":5}},{"start":{},"end":{}}]},"8":{"loc":{"start":{"line":72,"column":35},"end":{"line":72,"column":51}},"type":"default-arg","locations":[{"start":{"line":72,"column":50},"end":{"line":72,"column":51}}]},"9":{"loc":{"start":{"line":72,"column":53},"end":{"line":72,"column":70}},"type":"default-arg","locations":[{"start":{"line":72,"column":68},"end":{"line":72,"column":70}}]},"10":{"loc":{"start":{"line":86,"column":4},"end":{"line":86,"column":75}},"type":"if","locations":[{"start":{"line":86,"column":4},"end":{"line":86,"column":75}},{"start":{},"end":{}}]},"11":{"loc":{"start":{"line":87,"column":4},"end":{"line":87,"column":94}},"type":"if","locations":[{"start":{"line":87,"column":4},"end":{"line":87,"column":94}},{"start":{},"end":{}}]},"12":{"loc":{"start":{"line":87,"column":8},"end":{"line":87,"column":46}},"type":"binary-expr","locations":[{"start":{"line":87,"column":8},"end":{"line":87,"column":14}},{"start":{"line":87,"column":18},"end":{"line":87,"column":46}}]},"13":{"loc":{"start":{"line":93,"column":30},"end":{"line":93,"column":46}},"type":"default-arg","locations":[{"start":{"line":93,"column":45},"end":{"line":93,"column":46}}]},"14":{"loc":{"start":{"line":93,"column":48},"end":{"line":93,"column":65}},"type":"default-arg","locations":[{"start":{"line":93,"column":63},"end":{"line":93,"column":65}}]},"15":{"loc":{"start":{"line":110,"column":6},"end":{"line":110,"column":77}},"type":"if","locations":[{"start":{"line":110,"column":6},"end":{"line":110,"column":77}},{"start":{},"end":{}}]},"16":{"loc":{"start":{"line":111,"column":6},"end":{"line":113,"column":7}},"type":"if","locations":[{"start":{"line":111,"column":6},"end":{"line":113,"column":7}},{"start":{},"end":{}}]},"17":{"loc":{"start":{"line":115,"column":6},"end":{"line":121,"column":7}},"type":"if","locations":[{"start":{"line":115,"column":6},"end":{"line":121,"column":7}},{"start":{},"end":{}}]},"18":{"loc":{"start":{"line":118,"column":8},"end":{"line":120,"column":9}},"type":"if","locations":[{"start":{"line":118,"column":8},"end":{"line":120,"column":9}},{"start":{},"end":{}}]},"19":{"loc":{"start":{"line":118,"column":12},"end":{"line":118,"column":58}},"type":"binary-expr","locations":[{"start":{"line":118,"column":12},"end":{"line":118,"column":23}},{"start":{"line":118,"column":27},"end":{"line":118,"column":58}}]},"20":{"loc":{"start":{"line":123,"column":23},"end":{"line":123,"column":44}},"type":"binary-expr","locations":[{"start":{"line":123,"column":23},"end":{"line":123,"column":26}},{"start":{"line":123,"column":30},"end":{"line":123,"column":44}}]},"21":{"loc":{"start":{"line":124,"column":6},"end":{"line":126,"column":7}},"type":"if","locations":[{"start":{"line":124,"column":6},"end":{"line":126,"column":7}},{"start":{},"end":{}}]},"22":{"loc":{"start":{"line":131,"column":6},"end":{"line":133,"column":7}},"type":"if","locations":[{"start":{"line":131,"column":6},"end":{"line":133,"column":7}},{"start":{},"end":{}}]},"23":{"loc":{"start":{"line":171,"column":6},"end":{"line":171,"column":77}},"type":"if","locations":[{"start":{"line":171,"column":6},"end":{"line":171,"column":77}},{"start":{},"end":{}}]},"24":{"loc":{"start":{"line":172,"column":6},"end":{"line":174,"column":7}},"type":"if","locations":[{"start":{"line":172,"column":6},"end":{"line":174,"column":7}},{"start":{},"end":{}}]},"25":{"loc":{"start":{"line":198,"column":4},"end":{"line":200,"column":5}},"type":"if","locations":[{"start":{"line":198,"column":4},"end":{"line":200,"column":5}},{"start":{},"end":{}}]},"26":{"loc":{"start":{"line":198,"column":8},"end":{"line":198,"column":54}},"type":"binary-expr","locations":[{"start":{"line":198,"column":8},"end":{"line":198,"column":19}},{"start":{"line":198,"column":23},"end":{"line":198,"column":54}}]},"27":{"loc":{"start":{"line":17,"column":29},"end":{"line":17,"column":null}},"type":"cond-expr","locations":[{"start":{"line":17,"column":42},"end":{"line":17,"column":null}},{"start":{"line":17,"column":42},"end":{"line":17,"column":null}}]},"28":{"loc":{"start":{"line":17,"column":29},"end":{"line":17,"column":42}},"type":"binary-expr","locations":[{"start":{"line":17,"column":29},"end":{"line":17,"column":null}},{"start":{"line":17,"column":29},"end":{"line":17,"column":42}}]},"29":{"loc":{"start":{"line":17,"column":42},"end":{"line":18,"column":null}},"type":"cond-expr","locations":[{"start":{"line":18,"column":49},"end":{"line":18,"column":null}},{"start":{"line":18,"column":49},"end":{"line":18,"column":null}}]},"30":{"loc":{"start":{"line":17,"column":42},"end":{"line":18,"column":49}},"type":"binary-expr","locations":[{"start":{"line":17,"column":42},"end":{"line":18,"column":null}},{"start":{"line":18,"column":36},"end":{"line":18,"column":49}}]},"31":{"loc":{"start":{"line":18,"column":49},"end":{"line":19,"column":null}},"type":"cond-expr","locations":[{"start":{"line":19,"column":47},"end":{"line":19,"column":null}},{"start":{"line":19,"column":47},"end":{"line":19,"column":null}}]},"32":{"loc":{"start":{"line":18,"column":49},"end":{"line":19,"column":47}},"type":"binary-expr","locations":[{"start":{"line":18,"column":49},"end":{"line":19,"column":null}},{"start":{"line":19,"column":35},"end":{"line":19,"column":47}}]}},"s":{"0":0,"1":0,"2":0,"3":0,"4":0,"5":0,"6":0,"7":0,"8":0,"9":0,"10":0,"11":0,"12":0,"13":0,"14":0,"15":0,"16":0,"17":0,"18":0,"19":0,"20":0,"21":0,"22":0,"23":0,"24":0,"25":0,"26":0,"27":0,"28":0,"29":0,"30":0,"31":0,"32":0,"33":0,"34":0,"35":0,"36":0,"37":0,"38":0,"39":0,"40":0,"41":0,"42":0,"43":0,"44":0,"45":0,"46":0,"47":0,"48":0,"49":0,"50":0,"51":0,"52":0,"53":0,"54":0,"55":0,"56":0,"57":0,"58":0,"59":0,"60":0,"61":0,"62":0,"63":0,"64":0,"65":0,"66":0,"67":0,"68":0,"69":0,"70":0,"71":0,"72":0,"73":0,"74":0,"75":0,"76":0,"77":0,"78":0,"79":0,"80":0,"81":0,"82":0},"f":{"0":0,"1":0,"2":0,"3":0,"4":0,"5":0,"6":0,"7":0,"8":0,"9":0,"10":0,"11":0,"12":0,"13":0},"b":{"0":[0,0],"1":[0,0],"2":[0,0],"3":[0,0],"4":[0,0],"5":[0,0],"6":[0,0],"7":[0,0],"8":[0],"9":[0],"10":[0,0],"11":[0,0],"12":[0,0],"13":[0],"14":[0],"15":[0,0],"16":[0,0],"17":[0,0],"18":[0,0],"19":[0,0],"20":[0,0],"21":[0,0],"22":[0,0],"23":[0,0],"24":[0,0],"25":[0,0],"26":[0,0],"27":[0,0],"28":[0,0],"29":[0,0],"30":[0,0],"31":[0,0],"32":[0,0]}}
}
