TN:
SF:src/app.controller.ts
FN:6,(anonymous_2)
FN:9,(anonymous_3)
FNF:2
FNH:0
FNDA:0,(anonymous_2)
FNDA:0,(anonymous_3)
DA:1,0
DA:2,0
DA:5,0
DA:6,0
DA:9,0
DA:10,0
LF:6
LH:0
BRDA:6,0,0,0
BRDA:6,0,1,0
BRDA:6,1,0,0
BRDA:6,1,1,0
BRF:4
BRH:0
end_of_record
TN:
SF:src/app.module.ts
FN:39,(anonymous_1)
FNF:1
FNH:0
FNDA:0,(anonymous_1)
DA:1,0
DA:2,0
DA:3,0
DA:4,0
DA:5,0
DA:6,0
DA:7,0
DA:8,0
DA:9,0
DA:10,0
DA:11,0
DA:12,0
DA:13,0
DA:14,0
DA:15,0
DA:16,0
DA:17,0
DA:18,0
DA:38,0
DA:40,0
LF:20
LH:0
BRF:0
BRH:0
end_of_record
TN:
SF:src/app.service.ts
FN:5,(anonymous_1)
FNF:1
FNH:0
FNDA:0,(anonymous_1)
DA:1,0
DA:4,0
DA:6,0
LF:3
LH:0
BRF:0
BRH:0
end_of_record
TN:
SF:src/main.ts
FN:11,bootstrap
FNF:1
FNH:0
FNDA:0,bootstrap
DA:1,0
DA:2,0
DA:3,0
DA:4,0
DA:5,0
DA:6,0
DA:7,0
DA:8,0
DA:9,0
DA:12,0
DA:16,0
DA:17,0
DA:18,0
DA:20,0
DA:25,0
DA:27,0
DA:28,0
DA:30,0
DA:38,0
DA:45,0
DA:46,0
DA:48,0
DA:50,0
LF:23
LH:0
BRDA:48,0,0,0
BRDA:48,0,1,0
BRF:2
BRH:0
end_of_record
TN:
SF:src/admin/admin.module.ts
FNF:0
FNH:0
DA:1,0
DA:2,0
DA:3,0
DA:4,0
DA:5,0
DA:6,0
DA:7,0
DA:8,0
DA:9,0
DA:15,0
LF:10
LH:0
BRF:0
BRH:0
end_of_record
TN:
SF:src/admin/admin-deposit/admin-deposit.controller.ts
FN:23,(anonymous_4)
FN:29,(anonymous_5)
FN:38,(anonymous_6)
FN:44,(anonymous_7)
FN:53,(anonymous_8)
FNF:5
FNH:0
FNDA:0,(anonymous_4)
FNDA:0,(anonymous_5)
FNDA:0,(anonymous_6)
FNDA:0,(anonymous_7)
FNDA:0,(anonymous_8)
DA:1,0
DA:2,0
DA:3,0
DA:4,0
DA:5,0
DA:6,0
DA:7,0
DA:8,0
DA:9,0
DA:14,0
DA:22,0
DA:23,0
DA:29,0
DA:33,0
DA:38,0
DA:39,0
DA:44,0
DA:48,0
DA:53,0
DA:58,0
LF:20
LH:0
BRDA:33,0,0,0
BRDA:33,0,1,0
BRDA:33,1,0,0
BRDA:33,1,1,0
BRDA:23,2,0,0
BRDA:23,2,1,0
BRDA:23,3,0,0
BRDA:23,3,1,0
BRF:8
BRH:0
end_of_record
TN:
SF:src/admin/admin-referral/admin-referral.controller.ts
FN:25,(anonymous_4)
FN:29,(anonymous_5)
FN:35,(anonymous_6)
FNF:3
FNH:0
FNDA:0,(anonymous_4)
FNDA:0,(anonymous_5)
FNDA:0,(anonymous_6)
DA:1,0
DA:2,0
DA:3,0
DA:4,0
DA:5,0
DA:6,0
DA:7,0
DA:8,0
DA:9,0
DA:11,0
DA:12,0
DA:13,0
DA:14,0
DA:15,0
DA:16,0
DA:24,0
DA:25,0
DA:29,0
DA:30,0
DA:35,0
DA:36,0
DA:37,0
DA:38,0
DA:39,0
DA:40,0
DA:41,0
DA:43,0
LF:27
LH:0
BRDA:14,0,0,0
BRDA:14,0,1,0
BRDA:14,1,0,0
BRDA:14,1,1,0
BRDA:37,2,0,0
BRDA:37,2,1,0
BRDA:38,3,0,0
BRDA:38,3,1,0
BRDA:39,4,0,0
BRDA:39,4,1,0
BRDA:40,5,0,0
BRDA:40,5,1,0
BRDA:41,6,0,0
BRDA:41,6,1,0
BRDA:25,7,0,0
BRDA:25,7,1,0
BRDA:25,8,0,0
BRDA:25,8,1,0
BRF:18
BRH:0
end_of_record
TN:
SF:src/admin/admin-wallet/admin-wallet.controller.ts
FN:24,(anonymous_13)
FN:28,(anonymous_14)
FN:45,(anonymous_15)
FNF:3
FNH:0
FNDA:0,(anonymous_13)
FNDA:0,(anonymous_14)
FNDA:0,(anonymous_15)
DA:1,0
DA:2,0
DA:3,0
DA:4,0
DA:5,0
DA:6,0
DA:7,0
DA:8,0
DA:9,0
DA:23,0
DA:24,0
DA:28,0
DA:29,0
DA:30,0
DA:33,0
DA:45,0
DA:46,0
DA:47,0
DA:50,0
LF:19
LH:0
BRDA:29,0,0,0
BRDA:29,0,1,0
BRDA:46,1,0,0
BRDA:46,1,1,0
BRDA:24,2,0,0
BRDA:24,2,1,0
BRDA:24,3,0,0
BRDA:24,3,1,0
BRF:8
BRH:0
end_of_record
TN:
SF:src/admin/admin-withdrawal/admin-withdrawal.controller.ts
FN:41,(anonymous_4)
FN:47,(anonymous_5)
FN:56,(anonymous_6)
FN:66,(anonymous_7)
FN:76,(anonymous_8)
FN:86,(anonymous_9)
FNF:6
FNH:0
FNDA:0,(anonymous_4)
FNDA:0,(anonymous_5)
FNDA:0,(anonymous_6)
FNDA:0,(anonymous_7)
FNDA:0,(anonymous_8)
FNDA:0,(anonymous_9)
DA:1,0
DA:2,0
DA:3,0
DA:4,0
DA:5,0
DA:6,0
DA:7,0
DA:8,0
DA:9,0
DA:14,0
DA:20,0
DA:26,0
DA:32,0
DA:40,0
DA:41,0
DA:47,0
DA:51,0
DA:56,0
DA:61,0
DA:66,0
DA:71,0
DA:76,0
DA:81,0
DA:86,0
DA:91,0
LF:25
LH:0
BRDA:51,0,0,0
BRDA:51,0,1,0
BRDA:51,1,0,0
BRDA:51,1,1,0
BRDA:41,2,0,0
BRDA:41,2,1,0
BRDA:41,3,0,0
BRDA:41,3,1,0
BRF:8
BRH:0
end_of_record
TN:
SF:src/audit/audit.module.ts
FNF:0
FNH:0
DA:1,0
DA:2,0
DA:3,0
DA:10,0
LF:4
LH:0
BRF:0
BRH:0
end_of_record
TN:
SF:src/audit/audit.service.ts
FN:6,(anonymous_2)
FN:8,(anonymous_3)
FNF:2
FNH:0
FNDA:0,(anonymous_2)
FNDA:0,(anonymous_3)
DA:1,0
DA:2,0
DA:5,0
DA:6,0
DA:14,0
DA:15,0
DA:24,0
LF:7
LH:0
BRDA:6,0,0,0
BRDA:6,0,1,0
BRDA:6,1,0,0
BRDA:6,1,1,0
BRF:4
BRH:0
end_of_record
TN:
SF:src/auth/auth.controller.ts
FN:13,(anonymous_4)
FN:17,(anonymous_5)
FN:24,(anonymous_6)
FN:31,(anonymous_7)
FN:40,(anonymous_8)
FNF:5
FNH:0
FNDA:0,(anonymous_4)
FNDA:0,(anonymous_5)
FNDA:0,(anonymous_6)
FNDA:0,(anonymous_7)
FNDA:0,(anonymous_8)
DA:1,0
DA:2,0
DA:3,0
DA:4,0
DA:5,0
DA:6,0
DA:7,0
DA:8,0
DA:12,0
DA:13,0
DA:17,0
DA:18,0
DA:24,0
DA:25,0
DA:31,0
DA:32,0
DA:40,0
DA:41,0
LF:18
LH:0
BRDA:17,0,0,0
BRDA:17,0,1,0
BRDA:17,1,0,0
BRDA:17,1,1,0
BRDA:24,2,0,0
BRDA:24,2,1,0
BRDA:24,3,0,0
BRDA:24,3,1,0
BRDA:31,4,0,0
BRDA:31,4,1,0
BRDA:31,5,0,0
BRDA:31,5,1,0
BRDA:13,6,0,0
BRDA:13,6,1,0
BRDA:13,7,0,0
BRDA:13,7,1,0
BRF:16
BRH:0
end_of_record
TN:
SF:src/auth/auth.module.ts
FNF:0
FNH:0
DA:1,0
DA:2,0
DA:3,0
DA:4,0
DA:5,0
DA:6,0
DA:7,0
DA:8,0
DA:9,0
DA:22,0
LF:10
LH:0
BRF:0
BRH:0
end_of_record
TN:
SF:src/auth/auth.service.ts
FN:16,(anonymous_11)
FN:24,(anonymous_12)
FN:72,(anonymous_13)
FN:92,(anonymous_14)
FN:111,(anonymous_15)
FN:125,(anonymous_16)
FNF:6
FNH:0
FNDA:0,(anonymous_11)
FNDA:0,(anonymous_12)
FNDA:0,(anonymous_13)
FNDA:0,(anonymous_14)
FNDA:0,(anonymous_15)
FNDA:0,(anonymous_16)
DA:1,0
DA:2,0
DA:3,0
DA:4,0
DA:7,0
DA:8,0
DA:9,0
DA:13,0
DA:14,0
DA:17,0
DA:18,0
DA:19,0
DA:20,0
DA:21,0
DA:25,0
DA:26,0
DA:27,0
DA:33,0
DA:34,0
DA:38,0
DA:40,0
DA:42,0
DA:43,0
DA:44,0
DA:47,0
DA:48,0
DA:53,0
DA:54,0
DA:56,0
DA:65,0
DA:66,0
DA:69,0
DA:73,0
DA:74,0
DA:75,0
DA:76,0
DA:79,0
DA:80,0
DA:81,0
DA:82,0
DA:85,0
DA:87,0
DA:89,0
DA:93,0
DA:98,0
DA:99,0
DA:103,0
DA:108,0
DA:112,0
DA:122,0
DA:126,0
DA:128,0
DA:133,0
DA:138,0
DA:146,0
LF:55
LH:0
BRDA:26,0,0,0
BRDA:26,0,1,0
BRDA:33,1,0,0
BRDA:33,1,1,0
BRDA:38,2,0,0
BRDA:38,2,1,0
BRDA:42,3,0,0
BRDA:42,3,1,0
BRDA:42,4,0,0
BRDA:42,4,1,0
BRDA:47,5,0,0
BRDA:47,5,1,0
BRDA:61,6,0,0
BRDA:61,6,1,0
BRDA:65,7,0,0
BRDA:65,7,1,0
BRDA:74,8,0,0
BRDA:74,8,1,0
BRDA:80,9,0,0
BRDA:80,9,1,0
BRDA:98,10,0,0
BRDA:98,10,1,0
BRDA:98,11,0,0
BRDA:98,11,1,0
BRDA:98,11,2,0
BRDA:129,12,0,0
BRDA:129,12,1,0
BRDA:134,13,0,0
BRDA:134,13,1,0
BRDA:17,14,0,0
BRDA:17,14,1,0
BRDA:17,15,0,0
BRDA:17,15,1,0
BRDA:17,16,0,0
BRDA:17,16,1,0
BRDA:17,17,0,0
BRDA:17,17,1,0
BRDA:18,18,0,0
BRDA:18,18,1,0
BRDA:18,19,0,0
BRDA:18,19,1,0
BRDA:19,20,0,0
BRDA:19,20,1,0
BRDA:19,21,0,0
BRDA:19,21,1,0
BRDA:20,22,0,0
BRDA:20,22,1,0
BRDA:20,23,0,0
BRDA:20,23,1,0
BRF:49
BRH:0
end_of_record
TN:
SF:src/auth/decorators/current-user.decorator.ts
FN:4,(anonymous_0)
FNF:1
FNH:0
FNDA:0,(anonymous_0)
DA:1,0
DA:3,0
DA:5,0
DA:6,0
DA:7,0
LF:5
LH:0
BRDA:7,0,0,0
BRDA:7,0,1,0
BRF:2
BRH:0
end_of_record
TN:
SF:src/auth/decorators/roles.decorator.ts
FN:5,(anonymous_0)
FNF:1
FNH:0
FNDA:0,(anonymous_0)
DA:1,0
DA:4,0
DA:5,0
LF:3
LH:0
BRF:0
BRH:0
end_of_record
TN:
SF:src/auth/dto/login.dto.ts
FNF:0
FNH:0
DA:1,0
DA:2,0
DA:4,0
DA:8,0
DA:13,0
LF:5
LH:0
BRF:0
BRH:0
end_of_record
TN:
SF:src/auth/dto/refresh.dto.ts
FNF:0
FNH:0
DA:1,0
DA:2,0
DA:4,0
DA:8,0
LF:4
LH:0
BRF:0
BRH:0
end_of_record
TN:
SF:src/auth/dto/register.dto.ts
FNF:0
FNH:0
DA:1,0
DA:2,0
DA:4,0
DA:9,0
DA:14,0
DA:20,0
DA:25,0
DA:30,0
LF:8
LH:0
BRF:0
BRH:0
end_of_record
TN:
SF:src/auth/guards/jwt-auth.guard.ts
FNF:0
FNH:0
DA:1,0
DA:2,0
DA:5,0
LF:3
LH:0
BRF:0
BRH:0
end_of_record
TN:
SF:src/auth/guards/roles.guard.ts
FN:8,(anonymous_2)
FN:10,(anonymous_3)
FN:19,(anonymous_4)
FNF:3
FNH:0
FNDA:0,(anonymous_2)
FNDA:0,(anonymous_3)
FNDA:0,(anonymous_4)
DA:1,0
DA:2,0
DA:3,0
DA:7,0
DA:8,0
DA:11,0
DA:15,0
DA:16,0
DA:18,0
DA:19,0
LF:10
LH:0
BRDA:15,0,0,0
BRDA:15,0,1,0
BRDA:8,1,0,0
BRDA:8,1,1,0
BRDA:8,2,0,0
BRDA:8,2,1,0
BRF:6
BRH:0
end_of_record
TN:
SF:src/auth/strategies/jwt.strategy.ts
FN:8,(anonymous_2)
FN:16,(anonymous_3)
FNF:2
FNH:0
FNDA:0,(anonymous_2)
FNDA:0,(anonymous_3)
DA:1,0
DA:2,0
DA:3,0
DA:4,0
DA:7,0
DA:8,0
DA:9,0
DA:17,0
DA:18,0
DA:19,0
DA:21,0
LF:11
LH:0
BRDA:12,0,0,0
BRDA:12,0,1,0
BRDA:18,1,0,0
BRDA:18,1,1,0
BRDA:8,2,0,0
BRDA:8,2,1,0
BRDA:8,3,0,0
BRDA:8,3,1,0
BRF:8
BRH:0
end_of_record
TN:
SF:src/common/filters/all-exceptions.filter.ts
FN:15,(anonymous_1)
FNF:1
FNH:0
FNDA:0,(anonymous_1)
DA:1,0
DA:12,0
DA:13,0
DA:16,0
DA:17,0
DA:18,0
DA:19,0
DA:21,0
DA:22,0
DA:24,0
DA:25,0
DA:26,0
DA:27,0
DA:31,0
DA:32,0
DA:35,0
DA:36,0
DA:41,0
DA:44,0
LF:19
LH:0
BRDA:19,0,0,0
BRDA:19,0,1,0
BRDA:24,1,0,0
BRDA:24,1,1,0
BRDA:28,2,0,0
BRDA:28,2,1,0
BRDA:30,3,0,0
BRDA:30,3,1,0
BRDA:31,4,0,0
BRDA:31,4,1,0
BRDA:35,5,0,0
BRDA:35,5,1,0
BRDA:38,6,0,0
BRDA:38,6,1,0
BRDA:46,7,0,0
BRDA:46,7,1,0
BRF:16
BRH:0
end_of_record
TN:
SF:src/common/interceptors/response.interceptor.ts
FN:20,(anonymous_1)
FN:25,(anonymous_2)
FNF:2
FNH:0
FNDA:0,(anonymous_1)
FNDA:0,(anonymous_2)
DA:1,0
DA:8,0
DA:17,0
DA:24,0
DA:27,0
DA:28,0
DA:31,0
LF:7
LH:0
BRDA:27,0,0,0
BRDA:27,0,1,0
BRDA:27,1,0,0
BRDA:27,1,1,0
BRDA:27,1,2,0
BRDA:27,1,3,0
BRDA:27,1,4,0
BRDA:27,1,5,0
BRDA:34,2,0,0
BRDA:34,2,1,0
BRF:10
BRH:0
end_of_record
TN:
SF:src/common/logger/winston.logger.ts
FNF:0
FNH:0
DA:1,0
DA:2,0
DA:4,0
LF:3
LH:0
BRF:0
BRH:0
end_of_record
TN:
SF:src/common/middleware/request-id.middleware.ts
FN:7,(anonymous_10)
FNF:1
FNH:0
FNDA:0,(anonymous_10)
DA:1,0
DA:3,0
DA:6,0
DA:8,0
DA:9,0
DA:10,0
DA:11,0
LF:7
LH:0
BRDA:8,0,0,0
BRDA:8,0,1,0
BRF:2
BRH:0
end_of_record
TN:
SF:src/common/middleware/request-logger.middleware.ts
FN:12,(anonymous_1)
FN:18,(anonymous_2)
FNF:2
FNH:0
FNDA:0,(anonymous_1)
FNDA:0,(anonymous_2)
DA:1,0
DA:9,0
DA:10,0
DA:13,0
DA:14,0
DA:15,0
DA:16,0
DA:18,0
DA:19,0
DA:20,0
DA:21,0
DA:22,0
DA:27,0
LF:13
LH:0
BRDA:14,0,0,0
BRDA:14,0,1,0
BRF:2
BRH:0
end_of_record
TN:
SF:src/config/env.config.ts
FN:12,(anonymous_0)
FNF:1
FNH:0
FNDA:0,(anonymous_0)
DA:1,0
DA:3,0
DA:12,0
DA:13,0
DA:14,0
DA:15,0
DA:17,0
LF:7
LH:0
BRDA:14,0,0,0
BRDA:14,0,1,0
BRF:2
BRH:0
end_of_record
TN:
SF:src/deposit/deposit.controller.ts
FN:28,(anonymous_4)
FN:32,(anonymous_5)
FN:38,(anonymous_6)
FN:48,(anonymous_7)
FN:60,(anonymous_8)
FN:70,(anonymous_9)
FNF:6
FNH:0
FNDA:0,(anonymous_4)
FNDA:0,(anonymous_5)
FNDA:0,(anonymous_6)
FNDA:0,(anonymous_7)
FNDA:0,(anonymous_8)
FNDA:0,(anonymous_9)
DA:1,0
DA:2,0
DA:3,0
DA:4,0
DA:5,0
DA:6,0
DA:10,0
DA:15,0
DA:20,0
DA:27,0
DA:28,0
DA:32,0
DA:33,0
DA:38,0
DA:43,0
DA:48,0
DA:53,0
DA:60,0
DA:65,0
DA:70,0
DA:71,0
LF:21
LH:0
BRDA:65,0,0,0
BRDA:65,0,1,0
BRDA:65,1,0,0
BRDA:65,1,1,0
BRDA:28,2,0,0
BRDA:28,2,1,0
BRDA:28,3,0,0
BRDA:28,3,1,0
BRF:8
BRH:0
end_of_record
TN:
SF:src/deposit/deposit.module.ts
FNF:0
FNH:0
DA:1,0
DA:2,0
DA:3,0
DA:4,0
DA:5,0
DA:6,0
DA:14,0
LF:7
LH:0
BRF:0
BRH:0
end_of_record
TN:
SF:src/deposit/deposit.service.ts
FN:12,(anonymous_2)
FN:18,(anonymous_3)
FN:32,(anonymous_4)
FN:53,(anonymous_5)
FN:68,(anonymous_6)
FN:77,(anonymous_7)
FN:80,(anonymous_8)
FN:87,(anonymous_9)
FN:88,(anonymous_10)
FN:132,(anonymous_11)
FN:133,(anonymous_12)
FN:161,(anonymous_13)
FN:171,(anonymous_14)
FNF:13
FNH:0
FNDA:0,(anonymous_2)
FNDA:0,(anonymous_3)
FNDA:0,(anonymous_4)
FNDA:0,(anonymous_5)
FNDA:0,(anonymous_6)
FNDA:0,(anonymous_7)
FNDA:0,(anonymous_8)
FNDA:0,(anonymous_9)
FNDA:0,(anonymous_10)
FNDA:0,(anonymous_11)
FNDA:0,(anonymous_12)
FNDA:0,(anonymous_13)
FNDA:0,(anonymous_14)
DA:1,0
DA:2,0
DA:3,0
DA:4,0
DA:5,0
DA:6,0
DA:9,0
DA:10,0
DA:13,0
DA:14,0
DA:15,0
DA:19,0
DA:20,0
DA:23,0
DA:33,0
DA:35,0
DA:36,0
DA:37,0
DA:38,0
DA:42,0
DA:43,0
DA:44,0
DA:47,0
DA:54,0
DA:56,0
DA:57,0
DA:58,0
DA:59,0
DA:62,0
DA:69,0
DA:77,0
DA:81,0
DA:82,0
DA:83,0
DA:84,0
DA:88,0
DA:89,0
DA:90,0
DA:92,0
DA:93,0
DA:96,0
DA:97,0
DA:101,0
DA:111,0
DA:122,0
DA:128,0
DA:133,0
DA:134,0
DA:135,0
DA:137,0
DA:138,0
DA:141,0
DA:151,0
DA:157,0
DA:162,0
DA:171,0
LF:56
LH:0
BRDA:19,0,0,0
BRDA:19,0,1,0
BRDA:35,1,0,0
BRDA:35,1,1,0
BRDA:36,2,0,0
BRDA:36,2,1,0
BRDA:37,3,0,0
BRDA:37,3,1,0
BRDA:43,4,0,0
BRDA:43,4,1,0
BRDA:43,5,0,0
BRDA:43,5,1,0
BRDA:56,6,0,0
BRDA:56,6,1,0
BRDA:57,7,0,0
BRDA:57,7,1,0
BRDA:58,8,0,0
BRDA:58,8,1,0
BRDA:68,9,0,0
BRDA:68,10,0,0
BRDA:82,11,0,0
BRDA:82,11,1,0
BRDA:83,12,0,0
BRDA:83,12,1,0
BRDA:83,13,0,0
BRDA:83,13,1,0
BRDA:90,14,0,0
BRDA:90,14,1,0
BRDA:92,15,0,0
BRDA:92,15,1,0
BRDA:96,16,0,0
BRDA:96,16,1,0
BRDA:135,17,0,0
BRDA:135,17,1,0
BRDA:137,18,0,0
BRDA:137,18,1,0
BRDA:161,19,0,0
BRDA:161,20,0,0
BRDA:13,21,0,0
BRDA:13,21,1,0
BRDA:13,22,0,0
BRDA:13,22,1,0
BRDA:13,23,0,0
BRDA:13,23,1,0
BRDA:13,24,0,0
BRDA:13,24,1,0
BRDA:14,25,0,0
BRDA:14,25,1,0
BRDA:14,26,0,0
BRDA:14,26,1,0
BRF:50
BRH:0
end_of_record
TN:
SF:src/game-engine/constants/board.constants.ts
FN:29,getLogicalCoordinateForMainCell
FN:36,getLogicalCoordinateForHomeCell
FN:40,getLogicalCoordinateForFinish
FNF:3
FNH:0
FNDA:0,getLogicalCoordinateForMainCell
FNDA:0,getLogicalCoordinateForHomeCell
FNDA:0,getLogicalCoordinateForFinish
DA:1,1
DA:3,1
DA:6,1
DA:9,1
DA:18,1
DA:24,1
DA:26,1
DA:29,1
DA:33,0
DA:36,1
DA:37,0
DA:40,1
DA:41,0
LF:13
LH:10
BRDA:37,0,0,0
BRDA:37,0,1,0
BRF:2
BRH:0
end_of_record
TN:
SF:src/game-engine/dice/dice.constants.ts
FNF:0
FNH:0
DA:1,1
DA:2,1
DA:3,1
DA:4,1
LF:4
LH:4
BRF:0
BRH:0
end_of_record
TN:
SF:src/game-engine/dice/dice.engine.ts
FN:12,(anonymous_0)
FN:54,(anonymous_1)
FN:61,(anonymous_2)
FN:68,(anonymous_3)
FNF:4
FNH:1
FNDA:1,(anonymous_0)
FNDA:0,(anonymous_1)
FNDA:0,(anonymous_2)
FNDA:0,(anonymous_3)
DA:1,1
DA:2,1
DA:4,1
DA:6,1
DA:13,1
DA:15,1
DA:18,1
DA:23,1
DA:24,1
DA:25,0
DA:27,1
DA:32,1
DA:33,0
DA:42,1
DA:55,0
DA:62,0
DA:69,0
LF:17
LH:12
BRDA:18,0,0,0
BRDA:18,0,1,1
BRDA:24,1,0,0
BRDA:24,1,1,1
BRDA:32,2,0,0
BRDA:32,2,1,1
BRDA:70,3,0,0
BRDA:70,3,1,0
BRDA:70,3,2,0
BRF:9
BRH:3
end_of_record
TN:
SF:src/game-engine/dice/dice.model.ts
FN:8,(anonymous_0)
FNF:1
FNH:1
FNDA:13,(anonymous_0)
DA:1,1
DA:15,13
DA:16,13
DA:17,13
DA:18,13
DA:19,13
DA:21,13
LF:7
LH:7
BRDA:10,0,0,0
BRDA:11,1,0,0
BRDA:12,2,0,0
BRDA:13,3,0,0
BRDA:19,4,0,2
BRDA:19,4,1,11
BRF:6
BRH:2
end_of_record
TN:
SF:src/game-engine/dice/dice.random-provider.ts
FN:5,(anonymous_0)
FNF:1
FNH:1
FNDA:1,(anonymous_0)
DA:1,1
DA:4,1
DA:6,1
DA:7,0
DA:10,1
LF:5
LH:4
BRDA:6,0,0,0
BRDA:6,0,1,1
BRF:2
BRH:1
end_of_record
TN:
SF:src/game-engine/dice/dice.serializer.ts
FN:6,(anonymous_0)
FN:16,(anonymous_1)
FNF:2
FNH:2
FNDA:10,(anonymous_0)
FNDA:4,(anonymous_1)
DA:1,1
DA:3,1
DA:5,1
DA:7,10
DA:17,4
DA:18,4
DA:27,4
DA:29,4
LF:8
LH:8
BRDA:12,0,0,1
BRDA:12,0,1,9
BRDA:17,1,0,1
BRDA:17,1,1,3
BRF:4
BRH:4
end_of_record
TN:
SF:src/game-engine/dice/dice.validator.ts
FN:8,(anonymous_0)
FN:27,(anonymous_1)
FNF:2
FNH:2
FNDA:1,(anonymous_0)
FNDA:4,(anonymous_1)
DA:2,1
DA:4,1
DA:9,1
DA:10,0
DA:13,1
DA:14,0
DA:19,1
DA:20,0
DA:28,4
DA:29,1
DA:30,0
DA:34,4
DA:35,0
DA:38,4
DA:39,0
DA:40,0
LF:16
LH:9
BRDA:9,0,0,0
BRDA:9,0,1,1
BRDA:13,1,0,0
BRDA:13,1,1,1
BRDA:19,2,0,0
BRDA:19,2,1,1
BRDA:19,3,0,1
BRDA:19,3,1,0
BRDA:28,4,0,1
BRDA:28,4,1,3
BRDA:29,5,0,0
BRDA:29,5,1,1
BRDA:29,6,0,1
BRDA:29,6,1,1
BRDA:34,7,0,0
BRDA:34,7,1,4
BRDA:34,8,0,4
BRDA:34,8,1,4
BRDA:39,9,0,0
BRDA:39,9,1,0
BRDA:39,10,0,0
BRDA:39,10,1,0
BRF:22
BRH:12
end_of_record
TN:
SF:src/game-engine/match/match.constants.ts
FNF:0
FNH:0
DA:1,1
DA:2,1
DA:5,1
LF:3
LH:3
BRF:0
BRH:0
end_of_record
TN:
SF:src/game-engine/match/match.engine.ts
FN:12,(anonymous_0)
FN:23,(anonymous_1)
FN:47,(anonymous_2)
FN:48,(anonymous_3)
FN:69,(anonymous_4)
FN:86,(anonymous_5)
FN:123,(anonymous_6)
FN:129,(anonymous_7)
FN:146,(anonymous_8)
FN:152,(anonymous_9)
FN:169,(anonymous_10)
FN:192,(anonymous_11)
FN:213,(anonymous_12)
FN:214,(anonymous_13)
FNF:14
FNH:3
FNDA:5,(anonymous_0)
FNDA:4,(anonymous_1)
FNDA:0,(anonymous_2)
FNDA:0,(anonymous_3)
FNDA:0,(anonymous_4)
FNDA:4,(anonymous_5)
FNDA:0,(anonymous_6)
FNDA:0,(anonymous_7)
FNDA:0,(anonymous_8)
FNDA:0,(anonymous_9)
FNDA:0,(anonymous_10)
FNDA:0,(anonymous_11)
FNDA:0,(anonymous_12)
FNDA:0,(anonymous_13)
DA:1,1
DA:2,1
DA:3,1
DA:4,1
DA:5,1
DA:6,1
DA:8,1
DA:13,5
DA:24,4
DA:26,4
DA:27,4
DA:29,4
DA:48,0
DA:49,0
DA:51,0
DA:52,0
DA:55,0
DA:56,0
DA:57,0
DA:58,0
DA:60,0
DA:62,0
DA:63,0
DA:66,0
DA:70,0
DA:87,4
DA:89,4
DA:90,4
DA:93,4
DA:94,8
DA:95,8
DA:96,8
DA:97,32
DA:98,32
DA:103,4
DA:105,4
DA:124,0
DA:126,0
DA:130,0
DA:147,0
DA:149,0
DA:153,0
DA:170,0
DA:171,0
DA:174,0
DA:193,0
DA:195,0
DA:214,0
LF:48
LH:23
BRDA:49,0,0,0
BRDA:49,0,1,0
BRDA:55,1,0,0
BRDA:55,1,1,0
BRDA:55,2,0,0
BRDA:55,2,1,0
BRDA:57,3,0,0
BRDA:57,3,1,0
BRDA:60,4,0,0
BRDA:60,4,1,0
BRDA:62,5,0,0
BRDA:62,5,1,0
BRDA:70,6,0,0
BRDA:70,6,1,0
BRDA:74,7,0,0
BRDA:74,7,1,0
BRDA:130,8,0,0
BRDA:130,8,1,0
BRDA:153,9,0,0
BRDA:153,9,1,0
BRDA:170,10,0,0
BRDA:170,10,1,0
BRDA:170,11,0,0
BRDA:170,11,1,0
BRDA:193,12,0,0
BRDA:193,12,1,0
BRDA:214,13,0,0
BRDA:214,13,1,0
BRF:28
BRH:0
end_of_record
TN:
SF:src/game-engine/match/match.model.ts
FN:18,(anonymous_0)
FN:34,(anonymous_1)
FNF:2
FNH:2
FNDA:16,(anonymous_0)
FNDA:27,(anonymous_1)
DA:5,1
DA:31,16
DA:32,16
DA:34,27
DA:39,16
DA:40,16
DA:41,16
DA:42,16
DA:43,16
DA:45,16
DA:46,16
DA:47,16
DA:49,16
DA:50,16
DA:51,16
DA:52,16
DA:53,16
LF:17
LH:17
BRDA:22,0,0,5
BRDA:23,1,0,5
BRDA:24,2,0,5
BRDA:25,3,0,5
BRDA:26,4,0,5
BRDA:27,5,0,5
BRDA:28,6,0,5
BRDA:29,7,0,5
BRDA:37,8,0,0
BRDA:37,8,1,27
BRDA:40,9,0,7
BRDA:40,9,1,9
BRDA:41,10,0,0
BRDA:41,10,1,16
BRF:14
BRH:12
end_of_record
TN:
SF:src/game-engine/match/match.serializer.ts
FN:9,(anonymous_0)
FN:18,(anonymous_1)
FN:31,(anonymous_2)
FN:36,(anonymous_3)
FN:42,(anonymous_4)
FN:47,(anonymous_5)
FN:65,(anonymous_6)
FN:69,(anonymous_7)
FNF:8
FNH:6
FNDA:6,(anonymous_0)
FNDA:11,(anonymous_1)
FNDA:40,(anonymous_2)
FNDA:2,(anonymous_3)
FNDA:16,(anonymous_4)
FNDA:4,(anonymous_5)
FNDA:0,(anonymous_6)
FNDA:0,(anonymous_7)
DA:1,1
DA:2,1
DA:3,1
DA:4,1
DA:8,1
DA:10,6
DA:11,6
DA:12,10
DA:15,6
DA:18,11
DA:31,40
DA:37,2
DA:38,2
DA:39,4
DA:42,16
DA:44,2
DA:47,4
DA:66,0
DA:70,0
LF:19
LH:17
BRDA:23,0,0,0
BRDA:23,0,1,11
BRDA:26,1,0,5
BRDA:26,1,1,1
BRDA:27,2,0,0
BRDA:27,2,1,6
BRDA:52,3,0,0
BRDA:52,3,1,4
BRDA:55,4,0,2
BRDA:55,4,1,0
BRDA:56,5,0,0
BRDA:56,5,1,2
BRF:12
BRH:7
end_of_record
TN:
SF:src/game-engine/match/match.types.ts
FN:4,(anonymous_0)
FNF:1
FNH:1
FNDA:1,(anonymous_0)
DA:4,1
DA:5,1
DA:6,1
DA:7,1
DA:8,1
DA:9,1
DA:10,1
LF:7
LH:7
BRDA:4,0,0,1
BRDA:4,0,1,1
BRF:2
BRH:2
end_of_record
TN:
SF:src/game-engine/match/match.validator.ts
FN:6,(anonymous_0)
FN:15,(anonymous_1)
FN:20,(anonymous_2)
FN:30,(anonymous_3)
FN:35,(anonymous_4)
FN:40,(anonymous_5)
FN:45,(anonymous_6)
FN:50,(anonymous_7)
FNF:8
FNH:3
FNDA:4,(anonymous_0)
FNDA:4,(anonymous_1)
FNDA:4,(anonymous_2)
FNDA:0,(anonymous_3)
FNDA:0,(anonymous_4)
FNDA:0,(anonymous_5)
FNDA:0,(anonymous_6)
FNDA:0,(anonymous_7)
DA:2,1
DA:3,1
DA:5,1
DA:7,4
DA:8,0
DA:11,4
DA:12,0
DA:15,4
DA:16,0
DA:21,4
DA:22,0
DA:25,4
DA:26,0
DA:31,0
DA:32,0
DA:35,0
DA:36,0
DA:41,0
DA:42,0
DA:45,0
DA:46,0
DA:51,0
DA:52,0
DA:55,0
DA:56,0
LF:25
LH:8
BRDA:7,0,0,0
BRDA:7,0,1,4
BRDA:11,1,0,0
BRDA:11,1,1,4
BRDA:15,2,0,0
BRDA:15,2,1,4
BRDA:21,3,0,0
BRDA:21,3,1,4
BRDA:25,4,0,0
BRDA:25,4,1,4
BRDA:31,5,0,0
BRDA:31,5,1,0
BRDA:35,6,0,0
BRDA:35,6,1,0
BRDA:41,7,0,0
BRDA:41,7,1,0
BRDA:45,8,0,0
BRDA:45,8,1,0
BRDA:51,9,0,0
BRDA:51,9,1,0
BRDA:55,10,0,0
BRDA:55,10,1,0
BRF:22
BRH:5
end_of_record
TN:
SF:src/game-engine/models/board.model.ts
FN:18,(anonymous_0)
FN:21,(anonymous_1)
FN:31,(anonymous_2)
FN:55,(anonymous_3)
FN:76,(anonymous_4)
FN:82,(anonymous_5)
FN:89,(anonymous_6)
FN:90,(anonymous_7)
FN:97,(anonymous_8)
FN:126,(anonymous_9)
FNF:10
FNH:0
FNDA:0,(anonymous_0)
FNDA:0,(anonymous_1)
FNDA:0,(anonymous_2)
FNDA:0,(anonymous_3)
FNDA:0,(anonymous_4)
FNDA:0,(anonymous_5)
FNDA:0,(anonymous_6)
FNDA:0,(anonymous_7)
FNDA:0,(anonymous_8)
FNDA:0,(anonymous_9)
DA:1,1
DA:2,1
DA:3,1
DA:15,1
DA:19,0
DA:20,0
DA:21,0
DA:22,0
DA:23,0
DA:26,0
DA:28,0
DA:33,0
DA:34,0
DA:35,0
DA:36,0
DA:38,0
DA:39,0
DA:40,0
DA:42,0
DA:49,0
DA:52,0
DA:56,0
DA:58,0
DA:59,0
DA:60,0
DA:66,0
DA:67,0
DA:77,0
DA:78,0
DA:79,0
DA:83,0
DA:90,0
DA:98,0
DA:99,0
DA:100,0
DA:103,0
DA:104,0
DA:105,0
DA:106,0
DA:107,0
DA:111,0
DA:112,0
DA:113,0
DA:117,0
DA:119,0
DA:127,0
DA:130,0
DA:131,0
DA:134,0
DA:137,0
DA:138,0
DA:139,0
DA:141,0
DA:145,0
DA:146,0
DA:149,0
DA:150,0
DA:154,0
DA:155,0
DA:158,0
LF:60
LH:4
BRDA:20,0,0,0
BRDA:20,0,1,0
BRDA:39,1,0,0
BRDA:39,1,1,0
BRDA:40,2,0,0
BRDA:40,2,1,0
BRDA:56,3,0,0
BRDA:56,3,1,0
BRDA:78,4,0,0
BRDA:78,4,1,0
BRDA:100,5,0,0
BRDA:100,5,1,0
BRDA:106,6,0,0
BRDA:106,6,1,0
BRDA:111,7,0,0
BRDA:111,7,1,0
BRDA:130,8,0,0
BRDA:130,8,1,0
BRDA:134,9,0,0
BRDA:134,9,1,0
BRDA:137,10,0,0
BRDA:137,10,1,0
BRDA:138,11,0,0
BRDA:138,11,1,0
BRDA:145,12,0,0
BRDA:145,12,1,0
BRDA:146,13,0,0
BRDA:146,13,1,0
BRDA:149,14,0,0
BRDA:149,14,1,0
BRF:30
BRH:0
end_of_record
TN:
SF:src/game-engine/models/cell.model.ts
FN:1,(anonymous_0)
FN:6,(anonymous_1)
FN:28,(anonymous_2)
FNF:3
FNH:2
FNDA:1,(anonymous_0)
FNDA:1,(anonymous_1)
FNDA:0,(anonymous_2)
DA:1,1
DA:2,1
DA:3,1
DA:6,1
DA:7,1
DA:8,1
DA:9,1
DA:10,1
DA:18,1
DA:38,0
DA:39,0
DA:40,0
DA:41,0
DA:42,0
DA:43,0
DA:44,0
DA:45,0
LF:17
LH:9
BRDA:1,0,0,1
BRDA:1,0,1,1
BRDA:6,1,0,1
BRDA:6,1,1,1
BRDA:33,2,0,0
BRDA:34,3,0,0
BRDA:35,4,0,0
BRDA:36,5,0,0
BRF:8
BRH:4
end_of_record
TN:
SF:src/game-engine/rules/rule.constants.ts
FNF:0
FNH:0
DA:2,1
LF:1
LH:1
BRF:0
BRH:0
end_of_record
TN:
SF:src/game-engine/rules/rule.engine.ts
FN:21,(anonymous_0)
FN:68,(anonymous_1)
FN:101,(anonymous_2)
FNF:3
FNH:0
FNDA:0,(anonymous_0)
FNDA:0,(anonymous_1)
FNDA:0,(anonymous_2)
DA:2,1
DA:3,1
DA:5,1
DA:6,1
DA:7,1
DA:9,1
DA:29,0
DA:32,0
DA:33,0
DA:37,0
DA:38,0
DA:39,0
DA:42,0
DA:43,0
DA:44,0
DA:45,0
DA:49,0
DA:50,0
DA:51,0
DA:52,0
DA:53,0
DA:57,0
DA:58,0
DA:59,0
DA:64,0
DA:65,0
DA:68,0
DA:69,0
DA:71,0
DA:72,0
DA:74,0
DA:75,0
DA:80,0
DA:82,0
DA:83,0
DA:86,0
DA:102,0
DA:104,0
DA:105,0
DA:107,0
DA:110,0
DA:111,0
LF:42
LH:6
BRDA:32,0,0,0
BRDA:32,0,1,0
BRDA:38,1,0,0
BRDA:38,1,1,0
BRDA:50,2,0,0
BRDA:50,2,1,0
BRDA:57,3,0,0
BRDA:57,3,1,0
BRDA:57,4,0,0
BRDA:57,4,1,0
BRDA:58,5,0,0
BRDA:58,5,1,0
BRDA:68,6,0,0
BRDA:68,6,1,0
BRDA:69,7,0,0
BRDA:69,7,1,0
BRDA:71,8,0,0
BRDA:71,8,1,0
BRDA:74,9,0,0
BRDA:74,9,1,0
BRDA:82,10,0,0
BRDA:82,10,1,0
BRDA:82,11,0,0
BRDA:82,11,1,0
BRDA:102,12,0,0
BRDA:102,12,1,0
BRDA:105,13,0,0
BRDA:105,13,1,0
BRF:28
BRH:0
end_of_record
TN:
SF:src/game-engine/rules/rule.model.ts
FN:13,(anonymous_0)
FN:30,(anonymous_1)
FNF:2
FNH:0
FNDA:0,(anonymous_0)
FNDA:0,(anonymous_1)
DA:3,1
DA:14,0
DA:15,0
DA:16,0
DA:17,0
DA:18,0
DA:19,0
DA:20,0
DA:21,0
DA:24,0
DA:31,0
LF:11
LH:1
BRDA:30,0,0,0
BRF:1
BRH:0
end_of_record
TN:
SF:src/game-engine/rules/rule.serializer.ts
FN:5,(anonymous_0)
FN:18,(anonymous_1)
FNF:2
FNH:0
FNDA:0,(anonymous_0)
FNDA:0,(anonymous_1)
DA:1,0
DA:4,0
DA:6,0
DA:19,0
LF:4
LH:0
BRF:0
BRH:0
end_of_record
TN:
SF:src/game-engine/rules/rule.validator.ts
FN:10,(anonymous_0)
FN:36,(anonymous_1)
FN:42,(anonymous_2)
FNF:3
FNH:0
FNDA:0,(anonymous_0)
FNDA:0,(anonymous_1)
FNDA:0,(anonymous_2)
DA:2,1
DA:3,1
DA:5,1
DA:11,0
DA:12,0
DA:15,0
DA:16,0
DA:19,0
DA:20,0
DA:21,0
DA:24,0
DA:25,0
DA:29,0
DA:37,0
DA:38,0
DA:42,0
DA:43,0
DA:48,0
LF:18
LH:3
BRDA:11,0,0,0
BRDA:11,0,1,0
BRDA:15,1,0,0
BRDA:15,1,1,0
BRDA:19,2,0,0
BRDA:19,2,1,0
BRDA:19,3,0,0
BRDA:19,3,1,0
BRDA:20,4,0,0
BRDA:20,4,1,0
BRDA:24,5,0,0
BRDA:24,5,1,0
BRDA:37,6,0,0
BRDA:37,6,1,0
BRDA:43,7,0,0
BRDA:43,7,1,0
BRDA:43,7,2,0
BRDA:43,7,3,0
BRDA:48,8,0,0
BRDA:48,8,1,0
BRF:20
BRH:0
end_of_record
TN:
SF:src/game-engine/serializer/board.serializer.ts
FN:23,(anonymous_0)
FN:24,(anonymous_1)
FN:41,(anonymous_2)
FN:70,(anonymous_3)
FNF:4
FNH:0
FNDA:0,(anonymous_0)
FNDA:0,(anonymous_1)
FNDA:0,(anonymous_2)
FNDA:0,(anonymous_3)
DA:1,0
DA:2,0
DA:19,0
DA:24,0
DA:35,0
DA:42,0
DA:43,0
DA:46,0
DA:47,0
DA:48,0
DA:49,0
DA:51,0
DA:61,0
DA:64,0
DA:71,0
DA:72,0
LF:16
LH:0
BRDA:29,0,0,0
BRDA:29,0,1,0
BRDA:42,1,0,0
BRDA:42,1,1,0
BRDA:42,2,0,0
BRDA:42,2,1,0
BRDA:49,3,0,0
BRDA:49,3,1,0
BRF:8
BRH:0
end_of_record
TN:
SF:src/game-engine/state/game-state.constants.ts
FNF:0
FNH:0
DA:1,0
LF:1
LH:0
BRF:0
BRH:0
end_of_record
TN:
SF:src/game-engine/state/game-state.engine.ts
FN:20,(anonymous_0)
FN:37,(anonymous_1)
FN:41,(anonymous_2)
FN:69,(anonymous_3)
FN:69,(anonymous_4)
FN:106,(anonymous_5)
FN:112,(anonymous_6)
FN:143,(anonymous_7)
FN:183,(anonymous_8)
FN:232,(anonymous_9)
FN:242,(anonymous_10)
FN:252,(anonymous_11)
FN:263,(anonymous_12)
FN:267,(anonymous_13)
FNF:14
FNH:3
FNDA:5,(anonymous_0)
FNDA:1,(anonymous_1)
FNDA:0,(anonymous_2)
FNDA:0,(anonymous_3)
FNDA:0,(anonymous_4)
FNDA:1,(anonymous_5)
FNDA:0,(anonymous_6)
FNDA:0,(anonymous_7)
FNDA:0,(anonymous_8)
FNDA:0,(anonymous_9)
FNDA:0,(anonymous_10)
FNDA:0,(anonymous_11)
FNDA:0,(anonymous_12)
FNDA:0,(anonymous_13)
DA:1,1
DA:2,1
DA:3,1
DA:4,1
DA:5,1
DA:6,1
DA:7,1
DA:8,1
DA:9,1
DA:12,1
DA:13,1
DA:14,1
DA:16,1
DA:21,5
DA:31,5
DA:38,1
DA:40,1
DA:41,1
DA:42,1
DA:44,1
DA:58,1
DA:59,1
DA:68,1
DA:69,0
DA:70,0
DA:73,0
DA:76,0
DA:90,0
DA:91,0
DA:100,1
DA:107,1
DA:109,0
DA:110,0
DA:111,0
DA:112,0
DA:113,0
DA:115,0
DA:122,0
DA:124,0
DA:126,0
DA:127,0
DA:129,0
DA:130,0
DA:131,0
DA:133,0
DA:134,0
DA:135,0
DA:136,0
DA:138,0
DA:139,0
DA:143,0
DA:146,0
DA:148,0
DA:149,0
DA:152,0
DA:153,0
DA:156,0
DA:157,0
DA:158,0
DA:159,0
DA:161,0
DA:162,0
DA:163,0
DA:165,0
DA:173,0
DA:174,0
DA:176,0
DA:177,0
DA:182,0
DA:183,0
DA:184,0
DA:185,0
DA:186,0
DA:191,0
DA:200,0
DA:215,0
DA:216,0
DA:217,0
DA:218,0
DA:221,0
DA:222,0
DA:223,0
DA:226,0
DA:233,0
DA:234,0
DA:235,0
DA:236,0
DA:243,0
DA:244,0
DA:245,0
DA:246,0
DA:253,0
DA:254,0
DA:255,0
DA:256,0
DA:264,0
DA:267,0
DA:269,0
DA:270,0
DA:271,0
DA:273,0
DA:275,0
DA:276,0
DA:283,0
DA:284,0
DA:286,0
DA:287,0
DA:289,0
DA:290,0
DA:292,0
DA:293,0
DA:299,0
DA:303,0
LF:113
LH:25
BRDA:41,0,0,0
BRDA:41,0,1,1
BRDA:68,1,0,0
BRDA:68,1,1,1
BRDA:124,2,0,0
BRDA:124,2,1,0
BRDA:124,3,0,0
BRDA:124,3,1,0
BRDA:129,4,0,0
BRDA:129,4,1,0
BRDA:130,5,0,0
BRDA:130,5,1,0
BRDA:134,6,0,0
BRDA:134,6,1,0
BRDA:136,7,0,0
BRDA:136,7,1,0
BRDA:138,8,0,0
BRDA:138,8,1,0
BRDA:146,9,0,0
BRDA:146,9,1,0
BRDA:148,10,0,0
BRDA:148,10,1,0
BRDA:156,11,0,0
BRDA:156,11,1,0
BRDA:156,12,0,0
BRDA:156,12,1,0
BRDA:176,13,0,0
BRDA:176,13,1,0
BRDA:182,14,0,0
BRDA:182,14,1,0
BRDA:182,15,0,0
BRDA:182,15,1,0
BRDA:215,16,0,0
BRDA:215,16,1,0
BRDA:270,17,0,0
BRDA:270,17,1,0
BRDA:271,18,0,0
BRDA:271,18,1,0
BRDA:271,19,0,0
BRDA:271,19,1,0
BRDA:273,20,0,0
BRDA:273,20,1,0
BRDA:273,20,2,0
BRDA:273,20,3,0
BRDA:273,20,4,0
BRDA:273,20,5,0
BRDA:273,20,6,0
BRDA:273,20,7,0
BRDA:273,20,8,0
BRDA:273,20,9,0
BRF:50
BRH:2
end_of_record
TN:
SF:src/game-engine/state/game-state.model.ts
FN:9,(anonymous_0)
FNF:1
FNH:1
FNDA:8,(anonymous_0)
DA:4,1
DA:14,8
DA:16,8
DA:17,8
DA:19,8
LF:5
LH:5
BRDA:11,0,0,0
BRDA:12,1,0,0
BRF:2
BRH:0
end_of_record
TN:
SF:src/game-engine/state/game-state.serializer.ts
FN:12,(anonymous_0)
FN:15,(anonymous_1)
FN:26,(anonymous_2)
FN:28,(anonymous_3)
FN:39,(anonymous_4)
FN:43,(anonymous_5)
FN:47,(anonymous_6)
FNF:7
FNH:6
FNDA:6,(anonymous_0)
FNDA:7,(anonymous_1)
FNDA:2,(anonymous_2)
FNDA:3,(anonymous_3)
FNDA:6,(anonymous_4)
FNDA:2,(anonymous_5)
FNDA:0,(anonymous_6)
DA:1,1
DA:3,1
DA:11,1
DA:13,6
DA:15,7
DA:27,2
DA:28,3
DA:36,2
DA:40,6
DA:44,2
DA:48,0
LF:11
LH:10
BRF:0
BRH:0
end_of_record
TN:
SF:src/game-engine/state/game-state.types.ts
FN:1,(anonymous_0)
FNF:1
FNH:1
FNDA:1,(anonymous_0)
DA:1,1
DA:2,1
DA:3,1
DA:4,1
DA:5,1
DA:6,1
DA:7,1
DA:8,1
DA:9,1
DA:10,1
DA:11,1
DA:12,1
LF:12
LH:12
BRDA:1,0,0,1
BRDA:1,0,1,1
BRF:2
BRH:2
end_of_record
TN:
SF:src/game-engine/state/game-state.validator.ts
FN:5,(anonymous_0)
FN:15,(anonymous_1)
FN:24,(anonymous_2)
FN:32,(anonymous_3)
FNF:4
FNH:3
FNDA:2,(anonymous_0)
FNDA:1,(anonymous_1)
FNDA:1,(anonymous_2)
FNDA:0,(anonymous_3)
DA:2,1
DA:4,1
DA:6,2
DA:7,0
DA:10,2
DA:11,0
DA:16,1
DA:18,1
DA:19,1
DA:20,0
DA:25,1
DA:27,1
DA:28,1
DA:29,1
DA:32,0
DA:33,0
DA:34,0
DA:37,0
DA:38,0
LF:19
LH:11
BRDA:6,0,0,0
BRDA:6,0,1,2
BRDA:10,1,0,0
BRDA:10,1,1,2
BRDA:19,2,0,0
BRDA:19,2,1,1
BRDA:19,3,0,1
BRDA:19,3,1,1
BRDA:28,4,0,1
BRDA:28,4,1,0
BRDA:28,5,0,1
BRDA:28,5,1,1
BRDA:33,6,0,0
BRDA:33,6,1,0
BRDA:37,7,0,0
BRDA:37,7,1,0
BRF:16
BRH:8
end_of_record
TN:
SF:src/game-engine/token/token.constants.ts
FNF:0
FNH:0
DA:2,1
DA:3,1
DA:4,1
LF:3
LH:3
BRF:0
BRH:0
end_of_record
TN:
SF:src/game-engine/token/token.engine.ts
FN:11,(anonymous_0)
FN:29,(anonymous_1)
FN:67,(anonymous_2)
FN:84,(anonymous_3)
FN:85,(anonymous_4)
FNF:5
FNH:0
FNDA:0,(anonymous_0)
FNDA:0,(anonymous_1)
FNDA:0,(anonymous_2)
FNDA:0,(anonymous_3)
FNDA:0,(anonymous_4)
DA:1,1
DA:2,1
DA:3,1
DA:4,1
DA:6,1
DA:12,0
DA:14,0
DA:37,0
DA:39,0
DA:41,0
DA:42,0
DA:44,0
DA:45,0
DA:46,0
DA:47,0
DA:48,0
DA:49,0
DA:50,0
DA:53,0
DA:68,0
DA:70,0
DA:85,0
DA:87,0
DA:88,0
DA:92,0
DA:93,0
DA:97,0
DA:98,0
DA:101,0
LF:29
LH:5
BRDA:11,0,0,0
BRDA:18,1,0,0
BRDA:18,1,1,0
BRDA:44,2,0,0
BRDA:44,2,1,0
BRDA:44,3,0,0
BRDA:44,3,1,0
BRDA:47,4,0,0
BRDA:47,4,1,0
BRDA:49,5,0,0
BRDA:49,5,1,0
BRDA:87,6,0,0
BRDA:87,6,1,0
BRDA:87,7,0,0
BRDA:87,7,1,0
BRDA:92,8,0,0
BRDA:92,8,1,0
BRDA:97,9,0,0
BRDA:97,9,1,0
BRF:19
BRH:0
end_of_record
TN:
SF:src/game-engine/token/token.model.ts
FN:12,(anonymous_0)
FNF:1
FNH:1
FNDA:48,(anonymous_0)
DA:1,1
DA:3,1
DA:21,48
DA:22,48
DA:23,48
DA:24,48
DA:25,48
DA:26,48
DA:27,48
DA:30,48
LF:10
LH:10
BRDA:15,0,0,32
BRDA:16,1,0,32
BRDA:17,2,0,32
BRDA:18,3,0,32
BRDA:19,4,0,32
BRF:5
BRH:5
end_of_record
TN:
SF:src/game-engine/token/token.serializer.ts
FN:5,(anonymous_0)
FN:17,(anonymous_1)
FN:29,(anonymous_2)
FNF:3
FNH:2
FNDA:40,(anonymous_0)
FNDA:16,(anonymous_1)
FNDA:0,(anonymous_2)
DA:1,1
DA:2,1
DA:4,1
DA:6,40
DA:18,16
DA:30,0
LF:6
LH:5
BRF:0
BRH:0
end_of_record
TN:
SF:src/game-engine/token/token.types.ts
FN:1,(anonymous_0)
FNF:1
FNH:1
FNDA:1,(anonymous_0)
DA:1,1
DA:2,1
DA:3,1
DA:4,1
DA:5,1
DA:6,1
DA:7,1
DA:8,1
LF:8
LH:8
BRDA:1,0,0,1
BRDA:1,0,1,1
BRF:2
BRH:2
end_of_record
TN:
SF:src/game-engine/token/token.validator.ts
FN:9,(anonymous_0)
FN:18,(anonymous_1)
FN:39,(anonymous_2)
FNF:3
FNH:0
FNDA:0,(anonymous_0)
FNDA:0,(anonymous_1)
FNDA:0,(anonymous_2)
DA:2,1
DA:3,1
DA:5,1
DA:10,0
DA:11,0
DA:19,0
DA:20,0
DA:23,0
DA:24,0
DA:27,0
DA:28,0
DA:31,0
DA:32,0
DA:40,0
DA:41,0
DA:44,0
DA:45,0
LF:17
LH:3
BRDA:10,0,0,0
BRDA:10,0,1,0
BRDA:10,1,0,0
BRDA:10,1,1,0
BRDA:19,2,0,0
BRDA:19,2,1,0
BRDA:19,3,0,0
BRDA:19,3,1,0
BRDA:23,4,0,0
BRDA:23,4,1,0
BRDA:27,5,0,0
BRDA:27,5,1,0
BRDA:31,6,0,0
BRDA:31,6,1,0
BRDA:40,7,0,0
BRDA:40,7,1,0
BRDA:40,8,0,0
BRDA:40,8,1,0
BRDA:40,8,2,0
BRDA:40,8,3,0
BRDA:44,9,0,0
BRDA:44,9,1,0
BRDA:44,10,0,0
BRDA:44,10,1,0
BRF:24
BRH:0
end_of_record
TN:
SF:src/game-engine/validators/board.validator.ts
FN:7,(anonymous_0)
FN:22,(anonymous_1)
FNF:2
FNH:0
FNDA:0,(anonymous_0)
FNDA:0,(anonymous_1)
DA:3,1
DA:8,0
DA:9,0
DA:11,0
DA:12,0
DA:14,0
DA:15,0
DA:23,0
DA:24,0
LF:9
LH:1
BRDA:8,0,0,0
BRDA:8,0,1,0
BRDA:11,1,0,0
BRDA:11,1,1,0
BRDA:14,2,0,0
BRDA:14,2,1,0
BRDA:14,3,0,0
BRDA:14,3,1,0
BRDA:14,3,2,0
BRDA:23,4,0,0
BRDA:23,4,1,0
BRF:11
BRH:0
end_of_record
TN:
SF:src/health/health.controller.ts
FN:9,(anonymous_2)
FN:18,(anonymous_3)
FN:20,(anonymous_4)
FNF:3
FNH:0
FNDA:0,(anonymous_2)
FNDA:0,(anonymous_3)
FNDA:0,(anonymous_4)
DA:1,0
DA:2,0
DA:3,0
DA:4,0
DA:8,0
DA:10,0
DA:11,0
DA:12,0
DA:18,0
DA:19,0
DA:20,0
LF:11
LH:0
BRDA:10,0,0,0
BRDA:10,0,1,0
BRDA:10,1,0,0
BRDA:10,1,1,0
BRDA:10,2,0,0
BRDA:10,2,1,0
BRDA:10,3,0,0
BRDA:10,3,1,0
BRDA:11,4,0,0
BRDA:11,4,1,0
BRDA:11,5,0,0
BRDA:11,5,1,0
BRF:12
BRH:0
end_of_record
TN:
SF:src/health/health.module.ts
FNF:0
FNH:0
DA:1,0
DA:2,0
DA:3,0
DA:4,0
DA:10,0
LF:5
LH:0
BRF:0
BRH:0
end_of_record
TN:
SF:src/prisma/prisma.module.ts
FNF:0
FNH:0
DA:1,0
DA:2,0
DA:9,0
LF:3
LH:0
BRF:0
BRH:0
end_of_record
TN:
SF:src/prisma/prisma.service.ts
FN:6,(anonymous_1)
FN:10,(anonymous_2)
FNF:2
FNH:0
FNDA:0,(anonymous_1)
FNDA:0,(anonymous_2)
DA:1,0
DA:2,0
DA:5,0
DA:7,0
DA:11,0
LF:5
LH:0
BRF:0
BRH:0
end_of_record
TN:
SF:src/realtime/realtime.module.ts
FNF:0
FNH:0
DA:1,1
DA:2,1
DA:3,1
DA:9,1
LF:4
LH:4
BRF:0
BRH:0
end_of_record
TN:
SF:src/realtime/events/event.types.ts
FN:1,(anonymous_0)
FN:9,(anonymous_1)
FNF:2
FNH:2
FNDA:1,(anonymous_0)
FNDA:1,(anonymous_1)
DA:1,1
DA:2,1
DA:3,1
DA:4,1
DA:5,1
DA:6,1
DA:9,1
DA:10,1
DA:11,1
DA:12,1
DA:13,1
DA:14,1
DA:15,1
DA:16,1
LF:14
LH:14
BRDA:1,0,0,1
BRDA:1,0,1,1
BRDA:9,1,0,1
BRDA:9,1,1,1
BRF:4
BRH:4
end_of_record
TN:
SF:src/realtime/gateway/game.gateway.ts
FN:31,(anonymous_4)
FN:33,(anonymous_5)
FN:39,(anonymous_6)
FN:44,(anonymous_7)
FN:55,(anonymous_8)
FN:69,(anonymous_9)
FN:115,(anonymous_10)
FN:124,(anonymous_11)
FN:136,(anonymous_12)
FN:166,(anonymous_13)
FN:203,(anonymous_14)
FNF:11
FNH:9
FNDA:1,(anonymous_4)
FNDA:1,(anonymous_5)
FNDA:6,(anonymous_6)
FNDA:6,(anonymous_7)
FNDA:0,(anonymous_8)
FNDA:6,(anonymous_9)
FNDA:0,(anonymous_10)
FNDA:1,(anonymous_11)
FNDA:1,(anonymous_12)
FNDA:1,(anonymous_13)
FNDA:2,(anonymous_14)
DA:1,1
DA:11,1
DA:12,1
DA:13,1
DA:14,1
DA:15,1
DA:16,1
DA:17,1
DA:25,1
DA:27,1
DA:29,1
DA:31,1
DA:35,1
DA:36,1
DA:40,6
DA:41,6
DA:45,6
DA:47,6
DA:48,6
DA:49,6
DA:50,6
DA:52,6
DA:55,6
DA:57,0
DA:58,0
DA:69,1
DA:73,6
DA:74,6
DA:75,0
DA:78,6
DA:79,6
DA:82,6
DA:83,6
DA:85,1
DA:86,1
DA:87,1
DA:88,1
DA:92,6
DA:93,5
DA:94,0
DA:98,5
DA:99,5
DA:102,5
DA:105,5
DA:106,5
DA:107,5
DA:115,1
DA:116,0
DA:117,0
DA:118,0
DA:119,0
DA:124,1
DA:126,1
DA:127,1
DA:128,1
DA:129,1
DA:130,1
DA:136,1
DA:140,1
DA:141,1
DA:142,0
DA:145,1
DA:146,1
DA:147,0
DA:150,1
DA:151,1
DA:152,1
DA:155,1
DA:161,0
DA:166,1
DA:170,1
DA:171,1
DA:172,0
DA:175,1
DA:176,1
DA:177,0
DA:180,1
DA:181,1
DA:182,0
DA:185,0
DA:191,0
DA:192,0
DA:199,1
DA:204,2
DA:205,2
DA:206,2
LF:86
LH:69
BRDA:41,0,0,6
BRDA:41,0,1,0
BRDA:48,1,0,6
BRDA:48,1,1,0
BRDA:50,2,0,6
BRDA:50,2,1,0
BRDA:74,3,0,0
BRDA:74,3,1,6
BRDA:74,4,0,6
BRDA:74,4,1,6
BRDA:83,5,0,1
BRDA:83,5,1,5
BRDA:83,6,0,6
BRDA:83,6,1,1
BRDA:86,7,0,1
BRDA:86,7,1,0
BRDA:93,8,0,0
BRDA:93,8,1,5
BRDA:106,9,0,5
BRDA:106,9,1,0
BRDA:117,10,0,0
BRDA:117,10,1,0
BRDA:127,11,0,1
BRDA:127,11,1,0
BRDA:129,12,0,1
BRDA:129,12,1,0
BRDA:141,13,0,0
BRDA:141,13,1,1
BRDA:141,14,0,1
BRDA:141,14,1,1
BRDA:146,15,0,0
BRDA:146,15,1,1
BRDA:171,16,0,0
BRDA:171,16,1,1
BRDA:171,17,0,1
BRDA:171,17,1,1
BRDA:176,18,0,0
BRDA:176,18,1,1
BRDA:191,19,0,0
BRDA:191,19,1,0
BRDA:27,20,0,1
BRDA:27,20,1,0
BRDA:27,21,0,1
BRDA:27,21,1,1
BRDA:70,22,0,1
BRDA:70,22,1,0
BRDA:70,23,0,1
BRDA:70,23,1,1
BRDA:70,24,0,0
BRDA:70,24,1,1
BRDA:70,25,0,1
BRDA:70,25,1,0
BRDA:115,26,0,1
BRDA:115,26,1,0
BRDA:115,27,0,1
BRDA:115,27,1,1
BRDA:124,28,0,1
BRDA:124,28,1,0
BRDA:124,29,0,1
BRDA:124,29,1,1
BRDA:137,30,0,1
BRDA:137,30,1,0
BRDA:137,31,0,1
BRDA:137,31,1,1
BRDA:137,32,0,0
BRDA:137,32,1,1
BRDA:137,33,0,1
BRDA:137,33,1,0
BRDA:167,34,0,1
BRDA:167,34,1,0
BRDA:167,35,0,1
BRDA:167,35,1,1
BRDA:167,36,0,0
BRDA:167,36,1,1
BRDA:167,37,0,1
BRDA:167,37,1,0
BRDA:31,38,0,1
BRDA:31,38,1,0
BRDA:31,39,0,1
BRDA:31,39,1,1
BRF:80
BRH:50
end_of_record
TN:
SF:src/realtime/middleware/ws-auth.middleware.ts
FN:6,(anonymous_9)
FN:7,(anonymous_10)
FNF:2
FNH:2
FNDA:1,(anonymous_9)
FNDA:7,(anonymous_10)
DA:2,1
DA:6,1
DA:7,1
DA:8,7
DA:9,7
DA:10,7
DA:11,0
DA:14,7
DA:15,7
DA:18,6
DA:19,6
DA:21,1
LF:12
LH:11
BRDA:9,0,0,7
BRDA:9,0,1,0
BRDA:10,1,0,0
BRDA:10,1,1,7
BRDA:14,2,0,7
BRDA:14,2,1,0
BRF:6
BRH:3
end_of_record
TN:
SF:src/realtime/rooms/room.manager.ts
FN:23,(anonymous_1)
FN:39,(anonymous_2)
FN:47,(anonymous_3)
FN:58,(anonymous_4)
FN:66,(anonymous_5)
FN:92,(anonymous_6)
FN:105,(anonymous_7)
FN:123,(anonymous_8)
FN:145,(anonymous_9)
FN:152,(anonymous_10)
FN:155,(anonymous_11)
FNF:11
FNH:8
FNDA:5,(anonymous_1)
FNDA:8,(anonymous_2)
FNDA:2,(anonymous_3)
FNDA:6,(anonymous_4)
FNDA:6,(anonymous_5)
FNDA:6,(anonymous_6)
FNDA:6,(anonymous_7)
FNDA:0,(anonymous_8)
FNDA:9,(anonymous_9)
FNDA:0,(anonymous_10)
FNDA:0,(anonymous_11)
DA:1,1
DA:4,1
DA:8,1
DA:9,1
DA:12,1
DA:15,1
DA:18,1
DA:24,5
DA:25,5
DA:32,5
DA:40,8
DA:41,8
DA:48,2
DA:49,2
DA:50,2
DA:51,2
DA:59,6
DA:60,6
DA:61,0
DA:62,0
DA:66,6
DA:67,6
DA:68,0
DA:69,0
DA:73,6
DA:76,6
DA:77,1
DA:78,1
DA:81,1
DA:82,0
DA:85,5
DA:86,5
DA:93,6
DA:94,1
DA:95,1
DA:98,5
DA:106,6
DA:107,6
DA:109,6
DA:110,6
DA:112,6
DA:114,6
DA:115,6
DA:120,6
DA:123,6
DA:124,0
DA:125,0
DA:126,0
DA:127,0
DA:128,0
DA:129,0
DA:130,0
DA:133,0
DA:138,6
DA:146,9
DA:153,0
DA:154,0
DA:155,0
DA:156,0
DA:159,0
DA:160,0
DA:161,0
DA:164,0
LF:63
LH:42
BRDA:24,0,0,5
BRDA:24,0,1,0
BRDA:41,1,0,8
BRDA:41,1,1,0
BRDA:49,2,0,2
BRDA:49,2,1,0
BRDA:60,3,0,0
BRDA:60,3,1,6
BRDA:67,4,0,0
BRDA:67,4,1,6
BRDA:76,5,0,1
BRDA:76,5,1,5
BRDA:94,6,0,1
BRDA:94,6,1,0
BRDA:94,7,0,1
BRDA:94,7,1,1
BRDA:107,8,0,0
BRDA:107,8,1,6
BRDA:112,9,0,6
BRDA:112,9,1,0
BRDA:125,10,0,0
BRDA:125,10,1,0
BRDA:129,11,0,0
BRDA:129,11,1,0
BRDA:146,12,0,9
BRDA:146,12,1,0
BRDA:154,13,0,0
BRDA:154,13,1,0
BRDA:160,14,0,0
BRDA:160,14,1,0
BRF:30
BRH:13
end_of_record
TN:
SF:src/realtime/serializer/state.compressor.ts
FN:9,(anonymous_9)
FN:18,(anonymous_10)
FNF:2
FNH:2
FNDA:6,(anonymous_9)
FNDA:2,(anonymous_10)
DA:1,1
DA:3,1
DA:5,1
DA:10,6
DA:11,6
DA:12,6
DA:19,2
DA:20,2
DA:21,2
DA:22,2
LF:10
LH:10
BRF:0
BRH:0
end_of_record
TN:
SF:src/referral/referral.controller.ts
FN:13,(anonymous_4)
FN:20,(anonymous_5)
FN:58,(anonymous_6)
FNF:3
FNH:0
FNDA:0,(anonymous_4)
FNDA:0,(anonymous_5)
FNDA:0,(anonymous_6)
DA:1,0
DA:2,0
DA:3,0
DA:4,0
DA:5,0
DA:6,0
DA:12,0
DA:14,0
DA:15,0
DA:20,0
DA:21,0
DA:26,0
DA:28,0
DA:32,0
DA:40,0
DA:58,0
DA:63,0
DA:74,0
LF:18
LH:0
BRDA:44,0,0,0
BRDA:44,0,1,0
BRDA:68,1,0,0
BRDA:68,1,1,0
BRDA:69,2,0,0
BRDA:69,2,1,0
BRDA:14,3,0,0
BRDA:14,3,1,0
BRDA:14,4,0,0
BRDA:14,4,1,0
BRDA:14,5,0,0
BRDA:14,5,1,0
BRDA:14,6,0,0
BRDA:14,6,1,0
BRF:14
BRH:0
end_of_record
TN:
SF:src/referral/referral.module.ts
FNF:0
FNH:0
DA:1,0
DA:2,0
DA:3,0
DA:4,0
DA:5,0
DA:6,0
DA:14,0
LF:7
LH:0
BRF:0
BRH:0
end_of_record
TN:
SF:src/referral/referral.service.ts
FN:11,(anonymous_2)
FN:21,(anonymous_3)
FNF:2
FNH:0
FNDA:0,(anonymous_2)
FNDA:0,(anonymous_3)
DA:1,0
DA:2,0
DA:3,0
DA:4,0
DA:5,0
DA:8,0
DA:9,0
DA:12,0
DA:13,0
DA:14,0
DA:22,0
DA:23,0
DA:24,0
DA:25,0
DA:27,0
DA:32,0
DA:36,0
DA:37,0
DA:47,0
DA:48,0
DA:49,0
DA:53,0
DA:62,0
DA:64,0
LF:24
LH:0
BRDA:24,0,0,0
BRDA:24,0,1,0
BRDA:25,1,0,0
BRDA:25,1,1,0
BRDA:32,2,0,0
BRDA:32,2,1,0
BRDA:32,3,0,0
BRDA:32,3,1,0
BRDA:47,4,0,0
BRDA:47,4,1,0
BRDA:59,5,0,0
BRDA:59,5,1,0
BRDA:12,6,0,0
BRDA:12,6,1,0
BRDA:12,7,0,0
BRDA:12,7,1,0
BRDA:12,8,0,0
BRDA:12,8,1,0
BRDA:12,9,0,0
BRDA:12,9,1,0
BRDA:13,10,0,0
BRDA:13,10,1,0
BRDA:13,11,0,0
BRDA:13,11,1,0
BRF:24
BRH:0
end_of_record
TN:
SF:src/referral/referral-config/referral-config.service.ts
FN:11,(anonymous_2)
FN:13,(anonymous_3)
FN:17,(anonymous_4)
FN:24,(anonymous_5)
FN:34,(anonymous_6)
FNF:5
FNH:0
FNDA:0,(anonymous_2)
FNDA:0,(anonymous_3)
FNDA:0,(anonymous_4)
FNDA:0,(anonymous_5)
FNDA:0,(anonymous_6)
DA:1,0
DA:2,0
DA:3,0
DA:4,0
DA:7,0
DA:8,0
DA:9,0
DA:11,0
DA:14,0
DA:18,0
DA:19,0
DA:21,0
DA:25,0
DA:26,0
DA:30,0
DA:31,0
DA:35,0
DA:36,0
DA:37,0
DA:38,0
DA:48,0
LF:21
LH:0
BRDA:18,0,0,0
BRDA:18,0,1,0
BRDA:36,1,0,0
BRDA:36,1,1,0
BRDA:11,2,0,0
BRDA:11,2,1,0
BRDA:11,3,0,0
BRDA:11,3,1,0
BRF:8
BRH:0
end_of_record
TN:
SF:src/users/users.controller.ts
FN:12,(anonymous_4)
FN:17,(anonymous_5)
FN:25,(anonymous_6)
FNF:3
FNH:0
FNDA:0,(anonymous_4)
FNDA:0,(anonymous_5)
FNDA:0,(anonymous_6)
DA:1,0
DA:2,0
DA:3,0
DA:4,0
DA:5,0
DA:6,0
DA:7,0
DA:11,0
DA:12,0
DA:17,0
DA:18,0
DA:25,0
DA:26,0
LF:13
LH:0
BRDA:12,0,0,0
BRDA:12,0,1,0
BRDA:12,1,0,0
BRDA:12,1,1,0
BRF:4
BRH:0
end_of_record
TN:
SF:src/users/users.module.ts
FNF:0
FNH:0
DA:1,0
DA:2,0
DA:3,0
DA:4,0
DA:11,0
LF:5
LH:0
BRF:0
BRH:0
end_of_record
TN:
SF:src/users/users.repository.ts
FN:7,(anonymous_2)
FN:9,(anonymous_3)
FN:13,(anonymous_4)
FN:17,(anonymous_5)
FN:21,(anonymous_6)
FNF:5
FNH:0
FNDA:0,(anonymous_2)
FNDA:0,(anonymous_3)
FNDA:0,(anonymous_4)
FNDA:0,(anonymous_5)
FNDA:0,(anonymous_6)
DA:1,0
DA:2,0
DA:6,0
DA:7,0
DA:10,0
DA:14,0
DA:18,0
DA:22,0
LF:8
LH:0
BRDA:7,0,0,0
BRDA:7,0,1,0
BRDA:7,1,0,0
BRDA:7,1,1,0
BRF:4
BRH:0
end_of_record
TN:
SF:src/users/users.service.ts
FN:7,(anonymous_2)
FN:9,(anonymous_3)
FN:13,(anonymous_4)
FN:17,(anonymous_5)
FN:21,(anonymous_6)
FNF:5
FNH:0
FNDA:0,(anonymous_2)
FNDA:0,(anonymous_3)
FNDA:0,(anonymous_4)
FNDA:0,(anonymous_5)
FNDA:0,(anonymous_6)
DA:1,0
DA:2,0
DA:6,0
DA:7,0
DA:10,0
DA:14,0
DA:18,0
DA:22,0
LF:8
LH:0
BRDA:7,0,0,0
BRDA:7,0,1,0
BRDA:7,1,0,0
BRDA:7,1,1,0
BRF:4
BRH:0
end_of_record
TN:
SF:src/wallet/wallet.controller.ts
FN:12,(anonymous_4)
FN:16,(anonymous_5)
FN:24,(anonymous_6)
FNF:3
FNH:0
FNDA:0,(anonymous_4)
FNDA:0,(anonymous_5)
FNDA:0,(anonymous_6)
DA:1,0
DA:2,0
DA:3,0
DA:4,0
DA:5,0
DA:11,0
DA:12,0
DA:16,0
DA:17,0
DA:24,0
DA:29,0
LF:11
LH:0
BRDA:29,0,0,0
BRDA:29,0,1,0
BRDA:29,1,0,0
BRDA:29,1,1,0
BRDA:12,2,0,0
BRDA:12,2,1,0
BRDA:12,3,0,0
BRDA:12,3,1,0
BRF:8
BRH:0
end_of_record
TN:
SF:src/wallet/wallet.module.ts
FNF:0
FNH:0
DA:1,0
DA:2,0
DA:3,0
DA:4,0
DA:12,0
LF:5
LH:0
BRF:0
BRH:0
end_of_record
TN:
SF:src/wallet/wallet.service.ts
FN:8,(anonymous_2)
FN:14,(anonymous_3)
FN:29,(anonymous_4)
FN:40,(anonymous_5)
FN:56,(anonymous_6)
FN:72,(anonymous_7)
FN:137,(anonymous_8)
FNF:7
FNH:0
FNDA:0,(anonymous_2)
FNDA:0,(anonymous_3)
FNDA:0,(anonymous_4)
FNDA:0,(anonymous_5)
FNDA:0,(anonymous_6)
FNDA:0,(anonymous_7)
FNDA:0,(anonymous_8)
DA:1,0
DA:2,0
DA:3,0
DA:4,0
DA:7,0
DA:8,0
DA:15,0
DA:21,0
DA:29,0
DA:30,0
DA:33,0
DA:45,0
DA:49,0
DA:65,0
DA:68,0
DA:69,0
DA:72,0
DA:74,0
DA:75,0
DA:79,0
DA:80,0
DA:89,0
DA:91,0
DA:96,0
DA:97,0
DA:98,0
DA:99,0
DA:104,0
DA:117,0
DA:128,0
DA:131,0
DA:138,0
DA:148,0
LF:33
LH:0
BRDA:30,0,0,0
BRDA:30,0,1,0
BRDA:49,1,0,0
BRDA:49,1,1,0
BRDA:68,2,0,0
BRDA:68,2,1,0
BRDA:74,3,0,0
BRDA:74,3,1,0
BRDA:79,4,0,0
BRDA:79,4,1,0
BRDA:89,5,0,0
BRDA:89,5,1,0
BRDA:96,6,0,0
BRDA:96,6,1,0
BRDA:98,7,0,0
BRDA:98,7,1,0
BRDA:123,8,0,0
BRDA:123,8,1,0
BRDA:124,9,0,0
BRDA:124,9,1,0
BRDA:131,10,0,0
BRDA:131,10,1,0
BRDA:137,11,0,0
BRDA:137,12,0,0
BRDA:8,13,0,0
BRDA:8,13,1,0
BRDA:8,14,0,0
BRDA:8,14,1,0
BRF:28
BRH:0
end_of_record
TN:
SF:src/withdrawal/withdrawal.controller.ts
FN:26,(anonymous_4)
FN:30,(anonymous_5)
FN:36,(anonymous_6)
FN:44,(anonymous_7)
FN:54,(anonymous_8)
FNF:5
FNH:0
FNDA:0,(anonymous_4)
FNDA:0,(anonymous_5)
FNDA:0,(anonymous_6)
FNDA:0,(anonymous_7)
FNDA:0,(anonymous_8)
DA:1,0
DA:2,0
DA:3,0
DA:4,0
DA:5,0
DA:6,0
DA:10,0
DA:14,0
DA:18,0
DA:25,0
DA:26,0
DA:30,0
DA:31,0
DA:36,0
DA:37,0
DA:44,0
DA:49,0
DA:54,0
DA:55,0
LF:19
LH:0
BRDA:49,0,0,0
BRDA:49,0,1,0
BRDA:49,1,0,0
BRDA:49,1,1,0
BRDA:26,2,0,0
BRDA:26,2,1,0
BRDA:26,3,0,0
BRDA:26,3,1,0
BRF:8
BRH:0
end_of_record
TN:
SF:src/withdrawal/withdrawal.module.ts
FNF:0
FNH:0
DA:1,0
DA:2,0
DA:3,0
DA:4,0
DA:5,0
DA:6,0
DA:14,0
LF:7
LH:0
BRF:0
BRH:0
end_of_record
TN:
SF:src/withdrawal/withdrawal.service.ts
FN:16,(anonymous_2)
FN:22,(anonymous_3)
FN:57,(anonymous_4)
FN:72,(anonymous_5)
FN:81,(anonymous_6)
FN:84,(anonymous_7)
FN:93,(anonymous_8)
FN:103,(anonymous_9)
FN:106,(anonymous_10)
FN:107,(anonymous_11)
FN:167,(anonymous_12)
FN:168,(anonymous_13)
FN:196,(anonymous_14)
FN:211,(anonymous_15)
FNF:14
FNH:0
FNDA:0,(anonymous_2)
FNDA:0,(anonymous_3)
FNDA:0,(anonymous_4)
FNDA:0,(anonymous_5)
FNDA:0,(anonymous_6)
FNDA:0,(anonymous_7)
FNDA:0,(anonymous_8)
FNDA:0,(anonymous_9)
FNDA:0,(anonymous_10)
FNDA:0,(anonymous_11)
FNDA:0,(anonymous_12)
FNDA:0,(anonymous_13)
FNDA:0,(anonymous_14)
FNDA:0,(anonymous_15)
DA:1,0
DA:2,0
DA:3,0
DA:4,0
DA:5,0
DA:6,0
DA:9,0
DA:10,0
DA:13,0
DA:14,0
DA:17,0
DA:18,0
DA:19,0
DA:23,0
DA:24,0
DA:27,0
DA:29,0
DA:30,0
DA:33,0
DA:34,0
DA:38,0
DA:39,0
DA:41,0
DA:42,0
DA:45,0
DA:58,0
DA:60,0
DA:61,0
DA:62,0
DA:63,0
DA:66,0
DA:73,0
DA:81,0
DA:85,0
DA:86,0
DA:87,0
DA:88,0
DA:94,0
DA:103,0
DA:107,0
DA:108,0
DA:110,0
DA:111,0
DA:112,0
DA:115,0
DA:117,0
DA:118,0
DA:119,0
DA:123,0
DA:124,0
DA:125,0
DA:130,0
DA:131,0
DA:132,0
DA:136,0
DA:147,0
DA:157,0
DA:163,0
DA:168,0
DA:169,0
DA:171,0
DA:172,0
DA:173,0
DA:176,0
DA:186,0
DA:192,0
DA:197,0
DA:198,0
DA:199,0
DA:202,0
DA:207,0
DA:208,0
DA:212,0
DA:217,0
DA:218,0
LF:75
LH:0
BRDA:23,0,0,0
BRDA:23,0,1,0
BRDA:23,1,0,0
BRDA:23,1,1,0
BRDA:29,2,0,0
BRDA:29,2,1,0
BRDA:33,3,0,0
BRDA:33,3,1,0
BRDA:41,4,0,0
BRDA:41,4,1,0
BRDA:60,5,0,0
BRDA:60,5,1,0
BRDA:61,6,0,0
BRDA:61,6,1,0
BRDA:62,7,0,0
BRDA:62,7,1,0
BRDA:72,8,0,0
BRDA:72,9,0,0
BRDA:86,10,0,0
BRDA:86,10,1,0
BRDA:87,11,0,0
BRDA:87,11,1,0
BRDA:87,12,0,0
BRDA:87,12,1,0
BRDA:93,13,0,0
BRDA:93,14,0,0
BRDA:110,15,0,0
BRDA:110,15,1,0
BRDA:111,16,0,0
BRDA:111,16,1,0
BRDA:115,17,0,0
BRDA:115,17,1,0
BRDA:118,18,0,0
BRDA:118,18,1,0
BRDA:118,19,0,0
BRDA:118,19,1,0
BRDA:123,20,0,0
BRDA:123,20,1,0
BRDA:124,21,0,0
BRDA:124,21,1,0
BRDA:131,22,0,0
BRDA:131,22,1,0
BRDA:171,23,0,0
BRDA:171,23,1,0
BRDA:172,24,0,0
BRDA:172,24,1,0
BRDA:198,25,0,0
BRDA:198,25,1,0
BRDA:198,26,0,0
BRDA:198,26,1,0
BRDA:17,27,0,0
BRDA:17,27,1,0
BRDA:17,28,0,0
BRDA:17,28,1,0
BRDA:17,29,0,0
BRDA:17,29,1,0
BRDA:17,30,0,0
BRDA:17,30,1,0
BRDA:18,31,0,0
BRDA:18,31,1,0
BRDA:18,32,0,0
BRDA:18,32,1,0
BRF:62
BRH:0
end_of_record
